{"C:\\datasience\\YearC\\final project\\new\\Smarketing-Backend\\dist\\src\\multer.config.js": {"path":"C:\\datasience\\YearC\\final project\\new\\Smarketing-Backend\\dist\\src\\multer.config.js","statementMap":{"0":{"start":{"line":2,"column":22},"end":{"line":4,"column":1}},"1":{"start":{"line":3,"column":4},"end":{"line":3,"column":62}},"2":{"start":{"line":5,"column":0},"end":{"line":5,"column":62}},"3":{"start":{"line":6,"column":17},"end":{"line":6,"column":51}},"4":{"start":{"line":7,"column":15},"end":{"line":7,"column":47}},"5":{"start":{"line":8,"column":13},"end":{"line":8,"column":43}},"6":{"start":{"line":9,"column":25},"end":{"line":13,"column":1}},"7":{"start":{"line":10,"column":4},"end":{"line":12,"column":5}},"8":{"start":{"line":11,"column":8},"end":{"line":11,"column":57}},"9":{"start":{"line":14,"column":0},"end":{"line":14,"column":45}},"10":{"start":{"line":15,"column":0},"end":{"line":15,"column":40}},"11":{"start":{"line":16,"column":16},"end":{"line":28,"column":2}},"12":{"start":{"line":18,"column":8},"end":{"line":23,"column":9}},"13":{"start":{"line":19,"column":12},"end":{"line":19,"column":45}},"14":{"start":{"line":22,"column":12},"end":{"line":22,"column":50}},"15":{"start":{"line":26,"column":8},"end":{"line":26,"column":73}},"16":{"start":{"line":29,"column":19},"end":{"line":34,"column":1}},"17":{"start":{"line":30,"column":4},"end":{"line":32,"column":5}},"18":{"start":{"line":31,"column":8},"end":{"line":31,"column":68}},"19":{"start":{"line":33,"column":4},"end":{"line":33,"column":19}},"20":{"start":{"line":35,"column":15},"end":{"line":39,"column":2}},"21":{"start":{"line":40,"column":0},"end":{"line":40,"column":25}}},"fnMap":{"0":{"name":"(anonymous_0)","decl":{"start":{"line":2,"column":56},"end":{"line":2,"column":57}},"loc":{"start":{"line":2,"column":71},"end":{"line":4,"column":1}},"line":2},"1":{"name":"(anonymous_1)","decl":{"start":{"line":9,"column":25},"end":{"line":9,"column":26}},"loc":{"start":{"line":9,"column":34},"end":{"line":13,"column":1}},"line":9},"2":{"name":"(anonymous_2)","decl":{"start":{"line":17,"column":17},"end":{"line":17,"column":18}},"loc":{"start":{"line":17,"column":36},"end":{"line":24,"column":5}},"line":17},"3":{"name":"(anonymous_3)","decl":{"start":{"line":25,"column":14},"end":{"line":25,"column":15}},"loc":{"start":{"line":25,"column":33},"end":{"line":27,"column":5}},"line":25},"4":{"name":"(anonymous_4)","decl":{"start":{"line":29,"column":19},"end":{"line":29,"column":20}},"loc":{"start":{"line":29,"column":38},"end":{"line":34,"column":1}},"line":29}},"branchMap":{"0":{"loc":{"start":{"line":2,"column":22},"end":{"line":4,"column":1}},"type":"binary-expr","locations":[{"start":{"line":2,"column":23},"end":{"line":2,"column":27}},{"start":{"line":2,"column":31},"end":{"line":2,"column":51}},{"start":{"line":2,"column":56},"end":{"line":4,"column":1}}],"line":2},"1":{"loc":{"start":{"line":3,"column":11},"end":{"line":3,"column":61}},"type":"cond-expr","locations":[{"start":{"line":3,"column":37},"end":{"line":3,"column":40}},{"start":{"line":3,"column":43},"end":{"line":3,"column":61}}],"line":3},"2":{"loc":{"start":{"line":3,"column":12},"end":{"line":3,"column":33}},"type":"binary-expr","locations":[{"start":{"line":3,"column":12},"end":{"line":3,"column":15}},{"start":{"line":3,"column":19},"end":{"line":3,"column":33}}],"line":3},"3":{"loc":{"start":{"line":10,"column":4},"end":{"line":12,"column":5}},"type":"if","locations":[{"start":{"line":10,"column":4},"end":{"line":12,"column":5}},{"start":{},"end":{}}],"line":10},"4":{"loc":{"start":{"line":18,"column":8},"end":{"line":23,"column":9}},"type":"if","locations":[{"start":{"line":18,"column":8},"end":{"line":23,"column":9}},{"start":{"line":21,"column":13},"end":{"line":23,"column":9}}],"line":18},"5":{"loc":{"start":{"line":30,"column":4},"end":{"line":32,"column":5}},"type":"if","locations":[{"start":{"line":30,"column":4},"end":{"line":32,"column":5}},{"start":{},"end":{}}],"line":30}},"s":{"0":5,"1":15,"2":5,"3":5,"4":5,"5":5,"6":5,"7":10,"8":0,"9":5,"10":5,"11":5,"12":0,"13":0,"14":0,"15":0,"16":5,"17":0,"18":0,"19":0,"20":5,"21":5},"f":{"0":15,"1":10,"2":0,"3":0,"4":0},"b":{"0":[5,5,5],"1":[0,15],"2":[15,15],"3":[0,10],"4":[0,0],"5":[0,0]},"inputSourceMap":null,"_coverageSchema":"1a1c01bbd47fc00a2c39e90264f33305004495a9","hash":"aa8fa8eeb61c082aeb5e031e9b8fe0c23c7e08b1"}
,"C:\\datasience\\YearC\\final project\\new\\Smarketing-Backend\\dist\\src\\server.js": {"path":"C:\\datasience\\YearC\\final project\\new\\Smarketing-Backend\\dist\\src\\server.js","statementMap":{"0":{"start":{"line":2,"column":22},"end":{"line":4,"column":1}},"1":{"start":{"line":3,"column":4},"end":{"line":3,"column":62}},"2":{"start":{"line":5,"column":0},"end":{"line":5,"column":62}},"3":{"start":{"line":6,"column":0},"end":{"line":6,"column":28}},"4":{"start":{"line":9,"column":17},"end":{"line":9,"column":51}},"5":{"start":{"line":10,"column":0},"end":{"line":10,"column":26}},"6":{"start":{"line":11,"column":19},"end":{"line":11,"column":55}},"7":{"start":{"line":12,"column":22},"end":{"line":12,"column":61}},"8":{"start":{"line":13,"column":18},"end":{"line":13,"column":53}},"9":{"start":{"line":14,"column":15},"end":{"line":14,"column":30}},"10":{"start":{"line":15,"column":23},"end":{"line":15,"column":72}},"11":{"start":{"line":16,"column":26},"end":{"line":16,"column":78}},"12":{"start":{"line":17,"column":23},"end":{"line":17,"column":72}},"13":{"start":{"line":18,"column":22},"end":{"line":18,"column":70}},"14":{"start":{"line":19,"column":22},"end":{"line":19,"column":70}},"15":{"start":{"line":20,"column":24},"end":{"line":20,"column":74}},"16":{"start":{"line":21,"column":24},"end":{"line":21,"column":65}},"17":{"start":{"line":22,"column":29},"end":{"line":22,"column":75}},"18":{"start":{"line":23,"column":15},"end":{"line":23,"column":47}},"19":{"start":{"line":24,"column":15},"end":{"line":24,"column":47}},"20":{"start":{"line":25,"column":0},"end":{"line":25,"column":63}},"21":{"start":{"line":26,"column":0},"end":{"line":26,"column":51}},"22":{"start":{"line":27,"column":17},"end":{"line":27,"column":36}},"23":{"start":{"line":28,"column":12},"end":{"line":28,"column":36}},"24":{"start":{"line":29,"column":19},"end":{"line":29,"column":48}},"25":{"start":{"line":30,"column":0},"end":{"line":30,"column":32}},"26":{"start":{"line":31,"column":0},"end":{"line":36,"column":4}},"27":{"start":{"line":38,"column":0},"end":{"line":38,"column":51}},"28":{"start":{"line":39,"column":0},"end":{"line":39,"column":73}},"29":{"start":{"line":40,"column":0},"end":{"line":40,"column":38}},"30":{"start":{"line":41,"column":0},"end":{"line":41,"column":62}},"31":{"start":{"line":42,"column":0},"end":{"line":42,"column":42}},"32":{"start":{"line":43,"column":0},"end":{"line":43,"column":48}},"33":{"start":{"line":44,"column":0},"end":{"line":44,"column":42}},"34":{"start":{"line":45,"column":0},"end":{"line":45,"column":40}},"35":{"start":{"line":46,"column":0},"end":{"line":46,"column":44}},"36":{"start":{"line":47,"column":0},"end":{"line":47,"column":126}},"37":{"start":{"line":48,"column":0},"end":{"line":48,"column":116}},"38":{"start":{"line":49,"column":0},"end":{"line":49,"column":90}},"39":{"start":{"line":53,"column":0},"end":{"line":53,"column":40}},"40":{"start":{"line":54,"column":0},"end":{"line":54,"column":57}},"41":{"start":{"line":55,"column":0},"end":{"line":55,"column":48}},"42":{"start":{"line":56,"column":16},"end":{"line":67,"column":1}},"43":{"start":{"line":68,"column":14},"end":{"line":68,"column":51}},"44":{"start":{"line":69,"column":0},"end":{"line":69,"column":100}},"45":{"start":{"line":70,"column":11},"end":{"line":70,"column":40}},"46":{"start":{"line":71,"column":0},"end":{"line":71,"column":48}},"47":{"start":{"line":71,"column":26},"end":{"line":71,"column":46}},"48":{"start":{"line":72,"column":0},"end":{"line":72,"column":60}},"49":{"start":{"line":72,"column":22},"end":{"line":72,"column":58}},"50":{"start":{"line":73,"column":16},"end":{"line":91,"column":1}},"51":{"start":{"line":74,"column":4},"end":{"line":90,"column":7}},"52":{"start":{"line":75,"column":8},"end":{"line":89,"column":9}},"53":{"start":{"line":76,"column":12},"end":{"line":76,"column":61}},"54":{"start":{"line":79,"column":12},"end":{"line":88,"column":15}},"55":{"start":{"line":83,"column":16},"end":{"line":83,"column":59}},"56":{"start":{"line":84,"column":16},"end":{"line":84,"column":29}},"57":{"start":{"line":87,"column":16},"end":{"line":87,"column":30}},"58":{"start":{"line":92,"column":0},"end":{"line":92,"column":26}}},"fnMap":{"0":{"name":"(anonymous_0)","decl":{"start":{"line":2,"column":56},"end":{"line":2,"column":57}},"loc":{"start":{"line":2,"column":71},"end":{"line":4,"column":1}},"line":2},"1":{"name":"(anonymous_1)","decl":{"start":{"line":71,"column":15},"end":{"line":71,"column":16}},"loc":{"start":{"line":71,"column":26},"end":{"line":71,"column":46}},"line":71},"2":{"name":"(anonymous_2)","decl":{"start":{"line":72,"column":16},"end":{"line":72,"column":17}},"loc":{"start":{"line":72,"column":22},"end":{"line":72,"column":58}},"line":72},"3":{"name":"(anonymous_3)","decl":{"start":{"line":73,"column":16},"end":{"line":73,"column":17}},"loc":{"start":{"line":73,"column":22},"end":{"line":91,"column":1}},"line":73},"4":{"name":"(anonymous_4)","decl":{"start":{"line":74,"column":23},"end":{"line":74,"column":24}},"loc":{"start":{"line":74,"column":44},"end":{"line":90,"column":5}},"line":74},"5":{"name":"(anonymous_5)","decl":{"start":{"line":81,"column":22},"end":{"line":81,"column":23}},"loc":{"start":{"line":81,"column":28},"end":{"line":85,"column":13}},"line":81},"6":{"name":"(anonymous_6)","decl":{"start":{"line":86,"column":23},"end":{"line":86,"column":24}},"loc":{"start":{"line":86,"column":34},"end":{"line":88,"column":13}},"line":86}},"branchMap":{"0":{"loc":{"start":{"line":2,"column":22},"end":{"line":4,"column":1}},"type":"binary-expr","locations":[{"start":{"line":2,"column":23},"end":{"line":2,"column":27}},{"start":{"line":2,"column":31},"end":{"line":2,"column":51}},{"start":{"line":2,"column":56},"end":{"line":4,"column":1}}],"line":2},"1":{"loc":{"start":{"line":3,"column":11},"end":{"line":3,"column":61}},"type":"cond-expr","locations":[{"start":{"line":3,"column":37},"end":{"line":3,"column":40}},{"start":{"line":3,"column":43},"end":{"line":3,"column":61}}],"line":3},"2":{"loc":{"start":{"line":3,"column":12},"end":{"line":3,"column":33}},"type":"binary-expr","locations":[{"start":{"line":3,"column":12},"end":{"line":3,"column":15}},{"start":{"line":3,"column":19},"end":{"line":3,"column":33}}],"line":3},"3":{"loc":{"start":{"line":75,"column":8},"end":{"line":89,"column":9}},"type":"if","locations":[{"start":{"line":75,"column":8},"end":{"line":89,"column":9}},{"start":{"line":78,"column":13},"end":{"line":89,"column":9}}],"line":75}},"s":{"0":5,"1":70,"2":5,"3":5,"4":5,"5":5,"6":5,"7":5,"8":5,"9":5,"10":5,"11":5,"12":5,"13":5,"14":5,"15":5,"16":5,"17":5,"18":5,"19":5,"20":5,"21":5,"22":5,"23":5,"24":5,"25":5,"26":5,"27":5,"28":5,"29":5,"30":5,"31":5,"32":5,"33":5,"34":5,"35":5,"36":5,"37":5,"38":5,"39":5,"40":5,"41":5,"42":5,"43":5,"44":5,"45":5,"46":5,"47":0,"48":5,"49":5,"50":5,"51":5,"52":5,"53":0,"54":5,"55":5,"56":5,"57":0,"58":5},"f":{"0":70,"1":0,"2":5,"3":5,"4":5,"5":5,"6":0},"b":{"0":[5,5,5],"1":[30,40],"2":[70,70],"3":[0,5]},"inputSourceMap":null,"_coverageSchema":"1a1c01bbd47fc00a2c39e90264f33305004495a9","hash":"338f1e964b0556dd55f72a6b3d69bbc8a3d14ea5"}
,"C:\\datasience\\YearC\\final project\\new\\Smarketing-Backend\\dist\\src\\socket.js": {"path":"C:\\datasience\\YearC\\final project\\new\\Smarketing-Backend\\dist\\src\\socket.js","statementMap":{"0":{"start":{"line":2,"column":16},"end":{"line":10,"column":1}},"1":{"start":{"line":3,"column":28},"end":{"line":3,"column":110}},"2":{"start":{"line":3,"column":91},"end":{"line":3,"column":106}},"3":{"start":{"line":4,"column":4},"end":{"line":9,"column":7}},"4":{"start":{"line":5,"column":36},"end":{"line":5,"column":97}},"5":{"start":{"line":5,"column":42},"end":{"line":5,"column":70}},"6":{"start":{"line":5,"column":85},"end":{"line":5,"column":95}},"7":{"start":{"line":6,"column":35},"end":{"line":6,"column":100}},"8":{"start":{"line":6,"column":41},"end":{"line":6,"column":73}},"9":{"start":{"line":6,"column":88},"end":{"line":6,"column":98}},"10":{"start":{"line":7,"column":32},"end":{"line":7,"column":116}},"11":{"start":{"line":8,"column":8},"end":{"line":8,"column":78}},"12":{"start":{"line":11,"column":22},"end":{"line":13,"column":1}},"13":{"start":{"line":12,"column":4},"end":{"line":12,"column":62}},"14":{"start":{"line":14,"column":0},"end":{"line":14,"column":62}},"15":{"start":{"line":15,"column":0},"end":{"line":15,"column":34}},"16":{"start":{"line":16,"column":20},"end":{"line":16,"column":40}},"17":{"start":{"line":17,"column":23},"end":{"line":17,"column":63}},"18":{"start":{"line":18,"column":23},"end":{"line":18,"column":73}},"19":{"start":{"line":19,"column":23},"end":{"line":19,"column":73}},"20":{"start":{"line":20,"column":21},"end":{"line":20,"column":23}},"21":{"start":{"line":21,"column":25},"end":{"line":174,"column":1}},"22":{"start":{"line":22,"column":15},"end":{"line":30,"column":6}},"23":{"start":{"line":32,"column":4},"end":{"line":50,"column":7}},"24":{"start":{"line":33,"column":22},"end":{"line":33,"column":49}},"25":{"start":{"line":34,"column":8},"end":{"line":36,"column":9}},"26":{"start":{"line":35,"column":12},"end":{"line":35,"column":70}},"27":{"start":{"line":37,"column":8},"end":{"line":49,"column":9}},"28":{"start":{"line":39,"column":28},"end":{"line":39,"column":90}},"29":{"start":{"line":40,"column":12},"end":{"line":42,"column":13}},"30":{"start":{"line":41,"column":16},"end":{"line":41,"column":87}},"31":{"start":{"line":43,"column":12},"end":{"line":43,"column":45}},"32":{"start":{"line":44,"column":12},"end":{"line":44,"column":19}},"33":{"start":{"line":47,"column":12},"end":{"line":47,"column":55}},"34":{"start":{"line":48,"column":12},"end":{"line":48,"column":68}},"35":{"start":{"line":51,"column":4},"end":{"line":172,"column":8}},"36":{"start":{"line":51,"column":36},"end":{"line":172,"column":6}},"37":{"start":{"line":53,"column":8},"end":{"line":56,"column":11}},"38":{"start":{"line":58,"column":30},"end":{"line":58,"column":69}},"39":{"start":{"line":58,"column":57},"end":{"line":58,"column":68}},"40":{"start":{"line":59,"column":28},"end":{"line":68,"column":10}},"41":{"start":{"line":69,"column":8},"end":{"line":69,"column":44}},"42":{"start":{"line":71,"column":8},"end":{"line":84,"column":12}},"43":{"start":{"line":71,"column":42},"end":{"line":84,"column":10}},"44":{"start":{"line":72,"column":34},"end":{"line":72,"column":73}},"45":{"start":{"line":72,"column":61},"end":{"line":72,"column":72}},"46":{"start":{"line":73,"column":32},"end":{"line":82,"column":14}},"47":{"start":{"line":83,"column":12},"end":{"line":83,"column":52}},"48":{"start":{"line":86,"column":8},"end":{"line":99,"column":12}},"49":{"start":{"line":86,"column":46},"end":{"line":99,"column":10}},"50":{"start":{"line":87,"column":12},"end":{"line":98,"column":13}},"51":{"start":{"line":88,"column":33},"end":{"line":93,"column":41}},"52":{"start":{"line":94,"column":16},"end":{"line":94,"column":54}},"53":{"start":{"line":97,"column":16},"end":{"line":97,"column":93}},"54":{"start":{"line":101,"column":8},"end":{"line":126,"column":12}},"55":{"start":{"line":101,"column":47},"end":{"line":126,"column":10}},"56":{"start":{"line":102,"column":12},"end":{"line":125,"column":13}},"57":{"start":{"line":104,"column":32},"end":{"line":110,"column":18}},"58":{"start":{"line":111,"column":16},"end":{"line":111,"column":37}},"59":{"start":{"line":113,"column":40},"end":{"line":113,"column":101}},"60":{"start":{"line":113,"column":68},"end":{"line":113,"column":100}},"61":{"start":{"line":114,"column":16},"end":{"line":119,"column":17}},"62":{"start":{"line":115,"column":20},"end":{"line":118,"column":23}},"63":{"start":{"line":121,"column":16},"end":{"line":121,"column":53}},"64":{"start":{"line":124,"column":16},"end":{"line":124,"column":82}},"65":{"start":{"line":128,"column":8},"end":{"line":135,"column":11}},"66":{"start":{"line":129,"column":36},"end":{"line":129,"column":97}},"67":{"start":{"line":129,"column":64},"end":{"line":129,"column":96}},"68":{"start":{"line":130,"column":12},"end":{"line":134,"column":13}},"69":{"start":{"line":131,"column":16},"end":{"line":133,"column":19}},"70":{"start":{"line":137,"column":8},"end":{"line":154,"column":12}},"71":{"start":{"line":137,"column":41},"end":{"line":154,"column":10}},"72":{"start":{"line":138,"column":12},"end":{"line":153,"column":13}},"73":{"start":{"line":139,"column":16},"end":{"line":143,"column":45}},"74":{"start":{"line":144,"column":37},"end":{"line":144,"column":95}},"75":{"start":{"line":144,"column":65},"end":{"line":144,"column":94}},"76":{"start":{"line":145,"column":16},"end":{"line":149,"column":17}},"77":{"start":{"line":146,"column":20},"end":{"line":148,"column":23}},"78":{"start":{"line":152,"column":16},"end":{"line":152,"column":72}},"79":{"start":{"line":156,"column":8},"end":{"line":171,"column":12}},"80":{"start":{"line":156,"column":38},"end":{"line":171,"column":10}},"81":{"start":{"line":157,"column":12},"end":{"line":157,"column":88}},"82":{"start":{"line":157,"column":59},"end":{"line":157,"column":86}},"83":{"start":{"line":159,"column":34},"end":{"line":159,"column":73}},"84":{"start":{"line":159,"column":61},"end":{"line":159,"column":72}},"85":{"start":{"line":160,"column":32},"end":{"line":169,"column":14}},"86":{"start":{"line":170,"column":12},"end":{"line":170,"column":48}},"87":{"start":{"line":173,"column":4},"end":{"line":173,"column":14}},"88":{"start":{"line":175,"column":0},"end":{"line":175,"column":44}}},"fnMap":{"0":{"name":"(anonymous_0)","decl":{"start":{"line":2,"column":44},"end":{"line":2,"column":45}},"loc":{"start":{"line":2,"column":89},"end":{"line":10,"column":1}},"line":2},"1":{"name":"adopt","decl":{"start":{"line":3,"column":13},"end":{"line":3,"column":18}},"loc":{"start":{"line":3,"column":26},"end":{"line":3,"column":112}},"line":3},"2":{"name":"(anonymous_2)","decl":{"start":{"line":3,"column":70},"end":{"line":3,"column":71}},"loc":{"start":{"line":3,"column":89},"end":{"line":3,"column":108}},"line":3},"3":{"name":"(anonymous_3)","decl":{"start":{"line":4,"column":36},"end":{"line":4,"column":37}},"loc":{"start":{"line":4,"column":63},"end":{"line":9,"column":5}},"line":4},"4":{"name":"fulfilled","decl":{"start":{"line":5,"column":17},"end":{"line":5,"column":26}},"loc":{"start":{"line":5,"column":34},"end":{"line":5,"column":99}},"line":5},"5":{"name":"rejected","decl":{"start":{"line":6,"column":17},"end":{"line":6,"column":25}},"loc":{"start":{"line":6,"column":33},"end":{"line":6,"column":102}},"line":6},"6":{"name":"step","decl":{"start":{"line":7,"column":17},"end":{"line":7,"column":21}},"loc":{"start":{"line":7,"column":30},"end":{"line":7,"column":118}},"line":7},"7":{"name":"(anonymous_7)","decl":{"start":{"line":11,"column":56},"end":{"line":11,"column":57}},"loc":{"start":{"line":11,"column":71},"end":{"line":13,"column":1}},"line":11},"8":{"name":"(anonymous_8)","decl":{"start":{"line":21,"column":25},"end":{"line":21,"column":26}},"loc":{"start":{"line":21,"column":37},"end":{"line":174,"column":1}},"line":21},"9":{"name":"(anonymous_9)","decl":{"start":{"line":32,"column":11},"end":{"line":32,"column":12}},"loc":{"start":{"line":32,"column":29},"end":{"line":50,"column":5}},"line":32},"10":{"name":"(anonymous_10)","decl":{"start":{"line":51,"column":24},"end":{"line":51,"column":25}},"loc":{"start":{"line":51,"column":36},"end":{"line":172,"column":6}},"line":51},"11":{"name":"(anonymous_11)","decl":{"start":{"line":51,"column":70},"end":{"line":51,"column":71}},"loc":{"start":{"line":51,"column":83},"end":{"line":172,"column":5}},"line":51},"12":{"name":"(anonymous_12)","decl":{"start":{"line":58,"column":49},"end":{"line":58,"column":50}},"loc":{"start":{"line":58,"column":57},"end":{"line":58,"column":68}},"line":58},"13":{"name":"(anonymous_13)","decl":{"start":{"line":71,"column":36},"end":{"line":71,"column":37}},"loc":{"start":{"line":71,"column":42},"end":{"line":84,"column":10}},"line":71},"14":{"name":"(anonymous_14)","decl":{"start":{"line":71,"column":76},"end":{"line":71,"column":77}},"loc":{"start":{"line":71,"column":89},"end":{"line":84,"column":9}},"line":71},"15":{"name":"(anonymous_15)","decl":{"start":{"line":72,"column":53},"end":{"line":72,"column":54}},"loc":{"start":{"line":72,"column":61},"end":{"line":72,"column":72}},"line":72},"16":{"name":"(anonymous_16)","decl":{"start":{"line":86,"column":36},"end":{"line":86,"column":37}},"loc":{"start":{"line":86,"column":46},"end":{"line":99,"column":10}},"line":86},"17":{"name":"(anonymous_17)","decl":{"start":{"line":86,"column":80},"end":{"line":86,"column":81}},"loc":{"start":{"line":86,"column":93},"end":{"line":99,"column":9}},"line":86},"18":{"name":"(anonymous_18)","decl":{"start":{"line":101,"column":37},"end":{"line":101,"column":38}},"loc":{"start":{"line":101,"column":47},"end":{"line":126,"column":10}},"line":101},"19":{"name":"(anonymous_19)","decl":{"start":{"line":101,"column":81},"end":{"line":101,"column":82}},"loc":{"start":{"line":101,"column":94},"end":{"line":126,"column":9}},"line":101},"20":{"name":"(anonymous_20)","decl":{"start":{"line":113,"column":60},"end":{"line":113,"column":61}},"loc":{"start":{"line":113,"column":68},"end":{"line":113,"column":100}},"line":113},"21":{"name":"(anonymous_21)","decl":{"start":{"line":128,"column":28},"end":{"line":128,"column":29}},"loc":{"start":{"line":128,"column":38},"end":{"line":135,"column":9}},"line":128},"22":{"name":"(anonymous_22)","decl":{"start":{"line":129,"column":56},"end":{"line":129,"column":57}},"loc":{"start":{"line":129,"column":64},"end":{"line":129,"column":96}},"line":129},"23":{"name":"(anonymous_23)","decl":{"start":{"line":137,"column":31},"end":{"line":137,"column":32}},"loc":{"start":{"line":137,"column":41},"end":{"line":154,"column":10}},"line":137},"24":{"name":"(anonymous_24)","decl":{"start":{"line":137,"column":75},"end":{"line":137,"column":76}},"loc":{"start":{"line":137,"column":88},"end":{"line":154,"column":9}},"line":137},"25":{"name":"(anonymous_25)","decl":{"start":{"line":144,"column":57},"end":{"line":144,"column":58}},"loc":{"start":{"line":144,"column":65},"end":{"line":144,"column":94}},"line":144},"26":{"name":"(anonymous_26)","decl":{"start":{"line":156,"column":32},"end":{"line":156,"column":33}},"loc":{"start":{"line":156,"column":38},"end":{"line":171,"column":10}},"line":156},"27":{"name":"(anonymous_27)","decl":{"start":{"line":156,"column":72},"end":{"line":156,"column":73}},"loc":{"start":{"line":156,"column":85},"end":{"line":171,"column":9}},"line":156},"28":{"name":"(anonymous_28)","decl":{"start":{"line":157,"column":51},"end":{"line":157,"column":52}},"loc":{"start":{"line":157,"column":59},"end":{"line":157,"column":86}},"line":157},"29":{"name":"(anonymous_29)","decl":{"start":{"line":159,"column":53},"end":{"line":159,"column":54}},"loc":{"start":{"line":159,"column":61},"end":{"line":159,"column":72}},"line":159}},"branchMap":{"0":{"loc":{"start":{"line":2,"column":16},"end":{"line":10,"column":1}},"type":"binary-expr","locations":[{"start":{"line":2,"column":17},"end":{"line":2,"column":21}},{"start":{"line":2,"column":25},"end":{"line":2,"column":39}},{"start":{"line":2,"column":44},"end":{"line":10,"column":1}}],"line":2},"1":{"loc":{"start":{"line":3,"column":35},"end":{"line":3,"column":109}},"type":"cond-expr","locations":[{"start":{"line":3,"column":56},"end":{"line":3,"column":61}},{"start":{"line":3,"column":64},"end":{"line":3,"column":109}}],"line":3},"2":{"loc":{"start":{"line":4,"column":16},"end":{"line":4,"column":34}},"type":"binary-expr","locations":[{"start":{"line":4,"column":16},"end":{"line":4,"column":17}},{"start":{"line":4,"column":22},"end":{"line":4,"column":33}}],"line":4},"3":{"loc":{"start":{"line":7,"column":32},"end":{"line":7,"column":115}},"type":"cond-expr","locations":[{"start":{"line":7,"column":46},"end":{"line":7,"column":67}},{"start":{"line":7,"column":70},"end":{"line":7,"column":115}}],"line":7},"4":{"loc":{"start":{"line":8,"column":51},"end":{"line":8,"column":67}},"type":"binary-expr","locations":[{"start":{"line":8,"column":51},"end":{"line":8,"column":61}},{"start":{"line":8,"column":65},"end":{"line":8,"column":67}}],"line":8},"5":{"loc":{"start":{"line":11,"column":22},"end":{"line":13,"column":1}},"type":"binary-expr","locations":[{"start":{"line":11,"column":23},"end":{"line":11,"column":27}},{"start":{"line":11,"column":31},"end":{"line":11,"column":51}},{"start":{"line":11,"column":56},"end":{"line":13,"column":1}}],"line":11},"6":{"loc":{"start":{"line":12,"column":11},"end":{"line":12,"column":61}},"type":"cond-expr","locations":[{"start":{"line":12,"column":37},"end":{"line":12,"column":40}},{"start":{"line":12,"column":43},"end":{"line":12,"column":61}}],"line":12},"7":{"loc":{"start":{"line":12,"column":12},"end":{"line":12,"column":33}},"type":"binary-expr","locations":[{"start":{"line":12,"column":12},"end":{"line":12,"column":15}},{"start":{"line":12,"column":19},"end":{"line":12,"column":33}}],"line":12},"8":{"loc":{"start":{"line":34,"column":8},"end":{"line":36,"column":9}},"type":"if","locations":[{"start":{"line":34,"column":8},"end":{"line":36,"column":9}},{"start":{},"end":{}}],"line":34},"9":{"loc":{"start":{"line":40,"column":12},"end":{"line":42,"column":13}},"type":"if","locations":[{"start":{"line":40,"column":12},"end":{"line":42,"column":13}},{"start":{},"end":{}}],"line":40},"10":{"loc":{"start":{"line":114,"column":16},"end":{"line":119,"column":17}},"type":"if","locations":[{"start":{"line":114,"column":16},"end":{"line":119,"column":17}},{"start":{},"end":{}}],"line":114},"11":{"loc":{"start":{"line":130,"column":12},"end":{"line":134,"column":13}},"type":"if","locations":[{"start":{"line":130,"column":12},"end":{"line":134,"column":13}},{"start":{},"end":{}}],"line":130},"12":{"loc":{"start":{"line":145,"column":16},"end":{"line":149,"column":17}},"type":"if","locations":[{"start":{"line":145,"column":16},"end":{"line":149,"column":17}},{"start":{},"end":{}}],"line":145}},"s":{"0":5,"1":0,"2":0,"3":0,"4":0,"5":0,"6":0,"7":0,"8":0,"9":0,"10":0,"11":0,"12":5,"13":15,"14":5,"15":5,"16":5,"17":5,"18":5,"19":5,"20":5,"21":5,"22":5,"23":5,"24":0,"25":0,"26":0,"27":0,"28":0,"29":0,"30":0,"31":0,"32":0,"33":0,"34":0,"35":5,"36":0,"37":0,"38":0,"39":0,"40":0,"41":0,"42":0,"43":0,"44":0,"45":0,"46":0,"47":0,"48":0,"49":0,"50":0,"51":0,"52":0,"53":0,"54":0,"55":0,"56":0,"57":0,"58":0,"59":0,"60":0,"61":0,"62":0,"63":0,"64":0,"65":0,"66":0,"67":0,"68":0,"69":0,"70":0,"71":0,"72":0,"73":0,"74":0,"75":0,"76":0,"77":0,"78":0,"79":0,"80":0,"81":0,"82":0,"83":0,"84":0,"85":0,"86":0,"87":5,"88":5},"f":{"0":0,"1":0,"2":0,"3":0,"4":0,"5":0,"6":0,"7":15,"8":5,"9":0,"10":0,"11":0,"12":0,"13":0,"14":0,"15":0,"16":0,"17":0,"18":0,"19":0,"20":0,"21":0,"22":0,"23":0,"24":0,"25":0,"26":0,"27":0,"28":0,"29":0},"b":{"0":[5,5,5],"1":[0,0],"2":[0,0],"3":[0,0],"4":[0,0],"5":[5,5,5],"6":[10,5],"7":[15,15],"8":[0,0],"9":[0,0],"10":[0,0],"11":[0,0],"12":[0,0]},"inputSourceMap":null,"_coverageSchema":"1a1c01bbd47fc00a2c39e90264f33305004495a9","hash":"ccf6f5d9588ed516b3a618f53937e2920744f49e"}
,"C:\\datasience\\YearC\\final project\\new\\Smarketing-Backend\\dist\\src\\controllers\\auth_controller.js": {"path":"C:\\datasience\\YearC\\final project\\new\\Smarketing-Backend\\dist\\src\\controllers\\auth_controller.js","statementMap":{"0":{"start":{"line":2,"column":16},"end":{"line":10,"column":1}},"1":{"start":{"line":3,"column":28},"end":{"line":3,"column":110}},"2":{"start":{"line":3,"column":91},"end":{"line":3,"column":106}},"3":{"start":{"line":4,"column":4},"end":{"line":9,"column":7}},"4":{"start":{"line":5,"column":36},"end":{"line":5,"column":97}},"5":{"start":{"line":5,"column":42},"end":{"line":5,"column":70}},"6":{"start":{"line":5,"column":85},"end":{"line":5,"column":95}},"7":{"start":{"line":6,"column":35},"end":{"line":6,"column":100}},"8":{"start":{"line":6,"column":41},"end":{"line":6,"column":73}},"9":{"start":{"line":6,"column":88},"end":{"line":6,"column":98}},"10":{"start":{"line":7,"column":32},"end":{"line":7,"column":116}},"11":{"start":{"line":8,"column":8},"end":{"line":8,"column":78}},"12":{"start":{"line":11,"column":22},"end":{"line":13,"column":1}},"13":{"start":{"line":12,"column":4},"end":{"line":12,"column":62}},"14":{"start":{"line":14,"column":0},"end":{"line":14,"column":62}},"15":{"start":{"line":15,"column":0},"end":{"line":15,"column":32}},"16":{"start":{"line":16,"column":23},"end":{"line":16,"column":74}},"17":{"start":{"line":17,"column":17},"end":{"line":17,"column":51}},"18":{"start":{"line":18,"column":23},"end":{"line":18,"column":63}},"19":{"start":{"line":19,"column":18},"end":{"line":19,"column":36}},"20":{"start":{"line":20,"column":30},"end":{"line":20,"column":60}},"21":{"start":{"line":21,"column":17},"end":{"line":21,"column":51}},"22":{"start":{"line":22,"column":13},"end":{"line":22,"column":43}},"23":{"start":{"line":23,"column":15},"end":{"line":23,"column":47}},"24":{"start":{"line":24,"column":19},"end":{"line":24,"column":55}},"25":{"start":{"line":25,"column":17},"end":{"line":25,"column":51}},"26":{"start":{"line":26,"column":0},"end":{"line":26,"column":26}},"27":{"start":{"line":27,"column":15},"end":{"line":27,"column":83}},"28":{"start":{"line":28,"column":21},"end":{"line":84,"column":2}},"29":{"start":{"line":28,"column":35},"end":{"line":84,"column":2}},"30":{"start":{"line":29,"column":23},"end":{"line":29,"column":42}},"31":{"start":{"line":30,"column":4},"end":{"line":34,"column":5}},"32":{"start":{"line":31,"column":8},"end":{"line":31,"column":45}},"33":{"start":{"line":32,"column":8},"end":{"line":32,"column":58}},"34":{"start":{"line":33,"column":8},"end":{"line":33,"column":15}},"35":{"start":{"line":35,"column":4},"end":{"line":83,"column":5}},"36":{"start":{"line":36,"column":8},"end":{"line":36,"column":52}},"37":{"start":{"line":37,"column":23},"end":{"line":40,"column":10}},"38":{"start":{"line":41,"column":24},"end":{"line":41,"column":43}},"39":{"start":{"line":42,"column":8},"end":{"line":42,"column":51}},"40":{"start":{"line":43,"column":8},"end":{"line":47,"column":9}},"41":{"start":{"line":44,"column":12},"end":{"line":44,"column":78}},"42":{"start":{"line":45,"column":12},"end":{"line":45,"column":57}},"43":{"start":{"line":46,"column":12},"end":{"line":46,"column":19}},"44":{"start":{"line":48,"column":22},"end":{"line":48,"column":35}},"45":{"start":{"line":49,"column":19},"end":{"line":49,"column":66}},"46":{"start":{"line":50,"column":8},"end":{"line":65,"column":9}},"47":{"start":{"line":51,"column":35},"end":{"line":51,"column":83}},"48":{"start":{"line":52,"column":12},"end":{"line":52,"column":51}},"49":{"start":{"line":53,"column":12},"end":{"line":58,"column":15}},"50":{"start":{"line":61,"column":12},"end":{"line":64,"column":13}},"51":{"start":{"line":62,"column":16},"end":{"line":62,"column":54}},"52":{"start":{"line":63,"column":16},"end":{"line":63,"column":34}},"53":{"start":{"line":66,"column":8},"end":{"line":66,"column":56}},"54":{"start":{"line":67,"column":23},"end":{"line":67,"column":48}},"55":{"start":{"line":68,"column":8},"end":{"line":78,"column":11}},"56":{"start":{"line":81,"column":8},"end":{"line":81,"column":52}},"57":{"start":{"line":82,"column":8},"end":{"line":82,"column":55}},"58":{"start":{"line":85,"column":22},"end":{"line":98,"column":2}},"59":{"start":{"line":85,"column":32},"end":{"line":98,"column":2}},"60":{"start":{"line":86,"column":24},"end":{"line":88,"column":6}},"61":{"start":{"line":89,"column":25},"end":{"line":89,"column":97}},"62":{"start":{"line":90,"column":4},"end":{"line":95,"column":5}},"63":{"start":{"line":91,"column":8},"end":{"line":91,"column":43}},"64":{"start":{"line":94,"column":8},"end":{"line":94,"column":45}},"65":{"start":{"line":96,"column":4},"end":{"line":96,"column":22}},"66":{"start":{"line":97,"column":4},"end":{"line":97,"column":41}},"67":{"start":{"line":99,"column":17},"end":{"line":115,"column":2}},"68":{"start":{"line":99,"column":31},"end":{"line":115,"column":2}},"69":{"start":{"line":100,"column":4},"end":{"line":114,"column":5}},"70":{"start":{"line":101,"column":46},"end":{"line":101,"column":54}},"71":{"start":{"line":102,"column":21},"end":{"line":102,"column":55}},"72":{"start":{"line":103,"column":31},"end":{"line":103,"column":74}},"73":{"start":{"line":104,"column":21},"end":{"line":109,"column":10}},"74":{"start":{"line":110,"column":8},"end":{"line":110,"column":35}},"75":{"start":{"line":113,"column":8},"end":{"line":113,"column":34}},"76":{"start":{"line":116,"column":20},"end":{"line":134,"column":1}},"77":{"start":{"line":117,"column":4},"end":{"line":119,"column":5}},"78":{"start":{"line":118,"column":8},"end":{"line":118,"column":20}},"79":{"start":{"line":121,"column":19},"end":{"line":121,"column":43}},"80":{"start":{"line":122,"column":24},"end":{"line":125,"column":74}},"81":{"start":{"line":126,"column":25},"end":{"line":129,"column":82}},"82":{"start":{"line":130,"column":4},"end":{"line":133,"column":6}},"83":{"start":{"line":135,"column":14},"end":{"line":180,"column":2}},"84":{"start":{"line":135,"column":28},"end":{"line":180,"column":2}},"85":{"start":{"line":136,"column":4},"end":{"line":179,"column":5}},"86":{"start":{"line":137,"column":21},"end":{"line":137,"column":84}},"87":{"start":{"line":138,"column":8},"end":{"line":141,"column":9}},"88":{"start":{"line":139,"column":12},"end":{"line":139,"column":59}},"89":{"start":{"line":140,"column":12},"end":{"line":140,"column":19}},"90":{"start":{"line":142,"column":8},"end":{"line":145,"column":9}},"91":{"start":{"line":143,"column":12},"end":{"line":143,"column":59}},"92":{"start":{"line":144,"column":12},"end":{"line":144,"column":19}},"93":{"start":{"line":146,"column":30},"end":{"line":146,"column":94}},"94":{"start":{"line":147,"column":8},"end":{"line":150,"column":9}},"95":{"start":{"line":148,"column":12},"end":{"line":148,"column":59}},"96":{"start":{"line":149,"column":12},"end":{"line":149,"column":19}},"97":{"start":{"line":151,"column":8},"end":{"line":151,"column":50}},"98":{"start":{"line":152,"column":8},"end":{"line":155,"column":9}},"99":{"start":{"line":153,"column":12},"end":{"line":153,"column":49}},"100":{"start":{"line":154,"column":12},"end":{"line":154,"column":19}},"101":{"start":{"line":157,"column":23},"end":{"line":157,"column":44}},"102":{"start":{"line":158,"column":8},"end":{"line":161,"column":9}},"103":{"start":{"line":159,"column":12},"end":{"line":159,"column":49}},"104":{"start":{"line":160,"column":12},"end":{"line":160,"column":19}},"105":{"start":{"line":162,"column":8},"end":{"line":164,"column":9}},"106":{"start":{"line":163,"column":12},"end":{"line":163,"column":35}},"107":{"start":{"line":165,"column":8},"end":{"line":165,"column":52}},"108":{"start":{"line":166,"column":8},"end":{"line":166,"column":26}},"109":{"start":{"line":167,"column":8},"end":{"line":175,"column":11}},"110":{"start":{"line":178,"column":8},"end":{"line":178,"column":34}},"111":{"start":{"line":181,"column":27},"end":{"line":223,"column":1}},"112":{"start":{"line":182,"column":4},"end":{"line":222,"column":7}},"113":{"start":{"line":184,"column":8},"end":{"line":187,"column":9}},"114":{"start":{"line":185,"column":12},"end":{"line":185,"column":27}},"115":{"start":{"line":186,"column":12},"end":{"line":186,"column":19}},"116":{"start":{"line":189,"column":8},"end":{"line":192,"column":9}},"117":{"start":{"line":190,"column":12},"end":{"line":190,"column":27}},"118":{"start":{"line":191,"column":12},"end":{"line":191,"column":19}},"119":{"start":{"line":193,"column":8},"end":{"line":221,"column":12}},"120":{"start":{"line":193,"column":96},"end":{"line":221,"column":10}},"121":{"start":{"line":194,"column":12},"end":{"line":197,"column":13}},"122":{"start":{"line":195,"column":16},"end":{"line":195,"column":31}},"123":{"start":{"line":196,"column":16},"end":{"line":196,"column":23}},"124":{"start":{"line":199,"column":27},"end":{"line":199,"column":38}},"125":{"start":{"line":200,"column":12},"end":{"line":220,"column":13}},"126":{"start":{"line":202,"column":29},"end":{"line":202,"column":74}},"127":{"start":{"line":203,"column":16},"end":{"line":206,"column":17}},"128":{"start":{"line":204,"column":20},"end":{"line":204,"column":35}},"129":{"start":{"line":205,"column":20},"end":{"line":205,"column":27}},"130":{"start":{"line":207,"column":16},"end":{"line":212,"column":17}},"131":{"start":{"line":208,"column":20},"end":{"line":208,"column":43}},"132":{"start":{"line":209,"column":20},"end":{"line":209,"column":38}},"133":{"start":{"line":210,"column":20},"end":{"line":210,"column":35}},"134":{"start":{"line":211,"column":20},"end":{"line":211,"column":27}},"135":{"start":{"line":213,"column":31},"end":{"line":213,"column":90}},"136":{"start":{"line":213,"column":67},"end":{"line":213,"column":89}},"137":{"start":{"line":214,"column":16},"end":{"line":214,"column":43}},"138":{"start":{"line":215,"column":16},"end":{"line":215,"column":30}},"139":{"start":{"line":218,"column":16},"end":{"line":218,"column":31}},"140":{"start":{"line":219,"column":16},"end":{"line":219,"column":23}},"141":{"start":{"line":224,"column":15},"end":{"line":233,"column":2}},"142":{"start":{"line":224,"column":29},"end":{"line":233,"column":2}},"143":{"start":{"line":225,"column":4},"end":{"line":232,"column":5}},"144":{"start":{"line":226,"column":21},"end":{"line":226,"column":68}},"145":{"start":{"line":227,"column":8},"end":{"line":227,"column":26}},"146":{"start":{"line":228,"column":8},"end":{"line":228,"column":40}},"147":{"start":{"line":231,"column":8},"end":{"line":231,"column":37}},"148":{"start":{"line":234,"column":16},"end":{"line":261,"column":2}},"149":{"start":{"line":234,"column":30},"end":{"line":261,"column":2}},"150":{"start":{"line":235,"column":4},"end":{"line":260,"column":5}},"151":{"start":{"line":236,"column":21},"end":{"line":236,"column":68}},"152":{"start":{"line":237,"column":8},"end":{"line":240,"column":9}},"153":{"start":{"line":238,"column":12},"end":{"line":238,"column":41}},"154":{"start":{"line":239,"column":12},"end":{"line":239,"column":19}},"155":{"start":{"line":241,"column":23},"end":{"line":241,"column":44}},"156":{"start":{"line":242,"column":8},"end":{"line":245,"column":9}},"157":{"start":{"line":243,"column":12},"end":{"line":243,"column":49}},"158":{"start":{"line":244,"column":12},"end":{"line":244,"column":19}},"159":{"start":{"line":246,"column":8},"end":{"line":248,"column":9}},"160":{"start":{"line":247,"column":12},"end":{"line":247,"column":35}},"161":{"start":{"line":249,"column":8},"end":{"line":249,"column":52}},"162":{"start":{"line":250,"column":8},"end":{"line":250,"column":26}},"163":{"start":{"line":251,"column":8},"end":{"line":255,"column":11}},"164":{"start":{"line":259,"column":8},"end":{"line":259,"column":37}},"165":{"start":{"line":262,"column":23},"end":{"line":283,"column":1}},"166":{"start":{"line":263,"column":26},"end":{"line":263,"column":53}},"167":{"start":{"line":264,"column":18},"end":{"line":264,"column":62}},"168":{"start":{"line":265,"column":4},"end":{"line":265,"column":50}},"169":{"start":{"line":266,"column":4},"end":{"line":269,"column":5}},"170":{"start":{"line":267,"column":8},"end":{"line":267,"column":46}},"171":{"start":{"line":268,"column":8},"end":{"line":268,"column":15}},"172":{"start":{"line":270,"column":4},"end":{"line":273,"column":5}},"173":{"start":{"line":271,"column":8},"end":{"line":271,"column":45}},"174":{"start":{"line":272,"column":8},"end":{"line":272,"column":15}},"175":{"start":{"line":274,"column":4},"end":{"line":282,"column":5}},"176":{"start":{"line":275,"column":24},"end":{"line":275,"column":86}},"177":{"start":{"line":276,"column":8},"end":{"line":276,"column":40}},"178":{"start":{"line":277,"column":8},"end":{"line":277,"column":15}},"179":{"start":{"line":280,"column":8},"end":{"line":280,"column":46}},"180":{"start":{"line":281,"column":8},"end":{"line":281,"column":15}},"181":{"start":{"line":284,"column":0},"end":{"line":284,"column":40}},"182":{"start":{"line":285,"column":22},"end":{"line":331,"column":2}},"183":{"start":{"line":285,"column":36},"end":{"line":331,"column":2}},"184":{"start":{"line":286,"column":4},"end":{"line":330,"column":5}},"185":{"start":{"line":287,"column":8},"end":{"line":287,"column":50}},"186":{"start":{"line":288,"column":23},"end":{"line":288,"column":36}},"187":{"start":{"line":289,"column":8},"end":{"line":289,"column":54}},"188":{"start":{"line":290,"column":8},"end":{"line":293,"column":9}},"189":{"start":{"line":291,"column":12},"end":{"line":291,"column":65}},"190":{"start":{"line":292,"column":12},"end":{"line":292,"column":19}},"191":{"start":{"line":294,"column":21},"end":{"line":294,"column":66}},"192":{"start":{"line":295,"column":8},"end":{"line":295,"column":50}},"193":{"start":{"line":296,"column":8},"end":{"line":299,"column":9}},"194":{"start":{"line":297,"column":12},"end":{"line":297,"column":64}},"195":{"start":{"line":298,"column":12},"end":{"line":298,"column":19}},"196":{"start":{"line":300,"column":29},"end":{"line":300,"column":37}},"197":{"start":{"line":301,"column":21},"end":{"line":301,"column":29}},"198":{"start":{"line":302,"column":8},"end":{"line":312,"column":9}},"199":{"start":{"line":303,"column":31},"end":{"line":303,"column":96}},"200":{"start":{"line":304,"column":12},"end":{"line":310,"column":13}},"201":{"start":{"line":306,"column":37},"end":{"line":306,"column":98}},"202":{"start":{"line":307,"column":16},"end":{"line":309,"column":17}},"203":{"start":{"line":308,"column":20},"end":{"line":308,"column":58}},"204":{"start":{"line":311,"column":12},"end":{"line":311,"column":78}},"205":{"start":{"line":313,"column":8},"end":{"line":314,"column":37}},"206":{"start":{"line":314,"column":12},"end":{"line":314,"column":37}},"207":{"start":{"line":315,"column":8},"end":{"line":315,"column":26}},"208":{"start":{"line":316,"column":8},"end":{"line":325,"column":11}},"209":{"start":{"line":328,"column":8},"end":{"line":328,"column":52}},"210":{"start":{"line":329,"column":8},"end":{"line":329,"column":64}},"211":{"start":{"line":332,"column":20},"end":{"line":346,"column":2}},"212":{"start":{"line":332,"column":34},"end":{"line":346,"column":2}},"213":{"start":{"line":333,"column":19},"end":{"line":333,"column":32}},"214":{"start":{"line":334,"column":4},"end":{"line":345,"column":5}},"215":{"start":{"line":335,"column":21},"end":{"line":335,"column":86}},"216":{"start":{"line":336,"column":8},"end":{"line":339,"column":9}},"217":{"start":{"line":337,"column":12},"end":{"line":337,"column":64}},"218":{"start":{"line":338,"column":12},"end":{"line":338,"column":19}},"219":{"start":{"line":340,"column":8},"end":{"line":340,"column":35}},"220":{"start":{"line":343,"column":8},"end":{"line":343,"column":54}},"221":{"start":{"line":344,"column":8},"end":{"line":344,"column":58}},"222":{"start":{"line":347,"column":0},"end":{"line":357,"column":2}}},"fnMap":{"0":{"name":"(anonymous_0)","decl":{"start":{"line":2,"column":44},"end":{"line":2,"column":45}},"loc":{"start":{"line":2,"column":89},"end":{"line":10,"column":1}},"line":2},"1":{"name":"adopt","decl":{"start":{"line":3,"column":13},"end":{"line":3,"column":18}},"loc":{"start":{"line":3,"column":26},"end":{"line":3,"column":112}},"line":3},"2":{"name":"(anonymous_2)","decl":{"start":{"line":3,"column":70},"end":{"line":3,"column":71}},"loc":{"start":{"line":3,"column":89},"end":{"line":3,"column":108}},"line":3},"3":{"name":"(anonymous_3)","decl":{"start":{"line":4,"column":36},"end":{"line":4,"column":37}},"loc":{"start":{"line":4,"column":63},"end":{"line":9,"column":5}},"line":4},"4":{"name":"fulfilled","decl":{"start":{"line":5,"column":17},"end":{"line":5,"column":26}},"loc":{"start":{"line":5,"column":34},"end":{"line":5,"column":99}},"line":5},"5":{"name":"rejected","decl":{"start":{"line":6,"column":17},"end":{"line":6,"column":25}},"loc":{"start":{"line":6,"column":33},"end":{"line":6,"column":102}},"line":6},"6":{"name":"step","decl":{"start":{"line":7,"column":17},"end":{"line":7,"column":21}},"loc":{"start":{"line":7,"column":30},"end":{"line":7,"column":118}},"line":7},"7":{"name":"(anonymous_7)","decl":{"start":{"line":11,"column":56},"end":{"line":11,"column":57}},"loc":{"start":{"line":11,"column":71},"end":{"line":13,"column":1}},"line":11},"8":{"name":"(anonymous_8)","decl":{"start":{"line":28,"column":21},"end":{"line":28,"column":22}},"loc":{"start":{"line":28,"column":35},"end":{"line":84,"column":2}},"line":28},"9":{"name":"(anonymous_9)","decl":{"start":{"line":28,"column":69},"end":{"line":28,"column":70}},"loc":{"start":{"line":28,"column":82},"end":{"line":84,"column":1}},"line":28},"10":{"name":"(anonymous_10)","decl":{"start":{"line":85,"column":22},"end":{"line":85,"column":23}},"loc":{"start":{"line":85,"column":32},"end":{"line":98,"column":2}},"line":85},"11":{"name":"(anonymous_11)","decl":{"start":{"line":85,"column":66},"end":{"line":85,"column":67}},"loc":{"start":{"line":85,"column":79},"end":{"line":98,"column":1}},"line":85},"12":{"name":"(anonymous_12)","decl":{"start":{"line":99,"column":17},"end":{"line":99,"column":18}},"loc":{"start":{"line":99,"column":31},"end":{"line":115,"column":2}},"line":99},"13":{"name":"(anonymous_13)","decl":{"start":{"line":99,"column":65},"end":{"line":99,"column":66}},"loc":{"start":{"line":99,"column":78},"end":{"line":115,"column":1}},"line":99},"14":{"name":"(anonymous_14)","decl":{"start":{"line":116,"column":20},"end":{"line":116,"column":21}},"loc":{"start":{"line":116,"column":32},"end":{"line":134,"column":1}},"line":116},"15":{"name":"(anonymous_15)","decl":{"start":{"line":135,"column":14},"end":{"line":135,"column":15}},"loc":{"start":{"line":135,"column":28},"end":{"line":180,"column":2}},"line":135},"16":{"name":"(anonymous_16)","decl":{"start":{"line":135,"column":62},"end":{"line":135,"column":63}},"loc":{"start":{"line":135,"column":75},"end":{"line":180,"column":1}},"line":135},"17":{"name":"(anonymous_17)","decl":{"start":{"line":181,"column":27},"end":{"line":181,"column":28}},"loc":{"start":{"line":181,"column":45},"end":{"line":223,"column":1}},"line":181},"18":{"name":"(anonymous_18)","decl":{"start":{"line":182,"column":23},"end":{"line":182,"column":24}},"loc":{"start":{"line":182,"column":44},"end":{"line":222,"column":5}},"line":182},"19":{"name":"(anonymous_19)","decl":{"start":{"line":193,"column":78},"end":{"line":193,"column":79}},"loc":{"start":{"line":193,"column":96},"end":{"line":221,"column":10}},"line":193},"20":{"name":"(anonymous_20)","decl":{"start":{"line":193,"column":130},"end":{"line":193,"column":131}},"loc":{"start":{"line":193,"column":143},"end":{"line":221,"column":9}},"line":193},"21":{"name":"(anonymous_21)","decl":{"start":{"line":213,"column":56},"end":{"line":213,"column":57}},"loc":{"start":{"line":213,"column":67},"end":{"line":213,"column":89}},"line":213},"22":{"name":"(anonymous_22)","decl":{"start":{"line":224,"column":15},"end":{"line":224,"column":16}},"loc":{"start":{"line":224,"column":29},"end":{"line":233,"column":2}},"line":224},"23":{"name":"(anonymous_23)","decl":{"start":{"line":224,"column":63},"end":{"line":224,"column":64}},"loc":{"start":{"line":224,"column":76},"end":{"line":233,"column":1}},"line":224},"24":{"name":"(anonymous_24)","decl":{"start":{"line":234,"column":16},"end":{"line":234,"column":17}},"loc":{"start":{"line":234,"column":30},"end":{"line":261,"column":2}},"line":234},"25":{"name":"(anonymous_25)","decl":{"start":{"line":234,"column":64},"end":{"line":234,"column":65}},"loc":{"start":{"line":234,"column":77},"end":{"line":261,"column":1}},"line":234},"26":{"name":"(anonymous_26)","decl":{"start":{"line":262,"column":23},"end":{"line":262,"column":24}},"loc":{"start":{"line":262,"column":43},"end":{"line":283,"column":1}},"line":262},"27":{"name":"(anonymous_27)","decl":{"start":{"line":285,"column":22},"end":{"line":285,"column":23}},"loc":{"start":{"line":285,"column":36},"end":{"line":331,"column":2}},"line":285},"28":{"name":"(anonymous_28)","decl":{"start":{"line":285,"column":70},"end":{"line":285,"column":71}},"loc":{"start":{"line":285,"column":83},"end":{"line":331,"column":1}},"line":285},"29":{"name":"(anonymous_29)","decl":{"start":{"line":332,"column":20},"end":{"line":332,"column":21}},"loc":{"start":{"line":332,"column":34},"end":{"line":346,"column":2}},"line":332},"30":{"name":"(anonymous_30)","decl":{"start":{"line":332,"column":68},"end":{"line":332,"column":69}},"loc":{"start":{"line":332,"column":81},"end":{"line":346,"column":1}},"line":332}},"branchMap":{"0":{"loc":{"start":{"line":2,"column":16},"end":{"line":10,"column":1}},"type":"binary-expr","locations":[{"start":{"line":2,"column":17},"end":{"line":2,"column":21}},{"start":{"line":2,"column":25},"end":{"line":2,"column":39}},{"start":{"line":2,"column":44},"end":{"line":10,"column":1}}],"line":2},"1":{"loc":{"start":{"line":3,"column":35},"end":{"line":3,"column":109}},"type":"cond-expr","locations":[{"start":{"line":3,"column":56},"end":{"line":3,"column":61}},{"start":{"line":3,"column":64},"end":{"line":3,"column":109}}],"line":3},"2":{"loc":{"start":{"line":4,"column":16},"end":{"line":4,"column":34}},"type":"binary-expr","locations":[{"start":{"line":4,"column":16},"end":{"line":4,"column":17}},{"start":{"line":4,"column":22},"end":{"line":4,"column":33}}],"line":4},"3":{"loc":{"start":{"line":7,"column":32},"end":{"line":7,"column":115}},"type":"cond-expr","locations":[{"start":{"line":7,"column":46},"end":{"line":7,"column":67}},{"start":{"line":7,"column":70},"end":{"line":7,"column":115}}],"line":7},"4":{"loc":{"start":{"line":8,"column":51},"end":{"line":8,"column":67}},"type":"binary-expr","locations":[{"start":{"line":8,"column":51},"end":{"line":8,"column":61}},{"start":{"line":8,"column":65},"end":{"line":8,"column":67}}],"line":8},"5":{"loc":{"start":{"line":11,"column":22},"end":{"line":13,"column":1}},"type":"binary-expr","locations":[{"start":{"line":11,"column":23},"end":{"line":11,"column":27}},{"start":{"line":11,"column":31},"end":{"line":11,"column":51}},{"start":{"line":11,"column":56},"end":{"line":13,"column":1}}],"line":11},"6":{"loc":{"start":{"line":12,"column":11},"end":{"line":12,"column":61}},"type":"cond-expr","locations":[{"start":{"line":12,"column":37},"end":{"line":12,"column":40}},{"start":{"line":12,"column":43},"end":{"line":12,"column":61}}],"line":12},"7":{"loc":{"start":{"line":12,"column":12},"end":{"line":12,"column":33}},"type":"binary-expr","locations":[{"start":{"line":12,"column":12},"end":{"line":12,"column":15}},{"start":{"line":12,"column":19},"end":{"line":12,"column":33}}],"line":12},"8":{"loc":{"start":{"line":30,"column":4},"end":{"line":34,"column":5}},"type":"if","locations":[{"start":{"line":30,"column":4},"end":{"line":34,"column":5}},{"start":{},"end":{}}],"line":30},"9":{"loc":{"start":{"line":43,"column":8},"end":{"line":47,"column":9}},"type":"if","locations":[{"start":{"line":43,"column":8},"end":{"line":47,"column":9}},{"start":{},"end":{}}],"line":43},"10":{"loc":{"start":{"line":43,"column":12},"end":{"line":43,"column":38}},"type":"binary-expr","locations":[{"start":{"line":43,"column":12},"end":{"line":43,"column":20}},{"start":{"line":43,"column":24},"end":{"line":43,"column":38}}],"line":43},"11":{"loc":{"start":{"line":50,"column":8},"end":{"line":65,"column":9}},"type":"if","locations":[{"start":{"line":50,"column":8},"end":{"line":65,"column":9}},{"start":{"line":60,"column":13},"end":{"line":65,"column":9}}],"line":50},"12":{"loc":{"start":{"line":61,"column":12},"end":{"line":64,"column":13}},"type":"if","locations":[{"start":{"line":61,"column":12},"end":{"line":64,"column":13}},{"start":{},"end":{}}],"line":61},"13":{"loc":{"start":{"line":73,"column":32},"end":{"line":75,"column":52}},"type":"cond-expr","locations":[{"start":{"line":74,"column":22},"end":{"line":74,"column":41}},{"start":{"line":75,"column":22},"end":{"line":75,"column":52}}],"line":73},"14":{"loc":{"start":{"line":90,"column":4},"end":{"line":95,"column":5}},"type":"if","locations":[{"start":{"line":90,"column":4},"end":{"line":95,"column":5}},{"start":{"line":93,"column":9},"end":{"line":95,"column":5}}],"line":90},"15":{"loc":{"start":{"line":117,"column":4},"end":{"line":119,"column":5}},"type":"if","locations":[{"start":{"line":117,"column":4},"end":{"line":119,"column":5}},{"start":{},"end":{}}],"line":117},"16":{"loc":{"start":{"line":138,"column":8},"end":{"line":141,"column":9}},"type":"if","locations":[{"start":{"line":138,"column":8},"end":{"line":141,"column":9}},{"start":{},"end":{}}],"line":138},"17":{"loc":{"start":{"line":142,"column":8},"end":{"line":145,"column":9}},"type":"if","locations":[{"start":{"line":142,"column":8},"end":{"line":145,"column":9}},{"start":{},"end":{}}],"line":142},"18":{"loc":{"start":{"line":147,"column":8},"end":{"line":150,"column":9}},"type":"if","locations":[{"start":{"line":147,"column":8},"end":{"line":150,"column":9}},{"start":{},"end":{}}],"line":147},"19":{"loc":{"start":{"line":152,"column":8},"end":{"line":155,"column":9}},"type":"if","locations":[{"start":{"line":152,"column":8},"end":{"line":155,"column":9}},{"start":{},"end":{}}],"line":152},"20":{"loc":{"start":{"line":158,"column":8},"end":{"line":161,"column":9}},"type":"if","locations":[{"start":{"line":158,"column":8},"end":{"line":161,"column":9}},{"start":{},"end":{}}],"line":158},"21":{"loc":{"start":{"line":162,"column":8},"end":{"line":164,"column":9}},"type":"if","locations":[{"start":{"line":162,"column":8},"end":{"line":164,"column":9}},{"start":{},"end":{}}],"line":162},"22":{"loc":{"start":{"line":172,"column":28},"end":{"line":174,"column":22}},"type":"cond-expr","locations":[{"start":{"line":173,"column":18},"end":{"line":173,"column":64}},{"start":{"line":174,"column":18},"end":{"line":174,"column":22}}],"line":172},"23":{"loc":{"start":{"line":184,"column":8},"end":{"line":187,"column":9}},"type":"if","locations":[{"start":{"line":184,"column":8},"end":{"line":187,"column":9}},{"start":{},"end":{}}],"line":184},"24":{"loc":{"start":{"line":189,"column":8},"end":{"line":192,"column":9}},"type":"if","locations":[{"start":{"line":189,"column":8},"end":{"line":192,"column":9}},{"start":{},"end":{}}],"line":189},"25":{"loc":{"start":{"line":194,"column":12},"end":{"line":197,"column":13}},"type":"if","locations":[{"start":{"line":194,"column":12},"end":{"line":197,"column":13}},{"start":{},"end":{}}],"line":194},"26":{"loc":{"start":{"line":203,"column":16},"end":{"line":206,"column":17}},"type":"if","locations":[{"start":{"line":203,"column":16},"end":{"line":206,"column":17}},{"start":{},"end":{}}],"line":203},"27":{"loc":{"start":{"line":207,"column":16},"end":{"line":212,"column":17}},"type":"if","locations":[{"start":{"line":207,"column":16},"end":{"line":212,"column":17}},{"start":{},"end":{}}],"line":207},"28":{"loc":{"start":{"line":207,"column":20},"end":{"line":207,"column":83}},"type":"binary-expr","locations":[{"start":{"line":207,"column":20},"end":{"line":207,"column":38}},{"start":{"line":207,"column":42},"end":{"line":207,"column":83}}],"line":207},"29":{"loc":{"start":{"line":237,"column":8},"end":{"line":240,"column":9}},"type":"if","locations":[{"start":{"line":237,"column":8},"end":{"line":240,"column":9}},{"start":{},"end":{}}],"line":237},"30":{"loc":{"start":{"line":242,"column":8},"end":{"line":245,"column":9}},"type":"if","locations":[{"start":{"line":242,"column":8},"end":{"line":245,"column":9}},{"start":{},"end":{}}],"line":242},"31":{"loc":{"start":{"line":246,"column":8},"end":{"line":248,"column":9}},"type":"if","locations":[{"start":{"line":246,"column":8},"end":{"line":248,"column":9}},{"start":{},"end":{}}],"line":246},"32":{"loc":{"start":{"line":264,"column":18},"end":{"line":264,"column":62}},"type":"binary-expr","locations":[{"start":{"line":264,"column":18},"end":{"line":264,"column":31}},{"start":{"line":264,"column":35},"end":{"line":264,"column":62}}],"line":264},"33":{"loc":{"start":{"line":266,"column":4},"end":{"line":269,"column":5}},"type":"if","locations":[{"start":{"line":266,"column":4},"end":{"line":269,"column":5}},{"start":{},"end":{}}],"line":266},"34":{"loc":{"start":{"line":270,"column":4},"end":{"line":273,"column":5}},"type":"if","locations":[{"start":{"line":270,"column":4},"end":{"line":273,"column":5}},{"start":{},"end":{}}],"line":270},"35":{"loc":{"start":{"line":290,"column":8},"end":{"line":293,"column":9}},"type":"if","locations":[{"start":{"line":290,"column":8},"end":{"line":293,"column":9}},{"start":{},"end":{}}],"line":290},"36":{"loc":{"start":{"line":296,"column":8},"end":{"line":299,"column":9}},"type":"if","locations":[{"start":{"line":296,"column":8},"end":{"line":299,"column":9}},{"start":{},"end":{}}],"line":296},"37":{"loc":{"start":{"line":302,"column":8},"end":{"line":312,"column":9}},"type":"if","locations":[{"start":{"line":302,"column":8},"end":{"line":312,"column":9}},{"start":{},"end":{}}],"line":302},"38":{"loc":{"start":{"line":304,"column":12},"end":{"line":310,"column":13}},"type":"if","locations":[{"start":{"line":304,"column":12},"end":{"line":310,"column":13}},{"start":{},"end":{}}],"line":304},"39":{"loc":{"start":{"line":304,"column":16},"end":{"line":305,"column":75}},"type":"binary-expr","locations":[{"start":{"line":304,"column":16},"end":{"line":304,"column":35}},{"start":{"line":305,"column":16},"end":{"line":305,"column":75}}],"line":304},"40":{"loc":{"start":{"line":307,"column":16},"end":{"line":309,"column":17}},"type":"if","locations":[{"start":{"line":307,"column":16},"end":{"line":309,"column":17}},{"start":{},"end":{}}],"line":307},"41":{"loc":{"start":{"line":313,"column":8},"end":{"line":314,"column":37}},"type":"if","locations":[{"start":{"line":313,"column":8},"end":{"line":314,"column":37}},{"start":{},"end":{}}],"line":313},"42":{"loc":{"start":{"line":321,"column":32},"end":{"line":323,"column":26}},"type":"cond-expr","locations":[{"start":{"line":322,"column":22},"end":{"line":322,"column":68}},{"start":{"line":323,"column":22},"end":{"line":323,"column":26}}],"line":321},"43":{"loc":{"start":{"line":336,"column":8},"end":{"line":339,"column":9}},"type":"if","locations":[{"start":{"line":336,"column":8},"end":{"line":339,"column":9}},{"start":{},"end":{}}],"line":336}},"s":{"0":5,"1":70,"2":22,"3":45,"4":62,"5":62,"6":0,"7":8,"8":8,"9":0,"10":115,"11":45,"12":5,"13":40,"14":5,"15":5,"16":5,"17":5,"18":5,"19":5,"20":5,"21":5,"22":5,"23":5,"24":5,"25":5,"26":5,"27":5,"28":5,"29":2,"30":2,"31":2,"32":2,"33":2,"34":2,"35":0,"36":0,"37":0,"38":0,"39":0,"40":0,"41":0,"42":0,"43":0,"44":0,"45":0,"46":0,"47":0,"48":0,"49":0,"50":0,"51":0,"52":0,"53":0,"54":0,"55":0,"56":0,"57":0,"58":5,"59":4,"60":4,"61":4,"62":4,"63":1,"64":3,"65":4,"66":4,"67":5,"68":5,"69":5,"70":5,"71":5,"72":5,"73":4,"74":2,"75":3,"76":5,"77":10,"78":1,"79":9,"80":9,"81":9,"82":9,"83":5,"84":12,"85":12,"86":12,"87":12,"88":3,"89":3,"90":9,"91":1,"92":1,"93":8,"94":8,"95":2,"96":2,"97":6,"98":6,"99":1,"100":1,"101":5,"102":5,"103":0,"104":0,"105":5,"106":0,"107":5,"108":5,"109":5,"110":0,"111":5,"112":9,"113":9,"114":1,"115":1,"116":8,"117":0,"118":0,"119":8,"120":8,"121":8,"122":1,"123":1,"124":7,"125":7,"126":7,"127":7,"128":0,"129":0,"130":7,"131":3,"132":3,"133":3,"134":3,"135":4,"136":6,"137":4,"138":4,"139":0,"140":0,"141":5,"142":2,"143":2,"144":2,"145":1,"146":1,"147":1,"148":5,"149":7,"150":7,"151":7,"152":3,"153":0,"154":0,"155":3,"156":3,"157":0,"158":0,"159":3,"160":0,"161":3,"162":3,"163":3,"164":4,"165":5,"166":47,"167":47,"168":47,"169":47,"170":2,"171":2,"172":45,"173":1,"174":1,"175":44,"176":44,"177":42,"178":42,"179":2,"180":2,"181":5,"182":5,"183":4,"184":4,"185":4,"186":4,"187":4,"188":4,"189":1,"190":1,"191":3,"192":2,"193":2,"194":1,"195":1,"196":1,"197":1,"198":1,"199":0,"200":0,"201":0,"202":0,"203":0,"204":0,"205":1,"206":1,"207":1,"208":1,"209":1,"210":1,"211":5,"212":1,"213":1,"214":1,"215":1,"216":1,"217":0,"218":0,"219":1,"220":0,"221":0,"222":5},"f":{"0":45,"1":70,"2":22,"3":45,"4":62,"5":8,"6":115,"7":40,"8":2,"9":2,"10":4,"11":4,"12":5,"13":5,"14":10,"15":12,"16":12,"17":9,"18":9,"19":8,"20":8,"21":6,"22":2,"23":2,"24":7,"25":7,"26":47,"27":4,"28":4,"29":1,"30":1},"b":{"0":[5,5,5],"1":[48,22],"2":[45,45],"3":[45,70],"4":[45,45],"5":[5,5,5],"6":[5,35],"7":[40,40],"8":[2,0],"9":[0,0],"10":[0,0],"11":[0,0],"12":[0,0],"13":[0,0],"14":[1,3],"15":[1,9],"16":[3,9],"17":[1,8],"18":[2,6],"19":[1,5],"20":[0,5],"21":[0,5],"22":[0,5],"23":[1,8],"24":[0,8],"25":[1,7],"26":[0,7],"27":[3,4],"28":[7,7],"29":[0,3],"30":[0,3],"31":[0,3],"32":[47,45],"33":[2,45],"34":[1,44],"35":[1,3],"36":[1,1],"37":[0,1],"38":[0,0],"39":[0,0],"40":[0,0],"41":[1,0],"42":[0,1],"43":[0,1]},"inputSourceMap":null,"_coverageSchema":"1a1c01bbd47fc00a2c39e90264f33305004495a9","hash":"248547e9a8f21fa83aa21a146e8b08e8fa1c1b4d"}
,"C:\\datasience\\YearC\\final project\\new\\Smarketing-Backend\\dist\\src\\controllers\\chat_controller.js": {"path":"C:\\datasience\\YearC\\final project\\new\\Smarketing-Backend\\dist\\src\\controllers\\chat_controller.js","statementMap":{"0":{"start":{"line":2,"column":16},"end":{"line":10,"column":1}},"1":{"start":{"line":3,"column":28},"end":{"line":3,"column":110}},"2":{"start":{"line":3,"column":91},"end":{"line":3,"column":106}},"3":{"start":{"line":4,"column":4},"end":{"line":9,"column":7}},"4":{"start":{"line":5,"column":36},"end":{"line":5,"column":97}},"5":{"start":{"line":5,"column":42},"end":{"line":5,"column":70}},"6":{"start":{"line":5,"column":85},"end":{"line":5,"column":95}},"7":{"start":{"line":6,"column":35},"end":{"line":6,"column":100}},"8":{"start":{"line":6,"column":41},"end":{"line":6,"column":73}},"9":{"start":{"line":6,"column":88},"end":{"line":6,"column":98}},"10":{"start":{"line":7,"column":32},"end":{"line":7,"column":116}},"11":{"start":{"line":8,"column":8},"end":{"line":8,"column":78}},"12":{"start":{"line":11,"column":22},"end":{"line":13,"column":1}},"13":{"start":{"line":12,"column":4},"end":{"line":12,"column":62}},"14":{"start":{"line":14,"column":0},"end":{"line":14,"column":62}},"15":{"start":{"line":15,"column":23},"end":{"line":15,"column":74}},"16":{"start":{"line":16,"column":23},"end":{"line":16,"column":74}},"17":{"start":{"line":17,"column":19},"end":{"line":17,"column":55}},"18":{"start":{"line":19,"column":20},"end":{"line":48,"column":2}},"19":{"start":{"line":19,"column":34},"end":{"line":48,"column":2}},"20":{"start":{"line":20,"column":4},"end":{"line":47,"column":5}},"21":{"start":{"line":21,"column":51},"end":{"line":21,"column":59}},"22":{"start":{"line":22,"column":8},"end":{"line":22,"column":45}},"23":{"start":{"line":23,"column":8},"end":{"line":23,"column":51}},"24":{"start":{"line":24,"column":8},"end":{"line":27,"column":9}},"25":{"start":{"line":25,"column":12},"end":{"line":25,"column":65}},"26":{"start":{"line":26,"column":12},"end":{"line":26,"column":75}},"27":{"start":{"line":28,"column":32},"end":{"line":28,"column":82}},"28":{"start":{"line":29,"column":8},"end":{"line":32,"column":9}},"29":{"start":{"line":30,"column":12},"end":{"line":30,"column":50}},"30":{"start":{"line":31,"column":12},"end":{"line":31,"column":74}},"31":{"start":{"line":33,"column":8},"end":{"line":33,"column":60}},"32":{"start":{"line":34,"column":24},"end":{"line":40,"column":10}},"33":{"start":{"line":41,"column":8},"end":{"line":41,"column":29}},"34":{"start":{"line":42,"column":8},"end":{"line":42,"column":38}},"35":{"start":{"line":45,"column":8},"end":{"line":45,"column":47}},"36":{"start":{"line":46,"column":8},"end":{"line":46,"column":55}},"37":{"start":{"line":50,"column":23},"end":{"line":66,"column":2}},"38":{"start":{"line":50,"column":37},"end":{"line":66,"column":2}},"39":{"start":{"line":51,"column":4},"end":{"line":65,"column":5}},"40":{"start":{"line":52,"column":37},"end":{"line":52,"column":47}},"41":{"start":{"line":53,"column":25},"end":{"line":60,"column":35}},"42":{"start":{"line":61,"column":8},"end":{"line":61,"column":39}},"43":{"start":{"line":64,"column":8},"end":{"line":64,"column":55}},"44":{"start":{"line":68,"column":29},"end":{"line":113,"column":2}},"45":{"start":{"line":68,"column":43},"end":{"line":113,"column":2}},"46":{"start":{"line":69,"column":4},"end":{"line":112,"column":5}},"47":{"start":{"line":70,"column":27},"end":{"line":70,"column":37}},"48":{"start":{"line":71,"column":30},"end":{"line":107,"column":10}},"49":{"start":{"line":108,"column":8},"end":{"line":108,"column":44}},"50":{"start":{"line":111,"column":8},"end":{"line":111,"column":55}},"51":{"start":{"line":115,"column":27},"end":{"line":128,"column":2}},"52":{"start":{"line":115,"column":41},"end":{"line":128,"column":2}},"53":{"start":{"line":116,"column":4},"end":{"line":127,"column":5}},"54":{"start":{"line":117,"column":42},"end":{"line":117,"column":52}},"55":{"start":{"line":118,"column":8},"end":{"line":122,"column":37}},"56":{"start":{"line":123,"column":8},"end":{"line":123,"column":69}},"57":{"start":{"line":126,"column":8},"end":{"line":126,"column":55}},"58":{"start":{"line":129,"column":0},"end":{"line":134,"column":2}}},"fnMap":{"0":{"name":"(anonymous_0)","decl":{"start":{"line":2,"column":44},"end":{"line":2,"column":45}},"loc":{"start":{"line":2,"column":89},"end":{"line":10,"column":1}},"line":2},"1":{"name":"adopt","decl":{"start":{"line":3,"column":13},"end":{"line":3,"column":18}},"loc":{"start":{"line":3,"column":26},"end":{"line":3,"column":112}},"line":3},"2":{"name":"(anonymous_2)","decl":{"start":{"line":3,"column":70},"end":{"line":3,"column":71}},"loc":{"start":{"line":3,"column":89},"end":{"line":3,"column":108}},"line":3},"3":{"name":"(anonymous_3)","decl":{"start":{"line":4,"column":36},"end":{"line":4,"column":37}},"loc":{"start":{"line":4,"column":63},"end":{"line":9,"column":5}},"line":4},"4":{"name":"fulfilled","decl":{"start":{"line":5,"column":17},"end":{"line":5,"column":26}},"loc":{"start":{"line":5,"column":34},"end":{"line":5,"column":99}},"line":5},"5":{"name":"rejected","decl":{"start":{"line":6,"column":17},"end":{"line":6,"column":25}},"loc":{"start":{"line":6,"column":33},"end":{"line":6,"column":102}},"line":6},"6":{"name":"step","decl":{"start":{"line":7,"column":17},"end":{"line":7,"column":21}},"loc":{"start":{"line":7,"column":30},"end":{"line":7,"column":118}},"line":7},"7":{"name":"(anonymous_7)","decl":{"start":{"line":11,"column":56},"end":{"line":11,"column":57}},"loc":{"start":{"line":11,"column":71},"end":{"line":13,"column":1}},"line":11},"8":{"name":"(anonymous_8)","decl":{"start":{"line":19,"column":20},"end":{"line":19,"column":21}},"loc":{"start":{"line":19,"column":34},"end":{"line":48,"column":2}},"line":19},"9":{"name":"(anonymous_9)","decl":{"start":{"line":19,"column":68},"end":{"line":19,"column":69}},"loc":{"start":{"line":19,"column":81},"end":{"line":48,"column":1}},"line":19},"10":{"name":"(anonymous_10)","decl":{"start":{"line":50,"column":23},"end":{"line":50,"column":24}},"loc":{"start":{"line":50,"column":37},"end":{"line":66,"column":2}},"line":50},"11":{"name":"(anonymous_11)","decl":{"start":{"line":50,"column":71},"end":{"line":50,"column":72}},"loc":{"start":{"line":50,"column":84},"end":{"line":66,"column":1}},"line":50},"12":{"name":"(anonymous_12)","decl":{"start":{"line":68,"column":29},"end":{"line":68,"column":30}},"loc":{"start":{"line":68,"column":43},"end":{"line":113,"column":2}},"line":68},"13":{"name":"(anonymous_13)","decl":{"start":{"line":68,"column":77},"end":{"line":68,"column":78}},"loc":{"start":{"line":68,"column":90},"end":{"line":113,"column":1}},"line":68},"14":{"name":"(anonymous_14)","decl":{"start":{"line":115,"column":27},"end":{"line":115,"column":28}},"loc":{"start":{"line":115,"column":41},"end":{"line":128,"column":2}},"line":115},"15":{"name":"(anonymous_15)","decl":{"start":{"line":115,"column":75},"end":{"line":115,"column":76}},"loc":{"start":{"line":115,"column":88},"end":{"line":128,"column":1}},"line":115}},"branchMap":{"0":{"loc":{"start":{"line":2,"column":16},"end":{"line":10,"column":1}},"type":"binary-expr","locations":[{"start":{"line":2,"column":17},"end":{"line":2,"column":21}},{"start":{"line":2,"column":25},"end":{"line":2,"column":39}},{"start":{"line":2,"column":44},"end":{"line":10,"column":1}}],"line":2},"1":{"loc":{"start":{"line":3,"column":35},"end":{"line":3,"column":109}},"type":"cond-expr","locations":[{"start":{"line":3,"column":56},"end":{"line":3,"column":61}},{"start":{"line":3,"column":64},"end":{"line":3,"column":109}}],"line":3},"2":{"loc":{"start":{"line":4,"column":16},"end":{"line":4,"column":34}},"type":"binary-expr","locations":[{"start":{"line":4,"column":16},"end":{"line":4,"column":17}},{"start":{"line":4,"column":22},"end":{"line":4,"column":33}}],"line":4},"3":{"loc":{"start":{"line":7,"column":32},"end":{"line":7,"column":115}},"type":"cond-expr","locations":[{"start":{"line":7,"column":46},"end":{"line":7,"column":67}},{"start":{"line":7,"column":70},"end":{"line":7,"column":115}}],"line":7},"4":{"loc":{"start":{"line":8,"column":51},"end":{"line":8,"column":67}},"type":"binary-expr","locations":[{"start":{"line":8,"column":51},"end":{"line":8,"column":61}},{"start":{"line":8,"column":65},"end":{"line":8,"column":67}}],"line":8},"5":{"loc":{"start":{"line":11,"column":22},"end":{"line":13,"column":1}},"type":"binary-expr","locations":[{"start":{"line":11,"column":23},"end":{"line":11,"column":27}},{"start":{"line":11,"column":31},"end":{"line":11,"column":51}},{"start":{"line":11,"column":56},"end":{"line":13,"column":1}}],"line":11},"6":{"loc":{"start":{"line":12,"column":11},"end":{"line":12,"column":61}},"type":"cond-expr","locations":[{"start":{"line":12,"column":37},"end":{"line":12,"column":40}},{"start":{"line":12,"column":43},"end":{"line":12,"column":61}}],"line":12},"7":{"loc":{"start":{"line":12,"column":12},"end":{"line":12,"column":33}},"type":"binary-expr","locations":[{"start":{"line":12,"column":12},"end":{"line":12,"column":15}},{"start":{"line":12,"column":19},"end":{"line":12,"column":33}}],"line":12},"8":{"loc":{"start":{"line":24,"column":8},"end":{"line":27,"column":9}},"type":"if","locations":[{"start":{"line":24,"column":8},"end":{"line":27,"column":9}},{"start":{},"end":{}}],"line":24},"9":{"loc":{"start":{"line":29,"column":8},"end":{"line":32,"column":9}},"type":"if","locations":[{"start":{"line":29,"column":8},"end":{"line":32,"column":9}},{"start":{},"end":{}}],"line":29}},"s":{"0":5,"1":15,"2":10,"3":12,"4":11,"5":11,"6":0,"7":4,"8":4,"9":0,"10":27,"11":12,"12":5,"13":15,"14":5,"15":5,"16":5,"17":5,"18":5,"19":5,"20":5,"21":5,"22":5,"23":5,"24":5,"25":0,"26":0,"27":5,"28":5,"29":1,"30":1,"31":4,"32":4,"33":4,"34":1,"35":3,"36":3,"37":5,"38":2,"39":2,"40":2,"41":2,"42":2,"43":0,"44":5,"45":3,"46":3,"47":3,"48":3,"49":2,"50":1,"51":5,"52":2,"53":2,"54":2,"55":2,"56":1,"57":1,"58":5},"f":{"0":12,"1":15,"2":10,"3":12,"4":11,"5":4,"6":27,"7":15,"8":5,"9":5,"10":2,"11":2,"12":3,"13":3,"14":2,"15":2},"b":{"0":[5,5,5],"1":[5,10],"2":[12,12],"3":[12,15],"4":[12,12],"5":[5,5,5],"6":[10,5],"7":[15,15],"8":[0,5],"9":[1,4]},"inputSourceMap":null,"_coverageSchema":"1a1c01bbd47fc00a2c39e90264f33305004495a9","hash":"f103b21e5ac2c7fd378ef54ab7e6ef743fabba6a"}
,"C:\\datasience\\YearC\\final project\\new\\Smarketing-Backend\\dist\\src\\controllers\\comments_controller.js": {"path":"C:\\datasience\\YearC\\final project\\new\\Smarketing-Backend\\dist\\src\\controllers\\comments_controller.js","statementMap":{"0":{"start":{"line":2,"column":16},"end":{"line":10,"column":1}},"1":{"start":{"line":3,"column":28},"end":{"line":3,"column":110}},"2":{"start":{"line":3,"column":91},"end":{"line":3,"column":106}},"3":{"start":{"line":4,"column":4},"end":{"line":9,"column":7}},"4":{"start":{"line":5,"column":36},"end":{"line":5,"column":97}},"5":{"start":{"line":5,"column":42},"end":{"line":5,"column":70}},"6":{"start":{"line":5,"column":85},"end":{"line":5,"column":95}},"7":{"start":{"line":6,"column":35},"end":{"line":6,"column":100}},"8":{"start":{"line":6,"column":41},"end":{"line":6,"column":73}},"9":{"start":{"line":6,"column":88},"end":{"line":6,"column":98}},"10":{"start":{"line":7,"column":32},"end":{"line":7,"column":116}},"11":{"start":{"line":8,"column":8},"end":{"line":8,"column":78}},"12":{"start":{"line":11,"column":22},"end":{"line":13,"column":1}},"13":{"start":{"line":12,"column":4},"end":{"line":12,"column":62}},"14":{"start":{"line":14,"column":0},"end":{"line":14,"column":62}},"15":{"start":{"line":15,"column":27},"end":{"line":15,"column":82}},"16":{"start":{"line":16,"column":19},"end":{"line":25,"column":2}},"17":{"start":{"line":16,"column":33},"end":{"line":25,"column":2}},"18":{"start":{"line":17,"column":4},"end":{"line":24,"column":5}},"19":{"start":{"line":18,"column":24},"end":{"line":18,"column":64}},"20":{"start":{"line":19,"column":8},"end":{"line":19,"column":29}},"21":{"start":{"line":20,"column":8},"end":{"line":20,"column":26}},"22":{"start":{"line":23,"column":8},"end":{"line":23,"column":36}},"23":{"start":{"line":26,"column":23},"end":{"line":34,"column":2}},"24":{"start":{"line":26,"column":37},"end":{"line":34,"column":2}},"25":{"start":{"line":27,"column":4},"end":{"line":33,"column":5}},"26":{"start":{"line":28,"column":25},"end":{"line":28,"column":64}},"27":{"start":{"line":29,"column":8},"end":{"line":29,"column":27}},"28":{"start":{"line":32,"column":8},"end":{"line":32,"column":36}},"29":{"start":{"line":35,"column":23},"end":{"line":47,"column":2}},"30":{"start":{"line":35,"column":37},"end":{"line":47,"column":2}},"31":{"start":{"line":36,"column":22},"end":{"line":36,"column":35}},"32":{"start":{"line":37,"column":4},"end":{"line":46,"column":5}},"33":{"start":{"line":38,"column":24},"end":{"line":38,"column":76}},"34":{"start":{"line":39,"column":8},"end":{"line":42,"column":54}},"35":{"start":{"line":40,"column":12},"end":{"line":40,"column":30}},"36":{"start":{"line":42,"column":12},"end":{"line":42,"column":54}},"37":{"start":{"line":45,"column":8},"end":{"line":45,"column":36}},"38":{"start":{"line":48,"column":26},"end":{"line":63,"column":2}},"39":{"start":{"line":48,"column":40},"end":{"line":63,"column":2}},"40":{"start":{"line":49,"column":22},"end":{"line":49,"column":35}},"41":{"start":{"line":50,"column":24},"end":{"line":50,"column":32}},"42":{"start":{"line":51,"column":4},"end":{"line":62,"column":5}},"43":{"start":{"line":52,"column":28},"end":{"line":54,"column":10}},"44":{"start":{"line":55,"column":8},"end":{"line":57,"column":9}},"45":{"start":{"line":56,"column":12},"end":{"line":56,"column":58}},"46":{"start":{"line":58,"column":8},"end":{"line":58,"column":42}},"47":{"start":{"line":61,"column":8},"end":{"line":61,"column":36}},"48":{"start":{"line":64,"column":26},"end":{"line":76,"column":2}},"49":{"start":{"line":64,"column":40},"end":{"line":76,"column":2}},"50":{"start":{"line":65,"column":22},"end":{"line":65,"column":35}},"51":{"start":{"line":66,"column":4},"end":{"line":75,"column":5}},"52":{"start":{"line":67,"column":24},"end":{"line":67,"column":85}},"53":{"start":{"line":68,"column":8},"end":{"line":70,"column":9}},"54":{"start":{"line":69,"column":12},"end":{"line":69,"column":61}},"55":{"start":{"line":71,"column":8},"end":{"line":71,"column":38}},"56":{"start":{"line":74,"column":8},"end":{"line":74,"column":36}},"57":{"start":{"line":77,"column":0},"end":{"line":77,"column":103}}},"fnMap":{"0":{"name":"(anonymous_0)","decl":{"start":{"line":2,"column":44},"end":{"line":2,"column":45}},"loc":{"start":{"line":2,"column":89},"end":{"line":10,"column":1}},"line":2},"1":{"name":"adopt","decl":{"start":{"line":3,"column":13},"end":{"line":3,"column":18}},"loc":{"start":{"line":3,"column":26},"end":{"line":3,"column":112}},"line":3},"2":{"name":"(anonymous_2)","decl":{"start":{"line":3,"column":70},"end":{"line":3,"column":71}},"loc":{"start":{"line":3,"column":89},"end":{"line":3,"column":108}},"line":3},"3":{"name":"(anonymous_3)","decl":{"start":{"line":4,"column":36},"end":{"line":4,"column":37}},"loc":{"start":{"line":4,"column":63},"end":{"line":9,"column":5}},"line":4},"4":{"name":"fulfilled","decl":{"start":{"line":5,"column":17},"end":{"line":5,"column":26}},"loc":{"start":{"line":5,"column":34},"end":{"line":5,"column":99}},"line":5},"5":{"name":"rejected","decl":{"start":{"line":6,"column":17},"end":{"line":6,"column":25}},"loc":{"start":{"line":6,"column":33},"end":{"line":6,"column":102}},"line":6},"6":{"name":"step","decl":{"start":{"line":7,"column":17},"end":{"line":7,"column":21}},"loc":{"start":{"line":7,"column":30},"end":{"line":7,"column":118}},"line":7},"7":{"name":"(anonymous_7)","decl":{"start":{"line":11,"column":56},"end":{"line":11,"column":57}},"loc":{"start":{"line":11,"column":71},"end":{"line":13,"column":1}},"line":11},"8":{"name":"(anonymous_8)","decl":{"start":{"line":16,"column":19},"end":{"line":16,"column":20}},"loc":{"start":{"line":16,"column":33},"end":{"line":25,"column":2}},"line":16},"9":{"name":"(anonymous_9)","decl":{"start":{"line":16,"column":67},"end":{"line":16,"column":68}},"loc":{"start":{"line":16,"column":80},"end":{"line":25,"column":1}},"line":16},"10":{"name":"(anonymous_10)","decl":{"start":{"line":26,"column":23},"end":{"line":26,"column":24}},"loc":{"start":{"line":26,"column":37},"end":{"line":34,"column":2}},"line":26},"11":{"name":"(anonymous_11)","decl":{"start":{"line":26,"column":71},"end":{"line":26,"column":72}},"loc":{"start":{"line":26,"column":84},"end":{"line":34,"column":1}},"line":26},"12":{"name":"(anonymous_12)","decl":{"start":{"line":35,"column":23},"end":{"line":35,"column":24}},"loc":{"start":{"line":35,"column":37},"end":{"line":47,"column":2}},"line":35},"13":{"name":"(anonymous_13)","decl":{"start":{"line":35,"column":71},"end":{"line":35,"column":72}},"loc":{"start":{"line":35,"column":84},"end":{"line":47,"column":1}},"line":35},"14":{"name":"(anonymous_14)","decl":{"start":{"line":48,"column":26},"end":{"line":48,"column":27}},"loc":{"start":{"line":48,"column":40},"end":{"line":63,"column":2}},"line":48},"15":{"name":"(anonymous_15)","decl":{"start":{"line":48,"column":74},"end":{"line":48,"column":75}},"loc":{"start":{"line":48,"column":87},"end":{"line":63,"column":1}},"line":48},"16":{"name":"(anonymous_16)","decl":{"start":{"line":64,"column":26},"end":{"line":64,"column":27}},"loc":{"start":{"line":64,"column":40},"end":{"line":76,"column":2}},"line":64},"17":{"name":"(anonymous_17)","decl":{"start":{"line":64,"column":74},"end":{"line":64,"column":75}},"loc":{"start":{"line":64,"column":87},"end":{"line":76,"column":1}},"line":64}},"branchMap":{"0":{"loc":{"start":{"line":2,"column":16},"end":{"line":10,"column":1}},"type":"binary-expr","locations":[{"start":{"line":2,"column":17},"end":{"line":2,"column":21}},{"start":{"line":2,"column":25},"end":{"line":2,"column":39}},{"start":{"line":2,"column":44},"end":{"line":10,"column":1}}],"line":2},"1":{"loc":{"start":{"line":3,"column":35},"end":{"line":3,"column":109}},"type":"cond-expr","locations":[{"start":{"line":3,"column":56},"end":{"line":3,"column":61}},{"start":{"line":3,"column":64},"end":{"line":3,"column":109}}],"line":3},"2":{"loc":{"start":{"line":4,"column":16},"end":{"line":4,"column":34}},"type":"binary-expr","locations":[{"start":{"line":4,"column":16},"end":{"line":4,"column":17}},{"start":{"line":4,"column":22},"end":{"line":4,"column":33}}],"line":4},"3":{"loc":{"start":{"line":7,"
[...]
"column":5}}]},"9":{"loc":{"start":{"line":123,"column":2},"end":{"line":126,"column":3}},"type":"if","locations":[{"start":{"line":123,"column":2},"end":{"line":126,"column":3}}]},"10":{"loc":{"start":{"line":133,"column":4},"end":{"line":136,"column":5}},"type":"if","locations":[{"start":{"line":133,"column":4},"end":{"line":136,"column":5}}]},"11":{"loc":{"start":{"line":138,"column":4},"end":{"line":138,"column":52}},"type":"if","locations":[{"start":{"line":138,"column":4},"end":{"line":138,"column":52}}]},"12":{"loc":{"start":{"line":140,"column":4},"end":{"line":143,"column":5}},"type":"if","locations":[{"start":{"line":140,"column":4},"end":{"line":143,"column":5}}]},"13":{"loc":{"start":{"line":156,"column":4},"end":{"line":159,"column":5}},"type":"if","locations":[{"start":{"line":156,"column":4},"end":{"line":159,"column":5}}]},"14":{"loc":{"start":{"line":162,"column":4},"end":{"line":165,"column":5}},"type":"if","locations":[{"start":{"line":162,"column":4},"end":{"line":165,"column":5}}]},"15":{"loc":{"start":{"line":167,"column":4},"end":{"line":167,"column":52}},"type":"if","locations":[{"start":{"line":167,"column":4},"end":{"line":167,"column":52}}]},"16":{"loc":{"start":{"line":195,"column":4},"end":{"line":198,"column":5}},"type":"if","locations":[{"start":{"line":195,"column":4},"end":{"line":198,"column":5}}]}},"s":{"0":5,"1":5,"2":5,"3":5,"4":5,"5":5,"6":5,"7":5,"8":5,"9":1,"10":1,"11":4,"12":4,"13":4,"14":3,"15":3,"16":1,"17":5,"18":2,"19":2,"20":2,"21":1,"22":1,"23":1,"24":5,"25":4,"26":4,"27":4,"28":4,"29":3,"30":2,"31":2,"32":1,"33":1,"34":1,"35":5,"36":5,"37":3,"38":3,"39":3,"40":3,"41":3,"42":3,"43":1,"44":2,"45":2,"46":1,"47":0,"48":1,"49":1,"50":1,"51":5,"52":0,"53":0,"54":0,"55":0,"56":0,"57":0,"58":0,"59":0,"60":0,"61":0,"62":0,"63":5,"64":4,"65":4,"66":4,"67":4,"68":4,"69":1,"70":1,"71":3,"72":3,"73":3,"74":3,"75":2,"76":1,"77":1,"78":1,"79":0,"80":1,"81":1,"82":1,"83":1,"84":1,"85":5,"86":1,"87":1,"88":1,"89":1,"90":1,"91":0,"92":0,"93":1,"94":1,"95":0,"96":0,"97":1,"98":0,"99":1,"100":0,"101":1,"102":1,"103":1,"104":0,"105":5,"106":2,"107":2,"108":2,"109":1,"110":1,"111":1,"112":5,"113":3,"114":3,"115":3,"116":3,"117":2,"118":1,"119":1,"120":1,"121":1,"122":1,"123":5},"f":{"0":5,"1":5,"2":2,"3":2,"4":4,"5":4,"6":3,"7":3,"8":0,"9":0,"10":4,"11":4,"12":1,"13":1,"14":0,"15":2,"16":2,"17":3,"18":3},"b":{"0":[1],"1":[0,4],"2":[0,3],"3":[2,1],"4":[1],"5":[0,2],"6":[0],"7":[0],"8":[0],"9":[1],"10":[1],"11":[0],"12":[1],"13":[0],"14":[0],"15":[0],"16":[1]}}
,"C:\\datasience\\YearC\\final project\\new\\Smarketing-Backend\\src\\controllers\\users_controller.ts": {"path":"C:\\datasience\\YearC\\final project\\new\\Smarketing-Backend\\src\\controllers\\users_controller.ts","statementMap":{"0":{"start":{"line":1,"column":0},"end":{"line":1,"column":58}},"1":{"start":{"line":5,"column":19},"end":{"line":13,"column":2}},"2":{"start":{"line":5,"column":57},"end":{"line":13,"column":2}},"3":{"start":{"line":6,"column":2},"end":{"line":12,"column":3}},"4":{"start":{"line":7,"column":17},"end":{"line":7,"column":40}},"5":{"start":{"line":8,"column":4},"end":{"line":8,"column":22}},"6":{"start":{"line":9,"column":4},"end":{"line":9,"column":31}},"7":{"start":{"line":11,"column":4},"end":{"line":11,"column":32}},"8":{"start":{"line":16,"column":20},"end":{"line":25,"column":2}},"9":{"start":{"line":16,"column":58},"end":{"line":25,"column":2}},"10":{"start":{"line":17,"column":17},"end":{"line":17,"column":30}},"11":{"start":{"line":18,"column":2},"end":{"line":24,"column":3}},"12":{"start":{"line":19,"column":17},"end":{"line":19,"column":49}},"13":{"start":{"line":20,"column":4},"end":{"line":21,"column":48}},"14":{"start":{"line":20,"column":22},"end":{"line":20,"column":37}},"15":{"start":{"line":21,"column":9},"end":{"line":21,"column":48}},"16":{"start":{"line":23,"column":4},"end":{"line":23,"column":32}},"17":{"start":{"line":28,"column":23},"end":{"line":40,"column":2}},"18":{"start":{"line":28,"column":61},"end":{"line":40,"column":2}},"19":{"start":{"line":29,"column":13},"end":{"line":29,"column":26}},"20":{"start":{"line":31,"column":2},"end":{"line":39,"column":3}},"21":{"start":{"line":32,"column":17},"end":{"line":32,"column":62}},"22":{"start":{"line":33,"column":4},"end":{"line":35,"column":5}},"23":{"start":{"line":34,"column":6},"end":{"line":34,"column":52}},"24":{"start":{"line":36,"column":4},"end":{"line":36,"column":31}},"25":{"start":{"line":38,"column":4},"end":{"line":38,"column":32}},"26":{"start":{"line":43,"column":20},"end":{"line":50,"column":2}},"27":{"start":{"line":43,"column":58},"end":{"line":50,"column":2}},"28":{"start":{"line":44,"column":2},"end":{"line":49,"column":3}},"29":{"start":{"line":45,"column":18},"end":{"line":45,"column":40}},"30":{"start":{"line":46,"column":4},"end":{"line":46,"column":20}},"31":{"start":{"line":48,"column":4},"end":{"line":48,"column":32}},"32":{"start":{"line":52,"column":0},"end":{"line":57,"column":2}}},"fnMap":{"0":{"name":"(anonymous_8)","decl":{"start":{"line":5,"column":19},"end":{"line":5,"column":26}},"loc":{"start":{"line":5,"column":57},"end":{"line":13,"column":2}}},"1":{"name":"(anonymous_9)","decl":{"start":{"line":5,"column":57},"end":{"line":5,"column":null}},"loc":{"start":{"line":5,"column":57},"end":{"line":13,"column":1}}},"2":{"name":"(anonymous_10)","decl":{"start":{"line":16,"column":20},"end":{"line":16,"column":27}},"loc":{"start":{"line":16,"column":58},"end":{"line":25,"column":2}}},"3":{"name":"(anonymous_11)","decl":{"start":{"line":16,"column":58},"end":{"line":16,"column":null}},"loc":{"start":{"line":16,"column":58},"end":{"line":25,"column":1}}},"4":{"name":"(anonymous_12)","decl":{"start":{"line":28,"column":23},"end":{"line":28,"column":30}},"loc":{"start":{"line":28,"column":61},"end":{"line":40,"column":2}}},"5":{"name":"(anonymous_13)","decl":{"start":{"line":28,"column":61},"end":{"line":28,"column":null}},"loc":{"start":{"line":28,"column":61},"end":{"line":40,"column":1}}},"6":{"name":"(anonymous_14)","decl":{"start":{"line":43,"column":20},"end":{"line":43,"column":27}},"loc":{"start":{"line":43,"column":58},"end":{"line":50,"column":2}}},"7":{"name":"(anonymous_15)","decl":{"start":{"line":43,"column":58},"end":{"line":43,"column":null}},"loc":{"start":{"line":43,"column":58},"end":{"line":50,"column":1}}}},"branchMap":{"0":{"loc":{"start":{"line":20,"column":4},"end":{"line":21,"column":48}},"type":"if","locations":[{"start":{"line":20,"column":4},"end":{"line":21,"column":48}},{"start":{"line":21,"column":9},"end":{"line":21,"column":48}}]},"1":{"loc":{"start":{"line":33,"column":4},"end":{"line":35,"column":5}},"type":"if","locations":[{"start":{"line":33,"column":4},"end":{"line":35,"column":5}}]}},"s":{"0":5,"1":5,"2":2,"3":2,"4":2,"5":2,"6":1,"7":1,"8":5,"9":3,"10":3,"11":3,"12":3,"13":1,"14":1,"15":0,"16":2,"17":5,"18":3,"19":3,"20":3,"21":3,"22":2,"23":1,"24":1,"25":1,"26":5,"27":2,"28":2,"29":2,"30":1,"31":1,"32":5},"f":{"0":2,"1":2,"2":3,"3":3,"4":3,"5":3,"6":2,"7":2},"b":{"0":[1,0],"1":[1]}}
,"C:\\datasience\\YearC\\final project\\new\\Smarketing-Backend\\src\\modules\\chat_modules.ts": {"path":"C:\\datasience\\YearC\\final project\\new\\Smarketing-Backend\\src\\modules\\chat_modules.ts","statementMap":{"0":{"start":{"line":1,"column":0},"end":{"line":1,"column":32}},"1":{"start":{"line":11,"column":26},"end":{"line":34,"column":2}},"2":{"start":{"line":36,"column":25},"end":{"line":36,"column":87}},"3":{"start":{"line":38,"column":0},"end":{"line":38,"column":32}}},"fnMap":{},"branchMap":{},"s":{"0":5,"1":5,"2":5,"3":5},"f":{},"b":{}}
,"C:\\datasience\\YearC\\final project\\new\\Smarketing-Backend\\src\\modules\\comments_modules.ts": {"path":"C:\\datasience\\YearC\\final project\\new\\Smarketing-Backend\\src\\modules\\comments_modules.ts","statementMap":{"0":{"start":{"line":1,"column":0},"end":{"line":1,"column":32}},"1":{"start":{"line":11,"column":22},"end":{"line":24,"column":2}},"2":{"start":{"line":27,"column":22},"end":{"line":27,"column":72}},"3":{"start":{"line":29,"column":0},"end":{"line":29,"column":29}}},"fnMap":{},"branchMap":{},"s":{"0":5,"1":5,"2":5,"3":5},"f":{},"b":{}}
,"C:\\datasience\\YearC\\final project\\new\\Smarketing-Backend\\src\\modules\\post_modules.ts": {"path":"C:\\datasience\\YearC\\final project\\new\\Smarketing-Backend\\src\\modules\\post_modules.ts","statementMap":{"0":{"start":{"line":1,"column":0},"end":{"line":1,"column":32}},"1":{"start":{"line":12,"column":19},"end":{"line":33,"column":2}},"2":{"start":{"line":35,"column":18},"end":{"line":35,"column":59}},"3":{"start":{"line":37,"column":0},"end":{"line":37,"column":25}}},"fnMap":{},"branchMap":{},"s":{"0":5,"1":5,"2":5,"3":5},"f":{},"b":{}}
,"C:\\datasience\\YearC\\final project\\new\\Smarketing-Backend\\src\\modules\\user_modules.ts": {"path":"C:\\datasience\\YearC\\final project\\new\\Smarketing-Backend\\src\\modules\\user_modules.ts","statementMap":{"0":{"start":{"line":1,"column":0},"end":{"line":1,"column":32}},"1":{"start":{"line":13,"column":19},"end":{"line":40,"column":2}},"2":{"start":{"line":42,"column":18},"end":{"line":42,"column":59}},"3":{"start":{"line":44,"column":0},"end":{"line":44,"column":25}}},"fnMap":{},"branchMap":{},"s":{"0":5,"1":5,"2":5,"3":5},"f":{},"b":{}}
,"C:\\datasience\\YearC\\final project\\new\\Smarketing-Backend\\src\\routes\\auth_routes.ts": {"path":"C:\\datasience\\YearC\\final project\\new\\Smarketing-Backend\\src\\routes\\auth_routes.ts","statementMap":{"0":{"start":{"line":1,"column":0},"end":{"line":1,"column":30}},"1":{"start":{"line":2,"column":0},"end":{"line":2,"column":80}},"2":{"start":{"line":3,"column":0},"end":{"line":3,"column":38}},"3":{"start":{"line":5,"column":15},"end":{"line":5,"column":31}},"4":{"start":{"line":70,"column":0},"end":{"line":70,"column":50}},"5":{"start":{"line":125,"column":0},"end":{"line":125,"column":52}},"6":{"start":{"line":163,"column":0},"end":{"line":163,"column":44}},"7":{"start":{"line":203,"column":0},"end":{"line":203,"column":48}},"8":{"start":{"line":231,"column":0},"end":{"line":231,"column":46}},"9":{"start":{"line":252,"column":0},"end":{"line":257,"column":2}},"10":{"start":{"line":278,"column":0},"end":{"line":278,"column":71}},"11":{"start":{"line":297,"column":0},"end":{"line":297,"column":52}},"12":{"start":{"line":313,"column":0},"end":{"line":315,"column":3}},"13":{"start":{"line":314,"column":2},"end":{"line":314,"column":43}},"14":{"start":{"line":317,"column":0},"end":{"line":317,"column":22}}},"fnMap":{"0":{"name":"(anonymous_10)","decl":{"start":{"line":313,"column":47},"end":{"line":313,"column":48}},"loc":{"start":{"line":313,"column":60},"end":{"line":315,"column":1}}}},"branchMap":{},"s":{"0":5,"1":5,"2":5,"3":5,"4":5,"5":5,"6":5,"7":5,"8":5,"9":5,"10":5,"11":5,"12":5,"13":1,"14":5},"f":{"0":1},"b":{}}
,"C:\\datasience\\YearC\\final project\\new\\Smarketing-Backend\\src\\routes\\chat_routes.ts": {"path":"C:\\datasience\\YearC\\final project\\new\\Smarketing-Backend\\src\\routes\\chat_routes.ts","statementMap":{"0":{"start":{"line":1,"column":0},"end":{"line":1,"column":30}},"1":{"start":{"line":2,"column":0},"end":{"line":2,"column":60}},"2":{"start":{"line":3,"column":0},"end":{"line":3,"column":64}},"3":{"start":{"line":5,"column":15},"end":{"line":5,"column":31}},"4":{"start":{"line":59,"column":0},"end":{"line":65,"column":3}},"5":{"start":{"line":59,"column":62},"end":{"line":65,"column":2}},"6":{"start":{"line":60,"column":2},"end":{"line":64,"column":3}},"7":{"start":{"line":61,"column":4},"end":{"line":61,"column":47}},"8":{"start":{"line":63,"column":4},"end":{"line":63,"column":16}},"9":{"start":{"line":98,"column":0},"end":{"line":108,"column":2}},"10":{"start":{"line":101,"column":27},"end":{"line":107,"column":null}},"11":{"start":{"line":102,"column":4},"end":{"line":106,"column":5}},"12":{"start":{"line":103,"column":6},"end":{"line":103,"column":52}},"13":{"start":{"line":105,"column":6},"end":{"line":105,"column":18}},"14":{"start":{"line":135,"column":0},"end":{"line":141,"column":3}},"15":{"start":{"line":135,"column":78},"end":{"line":141,"column":2}},"16":{"start":{"line":136,"column":2},"end":{"line":140,"column":3}},"17":{"start":{"line":137,"column":4},"end":{"line":137,"column":56}},"18":{"start":{"line":139,"column":4},"end":{"line":139,"column":16}},"19":{"start":{"line":174,"column":0},"end":{"line":184,"column":2}},"20":{"start":{"line":177,"column":27},"end":{"line":183,"column":null}},"21":{"start":{"line":178,"column":4},"end":{"line":182,"column":5}},"22":{"start":{"line":179,"column":6},"end":{"line":179,"column":56}},"23":{"start":{"line":181,"column":6},"end":{"line":181,"column":18}},"24":{"start":{"line":186,"column":0},"end":{"line":186,"column":22}}},"fnMap":{"0":{"name":"(anonymous_8)","decl":{"start":{"line":59,"column":37},"end":{"line":59,"column":44}},"loc":{"start":{"line":59,"column":62},"end":{"line":65,"column":2}}},"1":{"name":"(anonymous_9)","decl":{"start":{"line":59,"column":62},"end":{"line":59,"column":null}},"loc":{"start":{"line":59,"column":62},"end":{"line":65,"column":1}}},"2":{"name":"(anonymous_10)","decl":{"start":{"line":101,"column":2},"end":{"line":101,"column":9}},"loc":{"start":{"line":101,"column":27},"end":{"line":107,"column":null}}},"3":{"name":"(anonymous_11)","decl":{"start":{"line":101,"column":27},"end":{"line":101,"column":null}},"loc":{"start":{"line":101,"column":27},"end":{"line":107,"column":3}}},"4":{"name":"(anonymous_12)","decl":{"start":{"line":135,"column":53},"end":{"line":135,"column":60}},"loc":{"start":{"line":135,"column":78},"end":{"line":141,"column":2}}},"5":{"name":"(anonymous_13)","decl":{"start":{"line":135,"column":78},"end":{"line":135,"column":null}},"loc":{"start":{"line":135,"column":78},"end":{"line":141,"column":1}}},"6":{"name":"(anonymous_14)","decl":{"start":{"line":177,"column":2},"end":{"line":177,"column":9}},"loc":{"start":{"line":177,"column":27},"end":{"line":183,"column":null}}},"7":{"name":"(anonymous_15)","decl":{"start":{"line":177,"column":27},"end":{"line":177,"column":null}},"loc":{"start":{"line":177,"column":27},"end":{"line":183,"column":3}}}},"branchMap":{},"s":{"0":5,"1":5,"2":5,"3":5,"4":5,"5":5,"6":5,"7":5,"8":0,"9":5,"10":2,"11":2,"12":2,"13":0,"14":5,"15":3,"16":3,"17":3,"18":0,"19":5,"20":2,"21":2,"22":2,"23":0,"24":5},"f":{"0":5,"1":5,"2":2,"3":2,"4":3,"5":3,"6":2,"7":2},"b":{}}
,"C:\\datasience\\YearC\\final project\\new\\Smarketing-Backend\\src\\routes\\comments_routes.ts": {"path":"C:\\datasience\\YearC\\final project\\new\\Smarketing-Backend\\src\\routes\\comments_routes.ts","statementMap":{"0":{"start":{"line":1,"column":0},"end":{"line":1,"column":30}},"1":{"start":{"line":2,"column":15},"end":{"line":2,"column":31}},"2":{"start":{"line":3,"column":0},"end":{"line":3,"column":68}},"3":{"start":{"line":4,"column":0},"end":{"line":4,"column":64}},"4":{"start":{"line":70,"column":0},"end":{"line":70,"column":64}},"5":{"start":{"line":90,"column":0},"end":{"line":90,"column":51}},"6":{"start":{"line":129,"column":0},"end":{"line":131,"column":3}},"7":{"start":{"line":130,"column":2},"end":{"line":130,"column":49}},"8":{"start":{"line":158,"column":0},"end":{"line":158,"column":54}},"9":{"start":{"line":196,"column":0},"end":{"line":198,"column":3}},"10":{"start":{"line":197,"column":2},"end":{"line":197,"column":49}},"11":{"start":{"line":200,"column":0},"end":{"line":200,"column":22}}},"fnMap":{"0":{"name":"(anonymous_1)","decl":{"start":{"line":129,"column":35},"end":{"line":129,"column":36}},"loc":{"start":{"line":129,"column":48},"end":{"line":131,"column":1}}},"1":{"name":"(anonymous_2)","decl":{"start":{"line":196,"column":38},"end":{"line":196,"column":39}},"loc":{"start":{"line":196,"column":51},"end":{"line":198,"column":1}}}},"branchMap":{},"s":{"0":5,"1":5,"2":5,"3":5,"4":5,"5":5,"6":5,"7":1,"8":5,"9":5,"10":1,"11":5},"f":{"0":1,"1":1},"b":{}}
,"C:\\datasience\\YearC\\final project\\new\\Smarketing-Backend\\src\\routes\\gemini_routes.ts": {"path":"C:\\datasience\\YearC\\final project\\new\\Smarketing-Backend\\src\\routes\\gemini_routes.ts","statementMap":{"0":{"start":{"line":1,"column":0},"end":{"line":1,"column":30}},"1":{"start":{"line":3,"column":0},"end":{"line":3,"column":77}},"2":{"start":{"line":5,"column":15},"end":{"line":5,"column":31}},"3":{"start":{"line":72,"column":0},"end":{"line":72,"column":77}},"4":{"start":{"line":74,"column":0},"end":{"line":74,"column":22}}},"fnMap":{},"branchMap":{},"s":{"0":5,"1":5,"2":5,"3":5,"4":5},"f":{},"b":{}}
,"C:\\datasience\\YearC\\final project\\new\\Smarketing-Backend\\src\\routes\\posts_routes.ts": {"path":"C:\\datasience\\YearC\\final project\\new\\Smarketing-Backend\\src\\routes\\posts_routes.ts","statementMap":{"0":{"start":{"line":1,"column":0},"end":{"line":1,"column":30}},"1":{"start":{"line":2,"column":15},"end":{"line":2,"column":31}},"2":{"start":{"line":3,"column":0},"end":{"line":3,"column":62}},"3":{"start":{"line":4,"column":0},"end":{"line":4,"column":64}},"4":{"start":{"line":5,"column":0},"end":{"line":5,"column":38}},"5":{"start":{"line":61,"column":0},"end":{"line":61,"column":45}},"6":{"start":{"line":90,"column":0},"end":{"line":96,"column":3}},"7":{"start":{"line":90,"column":53},"end":{"line":96,"column":2}},"8":{"start":{"line":91,"column":2},"end":{"line":95,"column":3}},"9":{"start":{"line":92,"column":4},"end":{"line":92,"column":54}},"10":{"start":{"line":94,"column":4},"end":{"line":94,"column":16}},"11":{"start":{"line":124,"column":0},"end":{"line":129,"column":2}},"12":{"start":{"line":156,"column":0},"end":{"line":156,"column":48}},"13":{"start":{"line":172,"column":0},"end":{"line":172,"column":64}},"14":{"start":{"line":195,"column":0},"end":{"line":195,"column":70}},"15":{"start":{"line":226,"column":0},"end":{"line":228,"column":3}},"16":{"start":{"line":227,"column":2},"end":{"line":227,"column":43}},"17":{"start":{"line":267,"column":0},"end":{"line":267,"column":69}},"18":{"start":{"line":306,"column":0},"end":{"line":306,"column":74}},"19":{"start":{"line":308,"column":0},"end":{"line":308,"column":22}}},"fnMap":{"0":{"name":"(anonymous_8)","decl":{"start":{"line":90,"column":28},"end":{"line":90,"column":35}},"loc":{"start":{"line":90,"column":53},"end":{"line":96,"column":2}}},"1":{"name":"(anonymous_9)","decl":{"start":{"line":90,"column":53},"end":{"line":90,"column":null}},"loc":{"start":{"line":90,"column":53},"end":{"line":96,"column":1}}},"2":{"name":"(anonymous_10)","decl":{"start":{"line":226,"column":59},"end":{"line":226,"column":60}},"loc":{"start":{"line":226,"column":72},"end":{"line":228,"column":1}}}},"branchMap":{},"s":{"0":5,"1":5,"2":5,"3":5,"4":5,"5":5,"6":5,"7":0,"8":0,"9":0,"10":0,"11":5,"12":5,"13":5,"14":5,"15":5,"16":3,"17":5,"18":5,"19":5},"f":{"0":0,"1":0,"2":3},"b":{}}
,"C:\\datasience\\YearC\\final project\\new\\Smarketing-Backend\\src\\routes\\users_routes.ts": {"path":"C:\\datasience\\YearC\\final project\\new\\Smarketing-Backend\\src\\routes\\users_routes.ts","statementMap":{"0":{"start":{"line":1,"column":0},"end":{"line":1,"column":30}},"1":{"start":{"line":2,"column":15},"end":{"line":2,"column":31}},"2":{"start":{"line":3,"column":0},"end":{"line":3,"column":62}},"3":{"start":{"line":4,"column":0},"end":{"line":4,"column":64}},"4":{"start":{"line":30,"column":0},"end":{"line":30,"column":45}},"5":{"start":{"line":53,"column":0},"end":{"line":53,"column":45}},"6":{"start":{"line":79,"column":0},"end":{"line":79,"column":48}},"7":{"start":{"line":104,"column":0},"end":{"line":106,"column":3}},"8":{"start":{"line":105,"column":2},"end":{"line":105,"column":43}},"9":{"start":{"line":108,"column":0},"end":{"line":108,"column":22}}},"fnMap":{"0":{"name":"(anonymous_1)","decl":{"start":{"line":104,"column":38},"end":{"line":104,"column":39}},"loc":{"start":{"line":104,"column":51},"end":{"line":106,"column":1}}}},"branchMap":{},"s":{"0":5,"1":5,"2":5,"3":5,"4":5,"5":5,"6":5,"7":5,"8":3,"9":5},"f":{"0":3},"b":{}}
}
