{"C:\\Users\\adamb\\OneDrive\\Desktop\\matala 2 year 3\\dist\\src\\server.js": {"path":"C:\\Users\\adamb\\OneDrive\\Desktop\\matala 2 year 3\\dist\\src\\server.js","statementMap":{"0":{"start":{"line":2,"column":22},"end":{"line":4,"column":1}},"1":{"start":{"line":3,"column":4},"end":{"line":3,"column":62}},"2":{"start":{"line":5,"column":0},"end":{"line":5,"column":62}},"3":{"start":{"line":8,"column":17},"end":{"line":8,"column":51}},"4":{"start":{"line":9,"column":0},"end":{"line":9,"column":26}},"5":{"start":{"line":10,"column":19},"end":{"line":10,"column":55}},"6":{"start":{"line":11,"column":22},"end":{"line":11,"column":61}},"7":{"start":{"line":12,"column":18},"end":{"line":12,"column":53}},"8":{"start":{"line":13,"column":23},"end":{"line":13,"column":72}},"9":{"start":{"line":14,"column":26},"end":{"line":14,"column":78}},"10":{"start":{"line":15,"column":23},"end":{"line":15,"column":72}},"11":{"start":{"line":16,"column":22},"end":{"line":16,"column":70}},"12":{"start":{"line":17,"column":24},"end":{"line":17,"column":65}},"13":{"start":{"line":18,"column":29},"end":{"line":18,"column":75}},"14":{"start":{"line":19,"column":12},"end":{"line":19,"column":36}},"15":{"start":{"line":20,"column":0},"end":{"line":20,"column":38}},"16":{"start":{"line":21,"column":0},"end":{"line":21,"column":62}},"17":{"start":{"line":22,"column":0},"end":{"line":22,"column":42}},"18":{"start":{"line":23,"column":0},"end":{"line":23,"column":48}},"19":{"start":{"line":24,"column":0},"end":{"line":24,"column":42}},"20":{"start":{"line":25,"column":0},"end":{"line":25,"column":40}},"21":{"start":{"line":26,"column":16},"end":{"line":37,"column":1}},"22":{"start":{"line":38,"column":14},"end":{"line":38,"column":51}},"23":{"start":{"line":39,"column":0},"end":{"line":39,"column":100}},"24":{"start":{"line":40,"column":11},"end":{"line":40,"column":40}},"25":{"start":{"line":41,"column":0},"end":{"line":41,"column":48}},"26":{"start":{"line":41,"column":26},"end":{"line":41,"column":46}},"27":{"start":{"line":42,"column":0},"end":{"line":42,"column":60}},"28":{"start":{"line":42,"column":22},"end":{"line":42,"column":58}},"29":{"start":{"line":43,"column":16},"end":{"line":59,"column":1}},"30":{"start":{"line":44,"column":4},"end":{"line":58,"column":7}},"31":{"start":{"line":45,"column":8},"end":{"line":57,"column":9}},"32":{"start":{"line":46,"column":12},"end":{"line":46,"column":61}},"33":{"start":{"line":49,"column":12},"end":{"line":56,"column":15}},"34":{"start":{"line":52,"column":16},"end":{"line":52,"column":29}},"35":{"start":{"line":55,"column":16},"end":{"line":55,"column":30}},"36":{"start":{"line":60,"column":0},"end":{"line":60,"column":26}}},"fnMap":{"0":{"name":"(anonymous_0)","decl":{"start":{"line":2,"column":56},"end":{"line":2,"column":57}},"loc":{"start":{"line":2,"column":71},"end":{"line":4,"column":1}},"line":2},"1":{"name":"(anonymous_1)","decl":{"start":{"line":41,"column":15},"end":{"line":41,"column":16}},"loc":{"start":{"line":41,"column":26},"end":{"line":41,"column":46}},"line":41},"2":{"name":"(anonymous_2)","decl":{"start":{"line":42,"column":16},"end":{"line":42,"column":17}},"loc":{"start":{"line":42,"column":22},"end":{"line":42,"column":58}},"line":42},"3":{"name":"(anonymous_3)","decl":{"start":{"line":43,"column":16},"end":{"line":43,"column":17}},"loc":{"start":{"line":43,"column":22},"end":{"line":59,"column":1}},"line":43},"4":{"name":"(anonymous_4)","decl":{"start":{"line":44,"column":23},"end":{"line":44,"column":24}},"loc":{"start":{"line":44,"column":44},"end":{"line":58,"column":5}},"line":44},"5":{"name":"(anonymous_5)","decl":{"start":{"line":51,"column":22},"end":{"line":51,"column":23}},"loc":{"start":{"line":51,"column":28},"end":{"line":53,"column":13}},"line":51},"6":{"name":"(anonymous_6)","decl":{"start":{"line":54,"column":23},"end":{"line":54,"column":24}},"loc":{"start":{"line":54,"column":34},"end":{"line":56,"column":13}},"line":54}},"branchMap":{"0":{"loc":{"start":{"line":2,"column":22},"end":{"line":4,"column":1}},"type":"binary-expr","locations":[{"start":{"line":2,"column":23},"end":{"line":2,"column":27}},{"start":{"line":2,"column":31},"end":{"line":2,"column":51}},{"start":{"line":2,"column":56},"end":{"line":4,"column":1}}],"line":2},"1":{"loc":{"start":{"line":3,"column":11},"end":{"line":3,"column":61}},"type":"cond-expr","locations":[{"start":{"line":3,"column":37},"end":{"line":3,"column":40}},{"start":{"line":3,"column":43},"end":{"line":3,"column":61}}],"line":3},"2":{"loc":{"start":{"line":3,"column":12},"end":{"line":3,"column":33}},"type":"binary-expr","locations":[{"start":{"line":3,"column":12},"end":{"line":3,"column":15}},{"start":{"line":3,"column":19},"end":{"line":3,"column":33}}],"line":3},"3":{"loc":{"start":{"line":45,"column":8},"end":{"line":57,"column":9}},"type":"if","locations":[{"start":{"line":45,"column":8},"end":{"line":57,"column":9}},{"start":{"line":48,"column":13},"end":{"line":57,"column":9}}],"line":45}},"s":{"0":4,"1":40,"2":4,"3":4,"4":4,"5":4,"6":4,"7":4,"8":4,"9":4,"10":4,"11":4,"12":4,"13":4,"14":4,"15":4,"16":4,"17":4,"18":4,"19":4,"20":4,"21":4,"22":4,"23":4,"24":4,"25":4,"26":0,"27":4,"28":4,"29":4,"30":4,"31":4,"32":0,"33":4,"34":4,"35":0,"36":4},"f":{"0":40,"1":0,"2":4,"3":4,"4":4,"5":4,"6":0},"b":{"0":[4,4,4],"1":[16,24],"2":[40,40],"3":[0,4]},"inputSourceMap":null,"_coverageSchema":"1a1c01bbd47fc00a2c39e90264f33305004495a9","hash":"f80d205885d457ad66ffe3c3ba21c6865e5baa8c"}
,"C:\\Users\\adamb\\OneDrive\\Desktop\\matala 2 year 3\\dist\\src\\controllers\\auth_controller.js": {"path":"C:\\Users\\adamb\\OneDrive\\Desktop\\matala 2 year 3\\dist\\src\\controllers\\auth_controller.js","statementMap":{"0":{"start":{"line":2,"column":16},"end":{"line":10,"column":1}},"1":{"start":{"line":3,"column":28},"end":{"line":3,"column":110}},"2":{"start":{"line":3,"column":91},"end":{"line":3,"column":106}},"3":{"start":{"line":4,"column":4},"end":{"line":9,"column":7}},"4":{"start":{"line":5,"column":36},"end":{"line":5,"column":97}},"5":{"start":{"line":5,"column":42},"end":{"line":5,"column":70}},"6":{"start":{"line":5,"column":85},"end":{"line":5,"column":95}},"7":{"start":{"line":6,"column":35},"end":{"line":6,"column":100}},"8":{"start":{"line":6,"column":41},"end":{"line":6,"column":73}},"9":{"start":{"line":6,"column":88},"end":{"line":6,"column":98}},"10":{"start":{"line":7,"column":32},"end":{"line":7,"column":116}},"11":{"start":{"line":8,"column":8},"end":{"line":8,"column":78}},"12":{"start":{"line":11,"column":22},"end":{"line":13,"column":1}},"13":{"start":{"line":12,"column":4},"end":{"line":12,"column":62}},"14":{"start":{"line":14,"column":0},"end":{"line":14,"column":62}},"15":{"start":{"line":15,"column":0},"end":{"line":15,"column":32}},"16":{"start":{"line":16,"column":23},"end":{"line":16,"column":74}},"17":{"start":{"line":17,"column":17},"end":{"line":17,"column":51}},"18":{"start":{"line":18,"column":23},"end":{"line":18,"column":63}},"19":{"start":{"line":19,"column":17},"end":{"line":34,"column":2}},"20":{"start":{"line":19,"column":31},"end":{"line":34,"column":2}},"21":{"start":{"line":20,"column":4},"end":{"line":33,"column":5}},"22":{"start":{"line":21,"column":25},"end":{"line":21,"column":42}},"23":{"start":{"line":22,"column":21},"end":{"line":22,"column":55}},"24":{"start":{"line":23,"column":31},"end":{"line":23,"column":74}},"25":{"start":{"line":24,"column":21},"end":{"line":28,"column":10}},"26":{"start":{"line":29,"column":8},"end":{"line":29,"column":35}},"27":{"start":{"line":32,"column":8},"end":{"line":32,"column":34}},"28":{"start":{"line":35,"column":20},"end":{"line":53,"column":1}},"29":{"start":{"line":36,"column":4},"end":{"line":38,"column":5}},"30":{"start":{"line":37,"column":8},"end":{"line":37,"column":20}},"31":{"start":{"line":40,"column":19},"end":{"line":40,"column":43}},"32":{"start":{"line":41,"column":24},"end":{"line":44,"column":74}},"33":{"start":{"line":45,"column":25},"end":{"line":48,"column":82}},"34":{"start":{"line":49,"column":4},"end":{"line":52,"column":6}},"35":{"start":{"line":54,"column":14},"end":{"line":90,"column":2}},"36":{"start":{"line":54,"column":28},"end":{"line":90,"column":2}},"37":{"start":{"line":55,"column":4},"end":{"line":89,"column":5}},"38":{"start":{"line":56,"column":21},"end":{"line":56,"column":84}},"39":{"start":{"line":57,"column":8},"end":{"line":60,"column":9}},"40":{"start":{"line":58,"column":12},"end":{"line":58,"column":63}},"41":{"start":{"line":59,"column":12},"end":{"line":59,"column":19}},"42":{"start":{"line":61,"column":30},"end":{"line":61,"column":94}},"43":{"start":{"line":62,"column":8},"end":{"line":65,"column":9}},"44":{"start":{"line":63,"column":12},"end":{"line":63,"column":63}},"45":{"start":{"line":64,"column":12},"end":{"line":64,"column":19}},"46":{"start":{"line":66,"column":8},"end":{"line":69,"column":9}},"47":{"start":{"line":67,"column":12},"end":{"line":67,"column":49}},"48":{"start":{"line":68,"column":12},"end":{"line":68,"column":19}},"49":{"start":{"line":71,"column":23},"end":{"line":71,"column":44}},"50":{"start":{"line":72,"column":8},"end":{"line":75,"column":9}},"51":{"start":{"line":73,"column":12},"end":{"line":73,"column":49}},"52":{"start":{"line":74,"column":12},"end":{"line":74,"column":19}},"53":{"start":{"line":76,"column":8},"end":{"line":78,"column":9}},"54":{"start":{"line":77,"column":12},"end":{"line":77,"column":35}},"55":{"start":{"line":79,"column":8},"end":{"line":79,"column":52}},"56":{"start":{"line":80,"column":8},"end":{"line":80,"column":26}},"57":{"start":{"line":81,"column":8},"end":{"line":85,"column":11}},"58":{"start":{"line":88,"column":8},"end":{"line":88,"column":34}},"59":{"start":{"line":91,"column":27},"end":{"line":133,"column":1}},"60":{"start":{"line":92,"column":4},"end":{"line":132,"column":7}},"61":{"start":{"line":94,"column":8},"end":{"line":97,"column":9}},"62":{"start":{"line":95,"column":12},"end":{"line":95,"column":27}},"63":{"start":{"line":96,"column":12},"end":{"line":96,"column":19}},"64":{"start":{"line":99,"column":8},"end":{"line":102,"column":9}},"65":{"start":{"line":100,"column":12},"end":{"line":100,"column":27}},"66":{"start":{"line":101,"column":12},"end":{"line":101,"column":19}},"67":{"start":{"line":103,"column":8},"end":{"line":131,"column":12}},"68":{"start":{"line":103,"column":96},"end":{"line":131,"column":10}},"69":{"start":{"line":104,"column":12},"end":{"line":107,"column":13}},"70":{"start":{"line":105,"column":16},"end":{"line":105,"column":31}},"71":{"start":{"line":106,"column":16},"end":{"line":106,"column":23}},"72":{"start":{"line":109,"column":27},"end":{"line":109,"column":38}},"73":{"start":{"line":110,"column":12},"end":{"line":130,"column":13}},"74":{"start":{"line":112,"column":29},"end":{"line":112,"column":74}},"75":{"start":{"line":113,"column":16},"end":{"line":116,"column":17}},"76":{"start":{"line":114,"column":20},"end":{"line":114,"column":35}},"77":{"start":{"line":115,"column":20},"end":{"line":115,"column":27}},"78":{"start":{"line":117,"column":16},"end":{"line":122,"column":17}},"79":{"start":{"line":118,"column":20},"end":{"line":118,"column":43}},"80":{"start":{"line":119,"column":20},"end":{"line":119,"column":38}},"81":{"start":{"line":120,"column":20},"end":{"line":120,"column":35}},"82":{"start":{"line":121,"column":20},"end":{"line":121,"column":27}},"83":{"start":{"line":123,"column":31},"end":{"line":123,"column":90}},"84":{"start":{"line":123,"column":67},"end":{"line":123,"column":89}},"85":{"start":{"line":124,"column":16},"end":{"line":124,"column":43}},"86":{"start":{"line":125,"column":16},"end":{"line":125,"column":30}},"87":{"start":{"line":128,"column":16},"end":{"line":128,"column":31}},"88":{"start":{"line":129,"column":16},"end":{"line":129,"column":23}},"89":{"start":{"line":134,"column":15},"end":{"line":143,"column":2}},"90":{"start":{"line":134,"column":29},"end":{"line":143,"column":2}},"91":{"start":{"line":135,"column":4},"end":{"line":142,"column":5}},"92":{"start":{"line":136,"column":21},"end":{"line":136,"column":68}},"93":{"start":{"line":137,"column":8},"end":{"line":137,"column":26}},"94":{"start":{"line":138,"column":8},"end":{"line":138,"column":40}},"95":{"start":{"line":141,"column":8},"end":{"line":141,"column":37}},"96":{"start":{"line":144,"column":16},"end":{"line":171,"column":2}},"97":{"start":{"line":144,"column":30},"end":{"line":171,"column":2}},"98":{"start":{"line":145,"column":4},"end":{"line":170,"column":5}},"99":{"start":{"line":146,"column":21},"end":{"line":146,"column":68}},"100":{"start":{"line":147,"column":8},"end":{"line":150,"column":9}},"101":{"start":{"line":148,"column":12},"end":{"line":148,"column":41}},"102":{"start":{"line":149,"column":12},"end":{"line":149,"column":19}},"103":{"start":{"line":151,"column":23},"end":{"line":151,"column":44}},"104":{"start":{"line":152,"column":8},"end":{"line":155,"column":9}},"105":{"start":{"line":153,"column":12},"end":{"line":153,"column":49}},"106":{"start":{"line":154,"column":12},"end":{"line":154,"column":19}},"107":{"start":{"line":156,"column":8},"end":{"line":158,"column":9}},"108":{"start":{"line":157,"column":12},"end":{"line":157,"column":35}},"109":{"start":{"line":159,"column":8},"end":{"line":159,"column":52}},"110":{"start":{"line":160,"column":8},"end":{"line":160,"column":26}},"111":{"start":{"line":161,"column":8},"end":{"line":165,"column":11}},"112":{"start":{"line":169,"column":8},"end":{"line":169,"column":37}},"113":{"start":{"line":172,"column":23},"end":{"line":193,"column":1}},"114":{"start":{"line":173,"column":4},"end":{"line":173,"column":34}},"115":{"start":{"line":174,"column":26},"end":{"line":174,"column":53}},"116":{"start":{"line":175,"column":18},"end":{"line":175,"column":62}},"117":{"start":{"line":176,"column":4},"end":{"line":180,"column":5}},"118":{"start":{"line":177,"column":8},"end":{"line":177,"column":38}},"119":{"start":{"line":178,"column":8},"end":{"line":178,"column":46}},"120":{"start":{"line":179,"column":8},"end":{"line":179,"column":15}},"121":{"start":{"line":181,"column":4},"end":{"line":184,"column":5}},"122":{"start":{"line":182,"column":8},"end":{"line":182,"column":45}},"123":{"start":{"line":183,"column":8},"end":{"line":183,"column":15}},"124":{"start":{"line":185,"column":4},"end":{"line":192,"column":7}},"125":{"start":{"line":186,"column":8},"end":{"line":189,"column":9}},"126":{"start":{"line":187,"column":12},"end":{"line":187,"column":50}},"127":{"start":{"line":188,"column":12},"end":{"line":188,"column":19}},"128":{"start":{"line":190,"column":8},"end":{"line":190,"column":40}},"129":{"start":{"line":191,"column":8},"end":{"line":191,"column":15}},"130":{"start":{"line":194,"column":0},"end":{"line":194,"column":40}},"131":{"start":{"line":195,"column":0},"end":{"line":195,"column":55}}},"fnMap":{"0":{"name":"(anonymous_0)","decl":{"start":{"line":2,"column":44},"end":{"line":2,"column":45}},"loc":{"start":{"line":2,"column":89},"end":{"line":10,"column":1}},"line":2},"1":{"name":"adopt","decl":{"start":{"line":3,"column":13},"end":{"line":3,"column":18}},"loc":{"start":{"line":3,"column":26},"end":{"line":3,"column":112}},"line":3},"2":{"name":"(anonymous_2)","decl":{"start":{"line":3,"column":70},"end":{"line":3,"column":71}},"loc":{"start":{"line":3,"column":89},"end":{"line":3,"column":108}},"line":3},"3":{"name":"(anonymous_3)","decl":{"start":{"line":4,"column":36},"end":{"line":4,"column":37}},"loc":{"start":{"line":4,"column":63},"end":{"line":9,"column":5}},"line":4},"4":{"name":"fulfilled","decl":{"start":{"line":5,"column":17},"end":{"line":5,"column":26}},"loc":{"start":{"line":5,"column":34},"end":{"line":5,"column":99}},"line":5},"5":{"name":"rejected","decl":{"start":{"line":6,"column":17},"end":{"line":6,"column":25}},"loc":{"start":{"line":6,"column":33},"end":{"line":6,"column":102}},"line":6},"6":{"name":"step","decl":{"start":{"line":7,"column":17},"end":{"line":7,"column":21}},"loc":{"start":{"line":7,"column":30},"end":{"line":7,"column":118}},"line":7},"7":{"name":"(anonymous_7)","decl":{"start":{"line":11,"column":56},"end":{"line":11,"column":57}},"loc":{"start":{"line":11,"column":71},"end":{"line":13,"column":1}},"line":11},"8":{"name":"(anonymous_8)","decl":{"start":{"line":19,"column":17},"end":{"line":19,"column":18}},"loc":{"start":{"line":19,"column":31},"end":{"line":34,"column":2}},"line":19},"9":{"name":"(anonymous_9)","decl":{"start":{"line":19,"column":65},"end":{"line":19,"column":66}},"loc":{"start":{"line":19,"column":78},"end":{"line":34,"column":1}},"line":19},"10":{"name":"(anonymous_10)","decl":{"start":{"line":35,"column":20},"end":{"line":35,"column":21}},"loc":{"start":{"line":35,"column":32},"end":{"line":53,"column":1}},"line":35},"11":{"name":"(anonymous_11)","decl":{"start":{"line":54,"column":14},"end":{"line":54,"column":15}},"loc":{"start":{"line":54,"column":28},"end":{"line":90,"column":2}},"line":54},"12":{"name":"(anonymous_12)","decl":{"start":{"line":54,"column":62},"end":{"line":54,"column":63}},"loc":{"start":{"line":54,"column":75},"end":{"line":90,"column":1}},"line":54},"13":{"name":"(anonymous_13)","decl":{"start":{"line":91,"column":27},"end":{"line":91,"column":28}},"loc":{"start":{"line":91,"column":45},"end":{"line":133,"column":1}},"line":91},"14":{"name":"(anonymous_14)","decl":{"start":{"line":92,"column":23},"end":{"line":92,"column":24}},"loc":{"start":{"line":92,"column":44},"end":{"line":132,"column":5}},"line":92},"15":{"name":"(anonymous_15)","decl":{"start":{"line":103,"column":78},"end":{"line":103,"column":79}},"loc":{"start":{"line":103,"column":96},"end":{"line":131,"column":10}},"line":103},"16":{"name":"(anonymous_16)","decl":{"start":{"line":103,"column":130},"end":{"line":103,"column":131}},"loc":{"start":{"line":103,"column":143},"end":{"line":131,"column":9}},"line":103},"17":{"name":"(anonymous_17)","decl":{"start":{"line":123,"column":56},"end":{"line":123,"column":57}},"loc":{"start":{"line":123,"column":67},"end":{"line":123,"column":89}},"line":123},"18":{"name":"(anonymous_18)","decl":{"start":{"line":134,"column":15},"end":{"line":134,"column":16}},"loc":{"start":{"line":134,"column":29},"end":{"line":143,"column":2}},"line":134},"19":{"name":"(anonymous_19)","decl":{"start":{"line":134,"column":63},"end":{"line":134,"column":64}},"loc":{"start":{"line":134,"column":76},"end":{"line":143,"column":1}},"line":134},"20":{"name":"(anonymous_20)","decl":{"start":{"line":144,"column":16},"end":{"line":144,"column":17}},"loc":{"start":{"line":144,"column":30},"end":{"line":171,"column":2}},"line":144},"21":{"name":"(anonymous_21)","decl":{"start":{"line":144,"column":64},"end":{"line":144,"column":65}},"loc":{"start":{"line":144,"column":77},"end":{"line":171,"column":1}},"line":144},"22":{"name":"(anonymous_22)","decl":{"start":{"line":172,"column":23},"end":{"line":172,"column":24}},"loc":{"start":{"line":172,"column":43},"end":{"line":193,"column":1}},"line":172},"23":{"name":"(anonymous_23)","decl":{"start":{"line":185,"column":67},"end":{"line":185,"column":68}},"loc":{"start":{"line":185,"column":85},"end":{"line":192,"column":5}},"line":185}},"branchMap":{"0":{"loc":{"start":{"line":2,"column":16},"end":{"line":10,"column":1}},"type":"binary-expr","locations":[{"start":{"line":2,"column":17},"end":{"line":2,"column":21}},{"start":{"line":2,"column":25},"end":{"line":2,"column":39}},{"start":{"line":2,"column":44},"end":{"line":10,"column":1}}],"line":2},"1":{"loc":{"start":{"line":3,"column":35},"end":{"line":3,"column":109}},"type":"cond-expr","locations":[{"start":{"line":3,"column":56},"end":{"line":3,"column":61}},{"start":{"line":3,"column":64},"end":{"line":3,"column":109}}],"line":3},"2":{"loc":{"start":{"line":4,"column":16},"end":{"line":4,"column":34}},"type":"binary-expr","locations":[{"start":{"line":4,"column":16},"end":{"line":4,"column":17}},{"start":{"line":4,"column":22},"end":{"line":4,"column":33}}],"line":4},"3":{"loc":{"start":{"line":7,"column":32},"end":{"line":7,"column":115}},"type":"cond-expr","locations":[{"start":{"line":7,"column":46},"end":{"line":7,"column":67}},{"start":{"line":7,"column":70},"end":{"line":7,"column":115}}],"line":7},"4":{"loc":{"start":{"line":8,"column":51},"end":{"line":8,"column":67}},"type":"binary-expr","locations":[{"start":{"line":8,"column":51},"end":{"line":8,"column":61}},{"start":{"line":8,"column":65},"end":{"line":8,"column":67}}],"line":8},"5":{"loc":{"start":{"line":11,"column":22},"end":{"line":13,"column":1}},"type":"binary-expr","locations":[{"start":{"line":11,"column":23},"end":{"line":11,"column":27}},{"start":{"line":11,"column":31},"end":{"line":11,"column":51}},{"start":{"line":11,"column":56},"end":{"line":13,"column":1}}],"line":11},"6":{"loc":{"start":{"line":12,"column":11},"end":{"line":12,"column":61}},"type":"cond-expr","locations":[{"start":{"line":12,"column":37},"end":{"line":12,"column":40}},{"start":{"line":12,"column":43},"end":{"line":12,"column":61}}],"line":12},"7":{"loc":{"start":{"line":12,"column":12},"end":{"line":12,"column":33}},"type":"binary-expr","locations":[{"start":{"line":12,"column":12},"end":{"line":12,"column":15}},{"start":{"line":12,"column":19},"end":{"line":12,"column":33}}],"line":12},"8":{"loc":{"start":{"line":36,"column":4},"end":{"line":38,"column":5}},"type":"if","locations":[{"start":{"line":36,"column":4},"end":{"line":38,"column":5}},{"start":{},"end":{}}],"line":36},"9":{"loc":{"start":{"line":57,"column":8},"end":{"line":60,"column":9}},"type":"if","locations":[{"start":{"line":57,"column":8},"end":{"line":60,"column":9}},{"start":{},"end":{}}],"line":57},"10":{"loc":{"start":{"line":62,"column":8},"end":{"line":65,"column":9}},"type":"if","locations":[{"start":{"line":62,"column":8},"end":{"line":65,"column":9}},{"start":{},"end":{}}],"line":62},"11":{"loc":{"start":{"line":66,"column":8},"end":{"line":69,"column":9}},"type":"if","locations":[{"start":{"line":66,"column":8},"end":{"line":69,"column":9}},{"start":{},"end":{}}],"line":66},"12":{"loc":{"start":{"line":72,"column":8},"end":{"line":75,"column":9}},"type":"if","locations":[{"start":{"line":72,"column":8},"end":{"line":75,"column":9}},{"start":{},"end":{}}],"line":72},"13":{"loc":{"start":{"line":76,"column":8},"end":{"line":78,"column":9}},"type":"if","locations":[{"start":{"line":76,"column":8},"end":{"line":78,"column":9}},{"start":{},"end":{}}],"line":76},"14":{"loc":{"start":{"line":94,"column":8},"end":{"line":97,"column":9}},"type":"if","locations":[{"start":{"line":94,"column":8},"end":{"line":97,"column":9}},{"start":{},"end":{}}],"line":94},"15":{"loc":{"start":{"line":99,"column":8},"end":{"line":102,"column":9}},"type":"if","locations":[{"start":{"line":99,"column":8},"end":{"line":102,"column":9}},{"start":{},"end":{}}],"line":99},"16":{"loc":{"start":{"line":104,"column":12},"end":{"line":107,"column":13}},"type":"if","locations":[{"start":{"line":104,"column":12},"end":{"line":107,"column":13}},{"start":{},"end":{}}],"line":104},"17":{"loc":{"start":{"line":113,"column":16},"end":{"line":116,"column":17}},"type":"if","locations":[{"start":{"line":113,"column":16},"end":{"line":116,"column":17}},{"start":{},"end":{}}],"line":113},"18":{"loc":{"start":{"line":117,"column":16},"end":{"line":122,"column":17}},"type":"if","locations":[{"start":{"line":117,"column":16},"end":{"line":122,"column":17}},{"start":{},"end":{}}],"line":117},"19":{"loc":{"start":{"line":117,"column":20},"end":{"line":117,"column":83}},"type":"binary-expr","locations":[{"start":{"line":117,"column":20},"end":{"line":117,"column":38}},{"start":{"line":117,"column":42},"end":{"line":117,"column":83}}],"line":117},"20":{"loc":{"start":{"line":147,"column":8},"end":{"line":150,"column":9}},"type":"if","locations":[{"start":{"line":147,"column":8},"end":{"line":150,"column":9}},{"start":{},"end":{}}],"line":147},"21":{"loc":{"start":{"line":152,"column":8},"end":{"line":155,"column":9}},"type":"if","locations":[{"start":{"line":152,"column":8},"end":{"line":155,"column":9}},{"start":{},"end":{}}],"line":152},"22":{"loc":{"start":{"line":156,"column":8},"end":{"line":158,"column":9}},"type":"if","locations":[{"start":{"line":156,"column":8},"end":{"line":158,"column":9}},{"start":{},"end":{}}],"line":156},"23":{"loc":{"start":{"line":175,"column":18},"end":{"line":175,"column":62}},"type":"binary-expr","locations":[{"start":{"line":175,"column":18},"end":{"line":175,"column":31}},{"start":{"line":175,"column":35},"end":{"line":175,"column":62}}],"line":175},"24":{"loc":{"start":{"line":176,"column":4},"end":{"line":180,"column":5}},"type":"if","locations":[{"start":{"line":176,"column":4},"end":{"line":180,"column":5}},{"start":{},"end":{}}],"line":176},"25":{"loc":{"start":{"line":181,"column":4},"end":{"line":184,"column":5}},"type":"if","locations":[{"start":{"line":181,"column":4},"end":{"line":184,"column":5}},{"start":{},"end":{}}],"line":181},"26":{"loc":{"start":{"line":186,"column":8},"end":{"line":189,"column":9}},"type":"if","locations":[{"start":{"line":186,"column":8},"end":{"line":189,"column":9}},{"start":{},"end":{}}],"line":186}},"s":{"0":4,"1":58,"2":15,"3":28,"4":49,"5":49,"6":0,"7":9,"8":9,"9":0,"10":86,"11":28,"12":4,"13":12,"14":4,"15":4,"16":4,"17":4,"18":4,"19":4,"20":6,"21":6,"22":6,"23":6,"24":6,"25":5,"26":1,"27":5,"28":4,"29":8,"30":0,"31":8,"32":8,"33":8,"34":8,"35":4,"36":8,"37":8,"38":8,"39":8,"40":1,"41":1,"42":7,"43":7,"44":1,"45":1,"46":6,"47":0,"48":0,"49":6,"50":6,"51":0,"52":0,"53":6,"54":0,"55":6,"56":6,"57":6,"58":0,"59":4,"60":7,"61":7,"62":0,"63":0,"64":7,"65":0,"66":0,"67":7,"68":7,"69":7,"70":0,"71":0,"72":7,"73":7,"74":7,"75":7,"76":1,"77":1,"78":6,"79":3,"80":3,"81":3,"82":3,"83":3,"84":9,"85":3,"86":3,"87":0,"88":0,"89":4,"90":1,"91":1,"92":1,"93":1,"94":1,"95":0,"96":4,"97":6,"98":6,"99":6,"100":2,"101":0,"102":0,"103":2,"104":2,"105":0,"106":0,"107":2,"108":0,"109":2,"110":2,"111":2,"112":4,"113":4,"114":14,"115":14,"116":14,"117":14,"118":6,"119":6,"120":6,"121":8,"122":0,"123":0,"124":8,"125":8,"126":1,"127":1,"128":7,"129":7,"130":4,"131":4},"f":{"0":28,"1":58,"2":15,"3":28,"4":49,"5":9,"6":86,"7":12,"8":6,"9":6,"10":8,"11":8,"12":8,"13":7,"14":7,"15":7,"16":7,"17":9,"18":1,"19":1,"20":6,"21":6,"22":14,"23":8},"b":{"0":[4,4,4],"1":[43,15],"2":[28,28],"3":[28,58],"4":[28,28],"5":[4,4,4],"6":[4,8],"7":[12,12],"8":[0,8],"9":[1,7],"10":[1,6],"11":[0,6],"12":[0,6],"13":[0,6],"14":[0,7],"15":[0,7],"16":[0,7],"17":[1,6],"18":[3,3],"19":[6,6],"20":[0,2],"21":[0,2],"22":[0,2],"23":[14,8],"24":[6,8],"25":[0,8],"26":[1,7]},"inputSourceMap":null,"_coverageSchema":"1a1c01bbd47fc00a2c39e90264f33305004495a9","hash":"81bfa200ac337ab36a4f57975783ceb1f9ab22b3"}
,"C:\\Users\\adamb\\OneDrive\\Desktop\\matala 2 year 3\\dist\\src\\controllers\\comments_controller.js": {"path":"C:\\Users\\adamb\\OneDrive\\Desktop\\matala 2 year 3\\dist\\src\\controllers\\comments_controller.js","statementMap":{"0":{"start":{"line":2,"column":16},"end":{"line":10,"column":1}},"1":{"start":{"line":3,"column":28},"end":{"line":3,"column":110}},"2":{"start":{"line":3,"column":91},"end":{"line":3,"column":106}},"3":{"start":{"line":4,"column":4},"end":{"line":9,"column":7}},"4":{"start":{"line":5,"column":36},"end":{"line":5,"column":97}},"5":{"start":{"line":5,"column":42},"end":{"line":5,"column":70}},"6":{"start":{"line":5,"column":85},"end":{"line":5,"column":95}},"7":{"start":{"line":6,"column":35},"end":{"line":6,"column":100}},"8":{"start":{"line":6,"column":41},"end":{"line":6,"column":73}},"9":{"start":{"line":6,"column":88},"end":{"line":6,"column":98}},"10":{"start":{"line":7,"column":32},"end":{"line":7,"column":116}},"11":{"start":{"line":8,"column":8},"end":{"line":8,"column":78}},"12":{"start":{"line":11,"column":22},"end":{"line":13,"column":1}},"13":{"start":{"line":12,"column":4},"end":{"line":12,"column":62}},"14":{"start":{"line":14,"column":0},"end":{"line":14,"column":62}},"15":{"start":{"line":15,"column":27},"end":{"line":15,"column":82}},"16":{"start":{"line":16,"column":19},"end":{"line":25,"column":2}},"17":{"start":{"line":16,"column":33},"end":{"line":25,"column":2}},"18":{"start":{"line":17,"column":4},"end":{"line":24,"column":5}},"19":{"start":{"line":18,"column":24},"end":{"line":18,"column":64}},"20":{"start":{"line":19,"column":8},"end":{"line":19,"column":29}},"21":{"start":{"line":20,"column":8},"end":{"line":20,"column":26}},"22":{"start":{"line":23,"column":8},"end":{"line":23,"column":36}},"23":{"start":{"line":26,"column":23},"end":{"line":34,"column":2}},"24":{"start":{"line":26,"column":37},"end":{"line":34,"column":2}},"25":{"start":{"line":27,"column":4},"end":{"line":33,"column":5}},"26":{"start":{"line":28,"column":25},"end":{"line":28,"column":64}},"27":{"start":{"line":29,"column":8},"end":{"line":29,"column":27}},"28":{"start":{"line":32,"column":8},"end":{"line":32,"column":36}},"29":{"start":{"line":35,"column":23},"end":{"line":47,"column":2}},"30":{"start":{"line":35,"column":37},"end":{"line":47,"column":2}},"31":{"start":{"line":36,"column":22},"end":{"line":36,"column":35}},"32":{"start":{"line":37,"column":4},"end":{"line":46,"column":5}},"33":{"start":{"line":38,"column":24},"end":{"line":38,"column":76}},"34":{"start":{"line":39,"column":8},"end":{"line":42,"column":54}},"35":{"start":{"line":40,"column":12},"end":{"line":40,"column":30}},"36":{"start":{"line":42,"column":12},"end":{"line":42,"column":54}},"37":{"start":{"line":45,"column":8},"end":{"line":45,"column":36}},"38":{"start":{"line":48,"column":26},"end":{"line":63,"column":2}},"39":{"start":{"line":48,"column":40},"end":{"line":63,"column":2}},"40":{"start":{"line":49,"column":22},"end":{"line":49,"column":35}},"41":{"start":{"line":50,"column":24},"end":{"line":50,"column":32}},"42":{"start":{"line":51,"column":4},"end":{"line":62,"column":5}},"43":{"start":{"line":52,"column":28},"end":{"line":54,"column":10}},"44":{"start":{"line":55,"column":8},"end":{"line":57,"column":9}},"45":{"start":{"line":56,"column":12},"end":{"line":56,"column":58}},"46":{"start":{"line":58,"column":8},"end":{"line":58,"column":42}},"47":{"start":{"line":61,"column":8},"end":{"line":61,"column":36}},"48":{"start":{"line":64,"column":26},"end":{"line":76,"column":2}},"49":{"start":{"line":64,"column":40},"end":{"line":76,"column":2}},"50":{"start":{"line":65,"column":22},"end":{"line":65,"column":35}},"51":{"start":{"line":66,"column":4},"end":{"line":75,"column":5}},"52":{"start":{"line":67,"column":24},"end":{"line":67,"column":85}},"53":{"start":{"line":68,"column":8},"end":{"line":70,"column":9}},"54":{"start":{"line":69,"column":12},"end":{"line":69,"column":61}},"55":{"start":{"line":71,"column":8},"end":{"line":71,"column":38}},"56":{"start":{"line":74,"column":8},"end":{"line":74,"column":36}},"57":{"start":{"line":77,"column":0},"end":{"line":77,"column":103}}},"fnMap":{"0":{"name":"(anonymous_0)","decl":{"start":{"line":2,"column":44},"end":{"line":2,"column":45}},"loc":{"start":{"line":2,"column":89},"end":{"line":10,"column":1}},"line":2},"1":{"name":"adopt","decl":{"start":{"line":3,"column":13},"end":{"line":3,"column":18}},"loc":{"start":{"line":3,"column":26},"end":{"line":3,"column":112}},"line":3},"2":{"name":"(anonymous_2)","decl":{"start":{"line":3,"column":70},"end":{"line":3,"column":71}},"loc":{"start":{"line":3,"column":89},"end":{"line":3,"column":108}},"line":3},"3":{"name":"(anonymous_3)","decl":{"start":{"line":4,"column":36},"end":{"line":4,"column":37}},"loc":{"start":{"line":4,"column":63},"end":{"line":9,"column":5}},"line":4},"4":{"name":"fulfilled","decl":{"start":{"line":5,"column":17},"end":{"line":5,"column":26}},"loc":{"start":{"line":5,"column":34},"end":{"line":5,"column":99}},"line":5},"5":{"name":"rejected","decl":{"start":{"line":6,"column":17},"end":{"line":6,"column":25}},"loc":{"start":{"line":6,"column":33},"end":{"line":6,"column":102}},"line":6},"6":{"name":"step","decl":{"start":{"line":7,"column":17},"end":{"line":7,"column":21}},"loc":{"start":{"line":7,"column":30},"end":{"line":7,"column":118}},"line":7},"7":{"name":"(anonymous_7)","decl":{"start":{"line":11,"column":56},"end":{"line":11,"column":57}},"loc":{"start":{"line":11,"column":71},"end":{"line":13,"column":1}},"line":11},"8":{"name":"(anonymous_8)","decl":{"start":{"line":16,"column":19},"end":{"line":16,"column":20}},"loc":{"start":{"line":16,"column":33},"end":{"line":25,"column":2}},"line":16},"9":{"name":"(anonymous_9)","decl":{"start":{"line":16,"column":67},"end":{"line":16,"column":68}},"loc":{"start":{"line":16,"column":80},"end":{"line":25,"column":1}},"line":16},"10":{"name":"(anonymous_10)","decl":{"start":{"line":26,"column":23},"end":{"line":26,"column":24}},"loc":{"start":{"line":26,"column":37},"end":{"line":34,"column":2}},"line":26},"11":{"name":"(anonymous_11)","decl":{"start":{"line":26,"column":71},"end":{"line":26,"column":72}},"loc":{"start":{"line":26,"column":84},"end":{"line":34,"column":1}},"line":26},"12":{"name":"(anonymous_12)","decl":{"start":{"line":35,"column":23},"end":{"line":35,"column":24}},"loc":{"start":{"line":35,"column":37},"end":{"line":47,"column":2}},"line":35},"13":{"name":"(anonymous_13)","decl":{"start":{"line":35,"column":71},"end":{"line":35,"column":72}},"loc":{"start":{"line":35,"column":84},"end":{"line":47,"column":1}},"line":35},"14":{"name":"(anonymous_14)","decl":{"start":{"line":48,"column":26},"end":{"line":48,"column":27}},"loc":{"start":{"line":48,"column":40},"end":{"line":63,"column":2}},"line":48},"15":{"name":"(anonymous_15)","decl":{"start":{"line":48,"column":74},"end":{"line":48,"column":75}},"loc":{"start":{"line":48,"column":87},"end":{"line":63,"column":1}},"line":48},"16":{"name":"(anonymous_16)","decl":{"start":{"line":64,"column":26},"end":{"line":64,"column":27}},"loc":{"start":{"line":64,"column":40},"end":{"line":76,"column":2}},"line":64},"17":{"name":"(anonymous_17)","decl":{"start":{"line":64,"column":74},"end":{"line":64,"column":75}},"loc":{"start":{"line":64,"column":87},"end":{"line":76,"column":1}},"line":64}},"branchMap":{"0":{"loc":{"start":{"line":2,"column":16},"end":{"line":10,"column":1}},"type":"binary-expr","locations":[{"start":{"line":2,"column":17},"end":{"line":2,"column":21}},{"start":{"line":2,"column":25},"end":{"line":2,"column":39}},{"start":{"line":2,"column":44},"end":{"line":10,"column":1}}],"line":2},"1":{"loc":{"start":{"line":3,"column":35},"end":{"line":3,"column":109}},"type":"cond-expr","locations":[{"start":{"line":3,"column":56},"end":{"line":3,"column":61}},{"start":{"line":3,"column":64},"end":{"line":3,"column":109}}],"line":3},"2":{"loc":{"start":{"line":4,"column":16},"end":{"line":4,"column":34}},"type":"binary-expr","locations":[{"start":{"line":4,"column":16},"end":{"line":4,"column":17}},{"start":{"line":4,"column":22},"end":{"line":4,"column":33}}],"line":4},"3":{"loc":{"start":{"line":7,"column":32},"end":{"line":7,"column":115}},"type":"cond-expr","locations":[{"start":{"line":7,"column":46},"end":{"line":7,"column":67}},{"start":{"line":7,"column":70},"end":{"line":7,"column":115}}],"line":7},"4":{"loc":{"start":{"line":8,"column":51},"end":{"line":8,"column":67}},"type":"binary-expr","locations":[{"start":{"line":8,"column":51},"end":{"line":8,"column":61}},{"start":{"line":8,"column":65},"end":{"line":8,"column":67}}],"line":8},"5":{"loc":{"start":{"line":11,"column":22},"end":{"line":13,"column":1}},"type":"binary-expr","locations":[{"start":{"line":11,"column":23},"end":{"line":11,"column":27}},{"start":{"line":11,"column":31},"end":{"line":11,"column":51}},{"start":{"line":11,"column":56},"end":{"line":13,"column":1}}],"line":11},"6":{"loc":{"start":{"line":12,"column":11},"end":{"line":12,"column":61}},"type":"cond-expr","locations":[{"start":{"line":12,"column":37},"end":{"line":12,"column":40}},{"start":{"line":12,"column":43},"end":{"line":12,"column":61}}],"line":12},"7":{"loc":{"start":{"line":12,"column":12},"end":{"line":12,"column":33}},"type":"binary-expr","locations":[{"start":{"line":12,"column":12},"end":{"line":12,"column":15}},{"start":{"line":12,"column":19},"end":{"line":12,"column":33}}],"line":12},"8":{"loc":{"start":{"line":39,"column":8},"end":{"line":42,"column":54}},"type":"if","locations":[{"start":{"line":39,"column":8},"end":{"line":42,"column":54}},{"start":{"line":42,"column":12},"end":{"line":42,"column":54}}],"line":39},"9":{"loc":{"start":{"line":55,"column":8},"end":{"line":57,"column":9}},"type":"if","locations":[{"start":{"line":55,"column":8},"end":{"line":57,"column":9}},{"start":{},"end":{}}],"line":55},"10":{"loc":{"start":{"line":68,"column":8},"end":{"line":70,"column":9}},"type":"if","locations":[{"start":{"line":68,"column":8},"end":{"line":70,"column":9}},{"start":{},"end":{}}],"line":68}},"s":{"0":4,"1":6,"2":5,"3":6,"4":6,"5":6,"6":0,"7":0,"8":0,"9":0,"10":12,"11":6,"12":4,"13":4,"14":4,"15":4,"16":4,"17":1,"18":1,"19":1,"20":1,"21":1,"22":0,"23":4,"24":2,"25":2,"26":2,"27":2,"28":0,"29":4,"30":1,"31":1,"32":1,"33":1,"34":1,"35":1,"36":0,"37":0,"38":4,"39":1,"40":1,"41":1,"42":1,"43":1,"44":1,"45":0,"46":1,"47":0,"48":4,"49":1,"50":1,"51":1,"52":1,"53":1,"54":0,"55":1,"56":0,"57":4},"f":{"0":6,"1":6,"2":5,"3":6,"4":6,"5":0,"6":12,"7":4,"8":1,"9":1,"10":2,"11":2,"12":1,"13":1,"14":1,"15":1,"16":1,"17":1},"b":{"0":[4,4,4],"1":[1,5],"2":[6,6],"3":[6,6],"4":[6,6],"5":[4,4,4],"6":[4,0],"7":[4,4],"8":[1,0],"9":[0,1],"10":[0,1]},"inputSourceMap":null,"_coverageSchema":"1a1c01bbd47fc00a2c39e90264f33305004495a9","hash":"d102010d29570b335c24bebc48e55c318660b274"}
,"C:\\Users\\adamb\\OneDrive\\Desktop\\matala 2 year 3\\dist\\src\\controllers\\posts_controller.js": {"path":"C:\\Users\\adamb\\OneDrive\\Desktop\\matala 2 year 3\\dist\\src\\controllers\\posts_controller.js","statementMap":{"0":{"start":{"line":2,"column":16},"end":{"line":10,"column":1}},"1":{"start":{"line":3,"column":28},"end":{"line":3,"column":110}},"2":{"start":{"line":3,"column":91},"end":{"line":3,"column":106}},"3":{"start":{"line":4,"column":4},"end":{"line":9,"column":7}},"4":{"start":{"line":5,"column":36},"end":{"line":5,"column":97}},"5":{"start":{"line":5,"column":42},"end":{"line":5,"column":70}},"6":{"start":{"line":5,"column":85},"end":{"line":5,"column":95}},"7":{"start":{"line":6,"column":35},"end":{"line":6,"column":100}},"8":{"start":{"line":6,"column":41},"end":{"line":6,"column":73}},"9":{"start":{"line":6,"column":88},"end":{"line":6,"column":98}},"10":{"start":{"line":7,"column":32},"end":{"line":7,"column":116}},"11":{"start":{"line":8,"column":8},"end":{"line":8,"column":78}},"12":{"start":{"line":11,"column":22},"end":{"line":13,"column":1}},"13":{"start":{"line":12,"column":4},"end":{"line":12,"column":62}},"14":{"start":{"line":14,"column":0},"end":{"line":14,"column":62}},"15":{"start":{"line":15,"column":23},"end":{"line":15,"column":74}},"16":{"start":{"line":16,"column":16},"end":{"line":26,"column":2}},"17":{"start":{"line":16,"column":30},"end":{"line":26,"column":2}},"18":{"start":{"line":17,"column":4},"end":{"line":17,"column":28}},"19":{"start":{"line":18,"column":4},"end":{"line":25,"column":5}},"20":{"start":{"line":19,"column":21},"end":{"line":19,"column":57}},"21":{"start":{"line":20,"column":8},"end":{"line":20,"column":26}},"22":{"start":{"line":21,"column":8},"end":{"line":21,"column":23}},"23":{"start":{"line":24,"column":8},"end":{"line":24,"column":29}},"24":{"start":{"line":27,"column":20},"end":{"line":37,"column":2}},"25":{"start":{"line":27,"column":34},"end":{"line":37,"column":2}},"26":{"start":{"line":28,"column":4},"end":{"line":36,"column":5}},"27":{"start":{"line":29,"column":8},"end":{"line":29,"column":37}},"28":{"start":{"line":30,"column":22},"end":{"line":30,"column":57}},"29":{"start":{"line":31,"column":8},"end":{"line":31,"column":38}},"30":{"start":{"line":32,"column":8},"end":{"line":32,"column":24}},"31":{"start":{"line":35,"column":8},"end":{"line":35,"column":36}},"32":{"start":{"line":38,"column":20},"end":{"line":52,"column":2}},"33":{"start":{"line":38,"column":34},"end":{"line":52,"column":2}},"34":{"start":{"line":39,"column":19},"end":{"line":39,"column":32}},"35":{"start":{"line":40,"column":4},"end":{"line":51,"column":5}},"36":{"start":{"line":41,"column":21},"end":{"line":41,"column":66}},"37":{"start":{"line":42,"column":8},"end":{"line":47,"column":9}},"38":{"start":{"line":43,"column":12},"end":{"line":43,"column":39}},"39":{"start":{"line":46,"column":12},"end":{"line":46,"column":51}},"40":{"start":{"line":50,"column":8},"end":{"line":50,"column":36}},"41":{"start":{"line":53,"column":20},"end":{"line":61,"column":2}},"42":{"start":{"line":53,"column":34},"end":{"line":61,"column":2}},"43":{"start":{"line":54,"column":4},"end":{"line":60,"column":5}},"44":{"start":{"line":55,"column":22},"end":{"line":55,"column":63}},"45":{"start":{"line":56,"column":8},"end":{"line":56,"column":24}},"46":{"start":{"line":59,"column":8},"end":{"line":59,"column":36}},"47":{"start":{"line":62,"column":23},"end":{"line":77,"column":2}},"48":{"start":{"line":62,"column":37},"end":{"line":77,"column":2}},"49":{"start":{"line":63,"column":19},"end":{"line":63,"column":32}},"50":{"start":{"line":64,"column":24},"end":{"line":64,"column":32}},"51":{"start":{"line":65,"column":4},"end":{"line":76,"column":5}},"52":{"start":{"line":66,"column":28},"end":{"line":68,"column":10}},"53":{"start":{"line":69,"column":8},"end":{"line":71,"column":9}},"54":{"start":{"line":70,"column":12},"end":{"line":70,"column":58}},"55":{"start":{"line":72,"column":8},"end":{"line":72,"column":42}},"56":{"start":{"line":75,"column":8},"end":{"line":75,"column":36}},"57":{"start":{"line":80,"column":26},"end":{"line":96,"column":2}},"58":{"start":{"line":80,"column":40},"end":{"line":96,"column":2}},"59":{"start":{"line":81,"column":21},"end":{"line":81,"column":39}},"60":{"start":{"line":82,"column":4},"end":{"line":84,"column":5}},"61":{"start":{"line":83,"column":8},"end":{"line":83,"column":72}},"62":{"start":{"line":85,"column":4},"end":{"line":95,"column":5}},"63":{"start":{"line":86,"column":22},"end":{"line":86,"column":69}},"64":{"start":{"line":87,"column":8},"end":{"line":89,"column":9}},"65":{"start":{"line":88,"column":12},"end":{"line":88,"column":92}},"66":{"start":{"line":90,"column":8},"end":{"line":90,"column":36}},"67":{"start":{"line":93,"column":8},"end":{"line":93,"column":27}},"68":{"start":{"line":94,"column":8},"end":{"line":94,"column":56}},"69":{"start":{"line":97,"column":0},"end":{"line":97,"column":104}}},"fnMap":{"0":{"name":"(anonymous_0)","decl":{"start":{"line":2,"column":44},"end":{"line":2,"column":45}},"loc":{"start":{"line":2,"column":89},"end":{"line":10,"column":1}},"line":2},"1":{"name":"adopt","decl":{"start":{"line":3,"column":13},"end":{"line":3,"column":18}},"loc":{"start":{"line":3,"column":26},"end":{"line":3,"column":112}},"line":3},"2":{"name":"(anonymous_2)","decl":{"start":{"line":3,"column":70},"end":{"line":3,"column":71}},"loc":{"start":{"line":3,"column":89},"end":{"line":3,"column":108}},"line":3},"3":{"name":"(anonymous_3)","decl":{"start":{"line":4,"column":36},"end":{"line":4,"column":37}},"loc":{"start":{"line":4,"column":63},"end":{"line":9,"column":5}},"line":4},"4":{"name":"fulfilled","decl":{"start":{"line":5,"column":17},"end":{"line":5,"column":26}},"loc":{"start":{"line":5,"column":34},"end":{"line":5,"column":99}},"line":5},"5":{"name":"rejected","decl":{"start":{"line":6,"column":17},"end":{"line":6,"column":25}},"loc":{"start":{"line":6,"column":33},"end":{"line":6,"column":102}},"line":6},"6":{"name":"step","decl":{"start":{"line":7,"column":17},"end":{"line":7,"column":21}},"loc":{"start":{"line":7,"column":30},"end":{"line":7,"column":118}},"line":7},"7":{"name":"(anonymous_7)","decl":{"start":{"line":11,"column":56},"end":{"line":11,"column":57}},"loc":{"start":{"line":11,"column":71},"end":{"line":13,"column":1}},"line":11},"8":{"name":"(anonymous_8)","decl":{"start":{"line":16,"column":16},"end":{"line":16,"column":17}},"loc":{"start":{"line":16,"column":30},"end":{"line":26,"column":2}},"line":16},"9":{"name":"(anonymous_9)","decl":{"start":{"line":16,"column":64},"end":{"line":16,"column":65}},"loc":{"start":{"line":16,"column":77},"end":{"line":26,"column":1}},"line":16},"10":{"name":"(anonymous_10)","decl":{"start":{"line":27,"column":20},"end":{"line":27,"column":21}},"loc":{"start":{"line":27,"column":34},"end":{"line":37,"column":2}},"line":27},"11":{"name":"(anonymous_11)","decl":{"start":{"line":27,"column":68},"end":{"line":27,"column":69}},"loc":{"start":{"line":27,"column":81},"end":{"line":37,"column":1}},"line":27},"12":{"name":"(anonymous_12)","decl":{"start":{"line":38,"column":20},"end":{"line":38,"column":21}},"loc":{"start":{"line":38,"column":34},"end":{"line":52,"column":2}},"line":38},"13":{"name":"(anonymous_13)","decl":{"start":{"line":38,"column":68},"end":{"line":38,"column":69}},"loc":{"start":{"line":38,"column":81},"end":{"line":52,"column":1}},"line":38},"14":{"name":"(anonymous_14)","decl":{"start":{"line":53,"column":20},"end":{"line":53,"column":21}},"loc":{"start":{"line":53,"column":34},"end":{"line":61,"column":2}},"line":53},"15":{"name":"(anonymous_15)","decl":{"start":{"line":53,"column":68},"end":{"line":53,"column":69}},"loc":{"start":{"line":53,"column":81},"end":{"line":61,"column":1}},"line":53},"16":{"name":"(anonymous_16)","decl":{"start":{"line":62,"column":23},"end":{"line":62,"column":24}},"loc":{"start":{"line":62,"column":37},"end":{"line":77,"column":2}},"line":62},"17":{"name":"(anonymous_17)","decl":{"start":{"line":62,"column":71},"end":{"line":62,"column":72}},"loc":{"start":{"line":62,"column":84},"end":{"line":77,"column":1}},"line":62},"18":{"name":"(anonymous_18)","decl":{"start":{"line":80,"column":26},"end":{"line":80,"column":27}},"loc":{"start":{"line":80,"column":40},"end":{"line":96,"column":2}},"line":80},"19":{"name":"(anonymous_19)","decl":{"start":{"line":80,"column":74},"end":{"line":80,"column":75}},"loc":{"start":{"line":80,"column":87},"end":{"line":96,"column":1}},"line":80}},"branchMap":{"0":{"loc":{"start":{"line":2,"column":16},"end":{"line":10,"column":1}},"type":"binary-expr","locations":[{"start":{"line":2,"column":17},"end":{"line":2,"column":21}},{"start":{"line":2,"column":25},"end":{"line":2,"column":39}},{"start":{"line":2,"column":44},"end":{"line":10,"column":1}}],"line":2},"1":{"loc":{"start":{"line":3,"column":35},"end":{"line":3,"column":109}},"type":"cond-expr","locations":[{"start":{"line":3,"column":56},"end":{"line":3,"column":61}},{"start":{"line":3,"column":64},"end":{"line":3,"column":109}}],"line":3},"2":{"loc":{"start":{"line":4,"column":16},"end":{"line":4,"column":34}},"type":"binary-expr","locations":[{"start":{"line":4,"column":16},"end":{"line":4,"column":17}},{"start":{"line":4,"column":22},"end":{"line":4,"column":33}}],"line":4},"3":{"loc":{"start":{"line":7,"column":32},"end":{"line":7,"column":115}},"type":"cond-expr","locations":[{"start":{"line":7,"column":46},"end":{"line":7,"column":67}},{"start":{"line":7,"column":70},"end":{"line":7,"column":115}}],"line":7},"4":{"loc":{"start":{"line":8,"column":51},"end":{"line":8,"column":67}},"type":"binary-expr","locations":[{"start":{"line":8,"column":51},"end":{"line":8,"column":61}},{"start":{"line":8,"column":65},"end":{"line":8,"column":67}}],"line":8},"5":{"loc":{"start":{"line":11,"column":22},"end":{"line":13,"column":1}},"type":"binary-expr","locations":[{"start":{"line":11,"column":23},"end":{"line":11,"column":27}},{"start":{"line":11,"column":31},"end":{"line":11,"column":51}},{"start":{"line":11,"column":56},"end":{"line":13,"column":1}}],"line":11},"6":{"loc":{"start":{"line":12,"column":11},"end":{"line":12,"column":61}},"type":"cond-expr","locations":[{"start":{"line":12,"column":37},"end":{"line":12,"column":40}},{"start":{"line":12,"column":43},"end":{"line":12,"column":61}}],"line":12},"7":{"loc":{"start":{"line":12,"column":12},"end":{"line":12,"column":33}},"type":"binary-expr","locations":[{"start":{"line":12,"column":12},"end":{"line":12,"column":15}},{"start":{"line":12,"column":19},"end":{"line":12,"column":33}}],"line":12},"8":{"loc":{"start":{"line":42,"column":8},"end":{"line":47,"column":9}},"type":"if","locations":[{"start":{"line":42,"column":8},"end":{"line":47,"column":9}},{"start":{"line":45,"column":13},"end":{"line":47,"column":9}}],"line":42},"9":{"loc":{"start":{"line":69,"column":8},"end":{"line":71,"column":9}},"type":"if","locations":[{"start":{"line":69,"column":8},"end":{"line":71,"column":9}},{"start":{},"end":{}}],"line":69},"10":{"loc":{"start":{"line":82,"column":4},"end":{"line":84,"column":5}},"type":"if","locations":[{"start":{"line":82,"column":4},"end":{"line":84,"column":5}},{"start":{},"end":{}}],"line":82},"11":{"loc":{"start":{"line":87,"column":8},"end":{"line":89,"column":9}},"type":"if","locations":[{"start":{"line":87,"column":8},"end":{"line":89,"column":9}},{"start":{},"end":{}}],"line":87}},"s":{"0":4,"1":8,"2":6,"3":8,"4":8,"5":8,"6":0,"7":0,"8":0,"9":0,"10":16,"11":8,"12":4,"13":4,"14":4,"15":4,"16":4,"17":2,"18":2,"19":2,"20":2,"21":2,"22":2,"23":0,"24":4,"25":2,"26":2,"27":2,"28":2,"29":2,"30":2,"31":0,"32":4,"33":1,"34":1,"35":1,"36":1,"37":1,"38":1,"39":0,"40":0,"41":4,"42":1,"43":1,"44":1,"45":1,"46":0,"47":4,"48":1,"49":1,"50":1,"51":1,"52":1,"53":1,"54":0,"55":1,"56":0,"57":4,"58":1,"59":1,"60":1,"61":0,"62":1,"63":1,"64":1,"65":0,"66":1,"67":0,"68":0,"69":4},"f":{"0":8,"1":8,"2":6,"3":8,"4":8,"5":0,"6":16,"7":4,"8":2,"9":2,"10":2,"11":2,"12":1,"13":1,"14":1,"15":1,"16":1,"17":1,"18":1,"19":1},"b":{"0":[4,4,4],"1":[2,6],"2":[8,8],"3":[8,8],"4":[8,8],"5":[4,4,4],"6":[4,0],"7":[4,4],"8":[1,0],"9":[0,1],"10":[0,1],"11":[0,1]},"inputSourceMap":null,"_coverageSchema":"1a1c01bbd47fc00a2c39e90264f33305004495a9","hash":"e9eaf744e0035cc618350bfd878a5aac8082da79"}
,"C:\\Users\\adamb\\OneDrive\\Desktop\\matala 2 year 3\\dist\\src\\controllers\\users_controller.js": {"path":"C:\\Users\\adamb\\OneDrive\\Desktop\\matala 2 year 3\\dist\\src\\controllers\\users_controller.js","statementMap":{"0":{"start":{"line":2,"column":16},"end":{"line":10,"column":1}},"1":{"start":{"line":3,"column":28},"end":{"line":3,"column":110}},"2":{"start":{"line":3,"column":91},"end":{"line":3,"column":106}},"3":{"start":{"line":4,"column":4},"end":{"line":9,"column":7}},"4":{"start":{"line":5,"column":36},"end":{"line":5,"column":97}},"5":{"start":{"line":5,"column":42},"end":{"line":5,"column":70}},"6":{"start":{"line":5,"column":85},"end":{"line":5,"column":95}},"7":{"start":{"line":6,"column":35},"end":{"line":6,"column":100}},"8":{"start":{"line":6,"column":41},"end":{"line":6,"column":73}},"9":{"start":{"line":6,"column":88},"end":{"line":6,"column":98}},"10":{"start":{"line":7,"column":32},"end":{"line":7,"column":116}},"11":{"start":{"line":8,"column":8},"end":{"line":8,"column":78}},"12":{"start":{"line":11,"column":22},"end":{"line":13,"column":1}},"13":{"start":{"line":12,"column":4},"end":{"line":12,"column":62}},"14":{"start":{"line":14,"column":0},"end":{"line":14,"column":62}},"15":{"start":{"line":15,"column":23},"end":{"line":15,"column":74}},"16":{"start":{"line":17,"column":19},"end":{"line":26,"column":2}},"17":{"start":{"line":17,"column":33},"end":{"line":26,"column":2}},"18":{"start":{"line":18,"column":4},"end":{"line":25,"column":5}},"19":{"start":{"line":19,"column":21},"end":{"line":19,"column":57}},"20":{"start":{"line":20,"column":8},"end":{"line":20,"column":26}},"21":{"start":{"line":21,"column":8},"end":{"line":21,"column":35}},"22":{"start":{"line":24,"column":8},"end":{"line":24,"column":36}},"23":{"start":{"line":28,"column":20},"end":{"line":40,"column":2}},"24":{"start":{"line":28,"column":34},"end":{"line":40,"column":2}},"25":{"start":{"line":29,"column":19},"end":{"line":29,"column":32}},"26":{"start":{"line":30,"column":4},"end":{"line":39,"column":5}},"27":{"start":{"line":31,"column":21},"end":{"line":31,"column":66}},"28":{"start":{"line":32,"column":8},"end":{"line":35,"column":51}},"29":{"start":{"line":33,"column":12},"end":{"line":33,"column":27}},"30":{"start":{"line":35,"column":12},"end":{"line":35,"column":51}},"31":{"start":{"line":38,"column":8},"end":{"line":38,"column":36}},"32":{"start":{"line":42,"column":27},"end":{"line":57,"column":2}},"33":{"start":{"line":42,"column":41},"end":{"line":57,"column":2}},"34":{"start":{"line":43,"column":15},"end":{"line":43,"column":28}},"35":{"start":{"line":44,"column":24},"end":{"line":44,"column":32}},"36":{"start":{"line":45,"column":4},"end":{"line":56,"column":5}},"37":{"start":{"line":46,"column":28},"end":{"line":48,"column":10}},"38":{"start":{"line":49,"column":8},"end":{"line":51,"column":9}},"39":{"start":{"line":50,"column":12},"end":{"line":50,"column":58}},"40":{"start":{"line":52,"column":8},"end":{"line":52,"column":42}},"41":{"start":{"line":55,"column":8},"end":{"line":55,"column":24}},"42":{"start":{"line":59,"column":25},"end":{"line":74,"column":2}},"43":{"start":{"line":59,"column":39},"end":{"line":74,"column":2}},"44":{"start":{"line":60,"column":15},"end":{"line":60,"column":28}},"45":{"start":{"line":61,"column":24},"end":{"line":61,"column":32}},"46":{"start":{"line":62,"column":4},"end":{"line":73,"column":5}},"47":{"start":{"line":63,"column":28},"end":{"line":65,"column":10}},"48":{"start":{"line":66,"column":8},"end":{"line":68,"column":9}},"49":{"start":{"line":67,"column":12},"end":{"line":67,"column":58}},"50":{"start":{"line":69,"column":8},"end":{"line":69,"column":42}},"51":{"start":{"line":72,"column":8},"end":{"line":72,"column":36}},"52":{"start":{"line":76,"column":23},"end":{"line":88,"column":2}},"53":{"start":{"line":76,"column":37},"end":{"line":88,"column":2}},"54":{"start":{"line":77,"column":15},"end":{"line":77,"column":28}},"55":{"start":{"line":78,"column":4},"end":{"line":87,"column":5}},"56":{"start":{"line":79,"column":21},"end":{"line":79,"column":79}},"57":{"start":{"line":80,"column":8},"end":{"line":82,"column":9}},"58":{"start":{"line":81,"column":12},"end":{"line":81,"column":58}},"59":{"start":{"line":83,"column":8},"end":{"line":83,"column":35}},"60":{"start":{"line":86,"column":8},"end":{"line":86,"column":36}},"61":{"start":{"line":90,"column":20},"end":{"line":98,"column":2}},"62":{"start":{"line":90,"column":34},"end":{"line":98,"column":2}},"63":{"start":{"line":91,"column":4},"end":{"line":97,"column":5}},"64":{"start":{"line":92,"column":22},"end":{"line":92,"column":57}},"65":{"start":{"line":93,"column":8},"end":{"line":93,"column":24}},"66":{"start":{"line":96,"column":8},"end":{"line":96,"column":36}},"67":{"start":{"line":99,"column":0},"end":{"line":99,"column":113}}},"fnMap":{"0":{"name":"(anonymous_0)","decl":{"start":{"line":2,"column":44},"end":{"line":2,"column":45}},"loc":{"start":{"line":2,"column":89},"end":{"line":10,"column":1}},"line":2},"1":{"name":"adopt","decl":{"start":{"line":3,"column":13},"end":{"line":3,"column":18}},"loc":{"start":{"line":3,"column":26},"end":{"line":3,"column":112}},"line":3},"2":{"name":"(anonymous_2)","decl":{"start":{"line":3,"column":70},"end":{"line":3,"column":71}},"loc":{"start":{"line":3,"column":89},"end":{"line":3,"column":108}},"line":3},"3":{"name":"(anonymous_3)","decl":{"start":{"line":4,"column":36},"end":{"line":4,"column":37}},"loc":{"start":{"line":4,"column":63},"end":{"line":9,"column":5}},"line":4},"4":{"name":"fulfilled","decl":{"start":{"line":5,"column":17},"end":{"line":5,"column":26}},"loc":{"start":{"line":5,"column":34},"end":{"line":5,"column":99}},"line":5},"5":{"name":"rejected","decl":{"start":{"line":6,"column":17},"end":{"line":6,"column":25}},"loc":{"start":{"line":6,"column":33},"end":{"line":6,"column":102}},"line":6},"6":{"name":"step","decl":{"start":{"line":7,"column":17},"end":{"line":7,"column":21}},"loc":{"start":{"line":7,"column":30},"end":{"line":7,"column":118}},"line":7},"7":{"name":"(anonymous_7)","decl":{"start":{"line":11,"column":56},"end":{"line":11,"column":57}},"loc":{"start":{"line":11,"column":71},"end":{"line":13,"column":1}},"line":11},"8":{"name":"(anonymous_8)","decl":{"start":{"line":17,"column":19},"end":{"line":17,"column":20}},"loc":{"start":{"line":17,"column":33},"end":{"line":26,"column":2}},"line":17},"9":{"name":"(anonymous_9)","decl":{"start":{"line":17,"column":67},"end":{"line":17,"column":68}},"loc":{"start":{"line":17,"column":80},"end":{"line":26,"column":1}},"line":17},"10":{"name":"(anonymous_10)","decl":{"start":{"line":28,"column":20},"end":{"line":28,"column":21}},"loc":{"start":{"line":28,"column":34},"end":{"line":40,"column":2}},"line":28},"11":{"name":"(anonymous_11)","decl":{"start":{"line":28,"column":68},"end":{"line":28,"column":69}},"loc":{"start":{"line":28,"column":81},"end":{"line":40,"column":1}},"line":28},"12":{"name":"(anonymous_12)","decl":{"start":{"line":42,"column":27},"end":{"line":42,"column":28}},"loc":{"start":{"line":42,"column":41},"end":{"line":57,"column":2}},"line":42},"13":{"name":"(anonymous_13)","decl":{"start":{"line":42,"column":75},"end":{"line":42,"column":76}},"loc":{"start":{"line":42,"column":88},"end":{"line":57,"column":1}},"line":42},"14":{"name":"(anonymous_14)","decl":{"start":{"line":59,"column":25},"end":{"line":59,"column":26}},"loc":{"start":{"line":59,"column":39},"end":{"line":74,"column":2}},"line":59},"15":{"name":"(anonymous_15)","decl":{"start":{"line":59,"column":73},"end":{"line":59,"column":74}},"loc":{"start":{"line":59,"column":86},"end":{"line":74,"column":1}},"line":59},"16":{"name":"(anonymous_16)","decl":{"start":{"line":76,"column":23},"end":{"line":76,"column":24}},"loc":{"start":{"line":76,"column":37},"end":{"line":88,"column":2}},"line":76},"17":{"name":"(anonymous_17)","decl":{"start":{"line":76,"column":71},"end":{"line":76,"column":72}},"loc":{"start":{"line":76,"column":84},"end":{"line":88,"column":1}},"line":76},"18":{"name":"(anonymous_18)","decl":{"start":{"line":90,"column":20},"end":{"line":90,"column":21}},"loc":{"start":{"line":90,"column":34},"end":{"line":98,"column":2}},"line":90},"19":{"name":"(anonymous_19)","decl":{"start":{"line":90,"column":68},"end":{"line":90,"column":69}},"loc":{"start":{"line":90,"column":81},"end":{"line":98,"column":1}},"line":90}},"branchMap":{"0":{"loc":{"start":{"line":2,"column":16},"end":{"line":10,"column":1}},"type":"binary-expr","locations":[{"start":{"line":2,"column":17},"end":{"line":2,"column":21}},{"start":{"line":2,"column":25},"end":{"line":2,"column":39}},{"start":{"line":2,"column":44},"end":{"line":10,"column":1}}],"line":2},"1":{"loc":{"start":{"line":3,"column":35},"end":{"line":3,"column":109}},"type":"cond-expr","locations":[{"start":{"line":3,"column":56},"end":{"line":3,"column":61}},{"start":{"line":3,"column":64},"end":{"line":3,"column":109}}],"line":3},"2":{"loc":{"start":{"line":4,"column":16},"end":{"line":4,"column":34}},"type":"binary-expr","locations":[{"start":{"line":4,"column":16},"end":{"line":4,"column":17}},{"start":{"line":4,"column":22},"end":{"line":4,"column":33}}],"line":4},"3":{"loc":{"start":{"line":7,"column":32},"end":{"line":7,"column":115}},"type":"cond-expr","locations":[{"start":{"line":7,"column":46},"end":{"line":7,"column":67}},{"start":{"line":7,"column":70},"end":{"line":7,"column":115}}],"line":7},"4":{"loc":{"start":{"line":8,"column":51},"end":{"line":8,"column":67}},"type":"binary-expr","locations":[{"start":{"line":8,"column":51},"end":{"line":8,"column":61}},{"start":{"line":8,"column":65},"end":{"line":8,"column":67}}],"line":8},"5":{"loc":{"start":{"line":11,"column":22},"end":{"line":13,"column":1}},"type":"binary-expr","locations":[{"start":{"line":11,"column":23},"end":{"line":11,"column":27}},{"start":{"line":11,"column":31},"end":{"line":11,"column":51}},{"start":{"line":11,"column":56},"end":{"line":13,"column":1}}],"line":11},"6":{"loc":{"start":{"line":12,"column":11},"end":{"line":12,"column":61}},"type":"cond-expr","locations":[{"start":{"line":12,"column":37},"end":{"line":12,"column":40}},{"start":{"line":12,"column":43},"end":{"line":12,"column":61}}],"line":12},"7":{"loc":{"start":{"line":12,"column":12},"end":{"line":12,"column":33}},"type":"binary-expr","locations":[{"start":{"line":12,"column":12},"end":{"line":12,"column":15}},{"start":{"line":12,"column":19},"end":{"line":12,"column":33}}],"line":12},"8":{"loc":{"start":{"line":32,"column":8},"end":{"line":35,"column":51}},"type":"if","locations":[{"start":{"line":32,"column":8},"end":{"line":35,"column":51}},{"start":{"line":35,"column":12},"end":{"line":35,"column":51}}],"line":32},"9":{"loc":{"start":{"line":49,"column":8},"end":{"line":51,"column":9}},"type":"if","locations":[{"start":{"line":49,"column":8},"end":{"line":51,"column":9}},{"start":{},"end":{}}],"line":49},"10":{"loc":{"start":{"line":66,"column":8},"end":{"line":68,"column":9}},"type":"if","locations":[{"start":{"line":66,"column":8},"end":{"line":68,"column":9}},{"start":{},"end":{}}],"line":66},"11":{"loc":{"start":{"line":80,"column":8},"end":{"line":82,"column":9}},"type":"if","locations":[{"start":{"line":80,"column":8},"end":{"line":82,"column":9}},{"start":{},"end":{}}],"line":80}},"s":{"0":4,"1":3,"2":2,"3":3,"4":3,"5":3,"6":0,"7":0,"8":0,"9":0,"10":6,"11":3,"12":4,"13":4,"14":4,"15":4,"16":4,"17":1,"18":1,"19":1,"20":1,"21":1,"22":0,"23":4,"24":1,"25":1,"26":1,"27":1,"28":1,"29":1,"30":0,"31":0,"32":4,"33":0,"34":0,"35":0,"36":0,"37":0,"38":0,"39":0,"40":0,"41":0,"42":4,"43":0,"44":0,"45":0,"46":0,"47":0,"48":0,"49":0,"50":0,"51":0,"52":4,"53":0,"54":0,"55":0,"56":0,"57":0,"58":0,"59":0,"60":0,"61":4,"62":1,"63":1,"64":1,"65":1,"66":0,"67":4},"f":{"0":3,"1":3,"2":2,"3":3,"4":3,"5":0,"6":6,"7":4,"8":1,"9":1,"10":1,"11":1,"12":0,"13":0,"14":0,"15":0,"16":0,"17":0,"18":1,"19":1},"b":{"0":[4,4,4],"1":[1,2],"2":[3,3],"3":[3,3],"4":[3,3],"5":[4,4,4],"6":[4,0],"7":[4,4],"8":[1,0],"9":[0,0],"10":[0,0],"11":[0,0]},"inputSourceMap":null,"_coverageSchema":"1a1c01bbd47fc00a2c39e90264f33305004495a9","hash":"7a37655e9b03fadfae78b61af5e41c2f2e13bdc0"}
,"C:\\Users\\adamb\\OneDrive\\Desktop\\matala 2 year 3\\dist\\src\\modules\\comments_modules.js": {"path":"C:\\Users\\adamb\\OneDrive\\Desktop\\matala 2 year 3\\dist\\src\\modules\\comments_modules.js","statementMap":{"0":{"start":{"line":2,"column":22},"end":{"line":4,"column":1}},"1":{"start":{"line":3,"column":4},"end":{"line":3,"column":62}},"2":{"start":{"line":5,"column":0},"end":{"line":5,"column":62}},"3":{"start":{"line":6,"column":19},"end":{"line":6,"column":55}},"4":{"start":{"line":7,"column":22},"end":{"line":20,"column":2}},"5":{"start":{"line":21,"column":22},"end":{"line":21,"column":73}},"6":{"start":{"line":22,"column":0},"end":{"line":22,"column":32}}},"fnMap":{"0":{"name":"(anonymous_0)","decl":{"start":{"line":2,"column":56},"end":{"line":2,"column":57}},"loc":{"start":{"line":2,"column":71},"end":{"line":4,"column":1}},"line":2}},"branchMap":{"0":{"loc":{"start":{"line":2,"column":22},"end":{"line":4,"column":1}},"type":"binary-expr","locations":[{"start":{"line":2,"column":23},"end":{"line":2,"column":27}},{"start":{"line":2,"column":31},"end":{"line":2,"column":51}},{"start":{"line":2,"column":56},"end":{"line":4,"column":1}}],"line":2},"1":{"loc":{"start":{"line":3,"column":11},"end":{"line":3,"column":61}},"type":"cond-expr","locations":[{"start":{"line":3,"column":37},"end":{"line":3,"column":40}},{"start":{"line":3,"column":43},"end":{"line":3,"column":61}}],"line":3},"2":{"loc":{"start":{"line":3,"column":12},"end":{"line":3,"column":33}},"type":"binary-expr","locations":[{"start":{"line":3,"column":12},"end":{"line":3,"column":15}},{"start":{"line":3,"column":19},"end":{"line":3,"column":33}}],"line":3}},"s":{"0":4,"1":4,"2":4,"3":4,"4":4,"5":4,"6":4},"f":{"0":4},"b":{"0":[4,4,4],"1":[0,4],"2":[4,4]},"inputSourceMap":null,"_coverageSchema":"1a1c01bbd47fc00a2c39e90264f33305004495a9","hash":"a4000d83c2ad05dcdd382c444877f223bb3e238e"}
,"C:\\Users\\adamb\\OneDrive\\Desktop\\matala 2 year 3\\dist\\src\\modules\\post_modules.js": {"path":"C:\\Users\\adamb\\OneDrive\\Desktop\\matala 2 year 3\\dist\\src\\modules\\post_modules.js","statementMap":{"0":{"start":{"line":2,"column":22},"end":{"line":4,"column":1}},"1":{"start":{"line":3,"column":4},"end":{"line":3,"column":62}},"2":{"start":{"line":5,"column":0},"end":{"line":5,"column":62}},"3":{"start":{"line":6,"column":19},"end":{"line":6,"column":55}},"4":{"start":{"line":7,"column":19},"end":{"line":16,"column":2}},"5":{"start":{"line":17,"column":18},"end":{"line":17,"column":63}},"6":{"start":{"line":18,"column":0},"end":{"line":18,"column":28}}},"fnMap":{"0":{"name":"(anonymous_0)","decl":{"start":{"line":2,"column":56},"end":{"line":2,"column":57}},"loc":{"start":{"line":2,"column":71},"end":{"line":4,"column":1}},"line":2}},"branchMap":{"0":{"loc":{"start":{"line":2,"column":22},"end":{"line":4,"column":1}},"type":"binary-expr","locations":[{"start":{"line":2,"column":23},"end":{"line":2,"column":27}},{"start":{"line":2,"column":31},"end":{"line":2,"column":51}},{"start":{"line":2,"column":56},"end":{"line":4,"column":1}}],"line":2},"1":{"loc":{"start":{"line":3,"column":11},"end":{"line":3,"column":61}},"type":"cond-expr","locations":[{"start":{"line":3,"column":37},"end":{"line":3,"column":40}},{"start":{"line":3,"column":43},"end":{"line":3,"column":61}}],"line":3},"2":{"loc":{"start":{"line":3,"column":12},"end":{"line":3,"column":33}},"type":"binary-expr","locations":[{"start":{"line":3,"column":12},"end":{"line":3,"column":15}},{"start":{"line":3,"column":19},"end":{"line":3,"column":33}}],"line":3}},"s":{"0":4,"1":4,"2":4,"3":4,"4":4,"5":4,"6":4},"f":{"0":4},"b":{"0":[4,4,4],"1":[0,4],"2":[4,4]},"inputSourceMap":null,"_coverageSchema":"1a1c01bbd47fc00a2c39e90264f33305004495a9","hash":"a0e9b4d44d206ceb30f74e2fb16828299393a5fb"}
,"C:\\Users\\adamb\\OneDrive\\Desktop\\matala 2 year 3\\dist\\src\\modules\\user_modules.js": {"path":"C:\\Users\\adamb\\OneDrive\\Desktop\\matala 2 year 3\\dist\\src\\modules\\user_modules.js","statementMap":{"0":{"start":{"line":2,"column":22},"end":{"line":4,"column":1}},"1":{"start":{"line":3,"column":4},"end":{"line":3,"column":62}},"2":{"start":{"line":5,"column":0},"end":{"line":5,"column":62}},"3":{"start":{"line":6,"column":19},"end":{"line":6,"column":55}},"4":{"start":{"line":7,"column":19},"end":{"line":25,"column":2}},"5":{"start":{"line":26,"column":18},"end":{"line":26,"column":63}},"6":{"start":{"line":27,"column":0},"end":{"line":27,"column":28}}},"fnMap":{"0":{"name":"(anonymous_0)","decl":{"start":{"line":2,"column":56},"end":{"line":2,"column":57}},"loc":{"start":{"line":2,"column":71},"end":{"line":4,"column":1}},"line":2}},"branchMap":{"0":{"loc":{"start":{"line":2,"column":22},"end":{"line":4,"column":1}},"type":"binary-expr","locations":[{"start":{"line":2,"column":23},"end":{"line":2,"column":27}},{"start":{"line":2,"column":31},"end":{"line":2,"column":51}},{"start":{"line":2,"column":56},"end":{"line":4,"column":1}}],"line":2},"1":{"loc":{"start":{"line":3,"column":11},"end":{"line":3,"column":61}},"type":"cond-expr","locations":[{"start":{"line":3,"column":37},"end":{"line":3,"column":40}},{"start":{"line":3,"column":43},"end":{"line":3,"column":61}}],"line":3},"2":{"loc":{"start":{"line":3,"column":12},"end":{"line":3,"column":33}},"type":"binary-expr","locations":[{"start":{"line":3,"column":12},"end":{"line":3,"column":15}},{"start":{"line":3,"column":19},"end":{"line":3,"column":33}}],"line":3}},"s":{"0":4,"1":4,"2":4,"3":4,"4":4,"5":4,"6":4},"f":{"0":4},"b":{"0":[4,4,4],"1":[0,4],"2":[4,4]},"inputSourceMap":null,"_coverageSchema":"1a1c01bbd47fc00a2c39e90264f33305004495a9","hash":"651e244ba3bc5936391499e08fafc9134c2e4e8d"}
,"C:\\Users\\adamb\\OneDrive\\Desktop\\matala 2 year 3\\dist\\src\\routes\\auth_routes.js": {"path":"C:\\Users\\adamb\\OneDrive\\Desktop\\matala 2 year 3\\dist\\src\\routes\\auth_routes.js","statementMap":{"0":{"start":{"line":2,"column":22},"end":{"line":4,"column":1}},"1":{"start":{"line":3,"column":4},"end":{"line":3,"column":62}},"2":{"start":{"line":5,"column":0},"end":{"line":5,"column":62}},"3":{"start":{"line":6,"column":18},"end":{"line":6,"column":53}},"4":{"start":{"line":7,"column":15},"end":{"line":7,"column":41}},"5":{"start":{"line":8,"column":26},"end":{"line":8,"column":84}},"6":{"start":{"line":68,"column":0},"end":{"line":68,"column":61}},"7":{"start":{"line":105,"column":0},"end":{"line":105,"column":55}},"8":{"start":{"line":143,"column":0},"end":{"line":143,"column":59}},"9":{"start":{"line":170,"column":0},"end":{"line":170,"column":57}},"10":{"start":{"line":171,"column":0},"end":{"line":171,"column":25}}},"fnMap":{"0":{"name":"(anonymous_0)","decl":{"start":{"line":2,"column":56},"end":{"line":2,"column":57}},"loc":{"start":{"line":2,"column":71},"end":{"line":4,"column":1}},"line":2}},"branchMap":{"0":{"loc":{"start":{"line":2,"column":22},"end":{"line":4,"column":1}},"type":"binary-expr","locations":[{"start":{"line":2,"column":23},"end":{"line":2,"column":27}},{"start":{"line":2,"column":31},"end":{"line":2,"column":51}},{"start":{"line":2,"column":56},"end":{"line":4,"column":1}}],"line":2},"1":{"loc":{"start":{"line":3,"column":11},"end":{"line":3,"column":61}},"type":"cond-expr","locations":[{"start":{"line":3,"column":37},"end":{"line":3,"column":40}},{"start":{"line":3,"column":43},"end":{"line":3,"column":61}}],"line":3},"2":{"loc":{"start":{"line":3,"column":12},"end":{"line":3,"column":33}},"type":"binary-expr","locations":[{"start":{"line":3,"column":12},"end":{"line":3,"column":15}},{"start":{"line":3,"column":19},"end":{"line":3,"column":33}}],"line":3}},"s":{"0":4,"1":8,"2":4,"3":4,"4":4,"5":4,"6":4,"7":4,"8":4,"9":4,"10":4},"f":{"0":8},"b":{"0":[4,4,4],"1":[4,4],"2":[8,8]},"inputSourceMap":null,"_coverageSchema":"1a1c01bbd47fc00a2c39e90264f33305004495a9","hash":"0a81e93120e5c5f1c692d75c6a0125d470fa861d"}
,"C:\\Users\\adamb\\OneDrive\\Desktop\\matala 2 year 3\\dist\\src\\routes\\comments_routes.js": {"path":"C:\\Users\\adamb\\OneDrive\\Desktop\\matala 2 year 3\\dist\\src\\routes\\comments_routes.js","statementMap":{"0":{"start":{"line":2,"column":22},"end":{"line":4,"column":1}},"1":{"start":{"line":3,"column":4},"end":{"line":3,"column":62}},"2":{"start":{"line":5,"column":0},"end":{"line":5,"column":62}},"3":{"start":{"line":6,"column":18},"end":{"line":6,"column":53}},"4":{"start":{"line":7,"column":15},"end":{"line":7,"column":41}},"5":{"start":{"line":8,"column":30},"end":{"line":8,"column":92}},"6":{"start":{"line":9,"column":26},"end":{"line":9,"column":67}},"7":{"start":{"line":81,"column":0},"end":{"line":81,"column":93}},"8":{"start":{"line":98,"column":0},"end":{"line":98,"column":62}},"9":{"start":{"line":134,"column":0},"end":{"line":136,"column":3}},"10":{"start":{"line":135,"column":4},"end":{"line":135,"column":62}},"11":{"start":{"line":137,"column":0},"end":{"line":137,"column":65}},"12":{"start":{"line":159,"column":0},"end":{"line":159,"column":65}},"13":{"start":{"line":197,"column":0},"end":{"line":199,"column":3}},"14":{"start":{"line":198,"column":4},"end":{"line":198,"column":62}},"15":{"start":{"line":200,"column":0},"end":{"line":200,"column":25}}},"fnMap":{"0":{"name":"(anonymous_0)","decl":{"start":{"line":2,"column":56},"end":{"line":2,"column":57}},"loc":{"start":{"line":2,"column":71},"end":{"line":4,"column":1}},"line":2},"1":{"name":"(anonymous_1)","decl":{"start":{"line":134,"column":53},"end":{"line":134,"column":54}},"loc":{"start":{"line":134,"column":67},"end":{"line":136,"column":1}},"line":134},"2":{"name":"(anonymous_2)","decl":{"start":{"line":197,"column":56},"end":{"line":197,"column":57}},"loc":{"start":{"line":197,"column":70},"end":{"line":199,"column":1}},"line":197}},"branchMap":{"0":{"loc":{"start":{"line":2,"column":22},"end":{"line":4,"column":1}},"type":"binary-expr","locations":[{"start":{"line":2,"column":23},"end":{"line":2,"column":27}},{"start":{"line":2,"column":31},"end":{"line":2,"column":51}},{"start":{"line":2,"column":56},"end":{"line":4,"column":1}}],"line":2},"1":{"loc":{"start":{"line":3,"column":11},"end":{"line":3,"column":61}},"type":"cond-expr","locations":[{"start":{"line":3,"column":37},"end":{"line":3,"column":40}},{"start":{"line":3,"column":43},"end":{"line":3,"column":61}}],"line":3},"2":{"loc":{"start":{"line":3,"column":12},"end":{"line":3,"column":33}},"type":"binary-expr","locations":[{"start":{"line":3,"column":12},"end":{"line":3,"column":15}},{"start":{"line":3,"column":19},"end":{"line":3,"column":33}}],"line":3}},"s":{"0":4,"1":8,"2":4,"3":4,"4":4,"5":4,"6":4,"7":4,"8":4,"9":4,"10":1,"11":4,"12":4,"13":4,"14":1,"15":4},"f":{"0":8,"1":1,"2":1},"b":{"0":[4,4,4],"1":[4,4],"2":[8,8]},"inputSourceMap":null,"_coverageSchema":"1a1c01bbd47fc00a2c39e90264f33305004495a9","hash":"77548aaa22190cba2c75e5b71c5a03207a6be94a"}
,"C:\\Users\\adamb\\OneDrive\\Desktop\\matala 2 year 3\\dist\\src\\routes\\posts_routes.js": {"path":"C:\\Users\\adamb\\OneDrive\\Desktop\\matala 2 year 3\\dist\\src\\routes\\posts_routes.js","statementMap":{"0":{"start":{"line":2,"column":22},"end":{"line":4,"column":1}},"1":{"start":{"line":3,"column":4},"end":{"line":3,"column":62}},"2":{"start":{"line":5,"column":0},"end":{"line":5,"column":62}},"3":{"start":{"line":6,"column":18},"end":{"line":6,"column":53}},"4":{"start":{"line":7,"column":15},"end":{"line":7,"column":41}},"5":{"start":{"line":8,"column":27},"end":{"line":8,"column":86}},"6":{"start":{"line":9,"column":26},"end":{"line":9,"column":67}},"7":{"start":{"line":61,"column":0},"end":{"line":61,"column":56}},"8":{"start":{"line":87,"column":0},"end":{"line":89,"column":3}},"9":{"start":{"line":88,"column":4},"end":{"line":88,"column":59}},"10":{"start":{"line":112,"column":0},"end":{"line":112,"column":87}},"11":{"start":{"line":136,"column":0},"end":{"line":136,"column":59}},"12":{"start":{"line":151,"column":0},"end":{"line":151,"column":93}},"13":{"start":{"line":179,"column":0},"end":{"line":181,"column":3}},"14":{"start":{"line":180,"column":4},"end":{"line":180,"column":56}},"15":{"start":{"line":182,"column":0},"end":{"line":182,"column":25}}},"fnMap":{"0":{"name":"(anonymous_0)","decl":{"start":{"line":2,"column":56},"end":{"line":2,"column":57}},"loc":{"start":{"line":2,"column":71},"end":{"line":4,"column":1}},"line":2},"1":{"name":"(anonymous_1)","decl":{"start":{"line":87,"column":22},"end":{"line":87,"column":23}},"loc":{"start":{"line":87,"column":36},"end":{"line":89,"column":1}},"line":87},"2":{"name":"(anonymous_2)","decl":{"start":{"line":179,"column":53},"end":{"line":179,"column":54}},"loc":{"start":{"line":179,"column":67},"end":{"line":181,"column":1}},"line":179}},"branchMap":{"0":{"loc":{"start":{"line":2,"column":22},"end":{"line":4,"column":1}},"type":"binary-expr","locations":[{"start":{"line":2,"column":23},"end":{"line":2,"column":27}},{"start":{"line":2,"column":31},"end":{"line":2,"column":51}},{"start":{"line":2,"column":56},"end":{"line":4,"column":1}}],"line":2},"1":{"loc":{"start":{"line":3,"column":11},"end":{"line":3,"column":61}},"type":"cond-expr","locations":[{"start":{"line":3,"column":37},"end":{"line":3,"column":40}},{"start":{"line":3,"column":43},"end":{"line":3,"column":61}}],"line":3},"2":{"loc":{"start":{"line":3,"column":12},"end":{"line":3,"column":33}},"type":"binary-expr","locations":[{"start":{"line":3,"column":12},"end":{"line":3,"column":15}},{"start":{"line":3,"column":19},"end":{"line":3,"column":33}}],"line":3}},"s":{"0":4,"1":8,"2":4,"3":4,"4":4,"5":4,"6":4,"7":4,"8":4,"9":1,"10":4,"11":4,"12":4,"13":4,"14":1,"15":4},"f":{"0":8,"1":1,"2":1},"b":{"0":[4,4,4],"1":[4,4],"2":[8,8]},"inputSourceMap":null,"_coverageSchema":"1a1c01bbd47fc00a2c39e90264f33305004495a9","hash":"56b420178bc6e197fcdab69333da521262c81aad"}
,"C:\\Users\\adamb\\OneDrive\\Desktop\\matala 2 year 3\\dist\\src\\routes\\users_routes.js": {"path":"C:\\Users\\adamb\\OneDrive\\Desktop\\matala 2 year 3\\dist\\src\\routes\\users_routes.js","statementMap":{"0":{"start":{"line":2,"column":22},"end":{"line":4,"column":1}},"1":{"start":{"line":3,"column":4},"end":{"line":3,"column":62}},"2":{"start":{"line":5,"column":0},"end":{"line":5,"column":62}},"3":{"start":{"line":6,"column":18},"end":{"line":6,"column":53}},"4":{"start":{"line":7,"column":15},"end":{"line":7,"column":41}},"5":{"start":{"line":8,"column":27},"end":{"line":8,"column":86}},"6":{"start":{"line":9,"column":26},"end":{"line":9,"column":67}},"7":{"start":{"line":32,"column":0},"end":{"line":32,"column":56}},"8":{"start":{"line":53,"column":0},"end":{"line":53,"column":56}},"9":{"start":{"line":77,"column":0},"end":{"line":77,"column":59}},"10":{"start":{"line":111,"column":0},"end":{"line":113,"column":3}},"11":{"start":{"line":112,"column":4},"end":{"line":112,"column":60}},"12":{"start":{"line":147,"column":0},"end":{"line":149,"column":3}},"13":{"start":{"line":148,"column":4},"end":{"line":148,"column":58}},"14":{"start":{"line":173,"column":0},"end":{"line":175,"column":3}},"15":{"start":{"line":174,"column":4},"end":{"line":174,"column":56}},"16":{"start":{"line":176,"column":0},"end":{"line":176,"column":25}}},"fnMap":{"0":{"name":"(anonymous_0)","decl":{"start":{"line":2,"column":56},"end":{"line":2,"column":57}},"loc":{"start":{"line":2,"column":71},"end":{"line":4,"column":1}},"line":2},"1":{"name":"(anonymous_1)","decl":{"start":{"line":111,"column":53},"end":{"line":111,"column":54}},"loc":{"start":{"line":111,"column":67},"end":{"line":113,"column":1}},"line":111},"2":{"name":"(anonymous_2)","decl":{"start":{"line":147,"column":53},"end":{"line":147,"column":54}},"loc":{"start":{"line":147,"column":67},"end":{"line":149,"column":1}},"line":147},"3":{"name":"(anonymous_3)","decl":{"start":{"line":173,"column":56},"end":{"line":173,"column":57}},"loc":{"start":{"line":173,"column":70},"end":{"line":175,"column":1}},"line":173}},"branchMap":{"0":{"loc":{"start":{"line":2,"column":22},"end":{"line":4,"column":1}},"type":"binary-expr","locations":[{"start":{"line":2,"column":23},"end":{"line":2,"column":27}},{"start":{"line":2,"column":31},"end":{"line":2,"column":51}},{"start":{"line":2,"column":56},"end":{"line":4,"column":1}}],"line":2},"1":{"loc":{"start":{"line":3,"column":11},"end":{"line":3,"column":61}},"type":"cond-expr","locations":[{"start":{"line":3,"column":37},"end":{"line":3,"column":40}},{"start":{"line":3,"column":43},"end":{"line":3,"column":61}}],"line":3},"2":{"loc":{"start":{"line":3,"column":12},"end":{"line":3,"column":33}},"type":"binary-expr","locations":[{"start":{"line":3,"column":12},"end":{"line":3,"column":15}},{"start":{"line":3,"column":19},"end":{"line":3,"column":33}}],"line":3}},"s":{"0":4,"1":8,"2":4,"3":4,"4":4,"5":4,"6":4,"7":4,"8":4,"9":4,"10":4,"11":0,"12":4,"13":0,"14":4,"15":0,"16":4},"f":{"0":8,"1":0,"2":0,"3":0},"b":{"0":[4,4,4],"1":[4,4],"2":[8,8]},"inputSourceMap":null,"_coverageSchema":"1a1c01bbd47fc00a2c39e90264f33305004495a9","hash":"49a3ee1d39cb83edde3b4229ed09a172ffb7a6c5"}
[...]
:37,"column":5}},"23":{"start":{"line":32,"column":6},"end":{"line":32,"column":33}},"24":{"start":{"line":36,"column":6},"end":{"line":36,"column":45}},"25":{"start":{"line":39,"column":4},"end":{"line":39,"column":32}},"26":{"start":{"line":43,"column":20},"end":{"line":50,"column":2}},"27":{"start":{"line":43,"column":56},"end":{"line":50,"column":2}},"28":{"start":{"line":44,"column":2},"end":{"line":49,"column":3}},"29":{"start":{"line":45,"column":18},"end":{"line":45,"column":46}},"30":{"start":{"line":46,"column":4},"end":{"line":46,"column":20}},"31":{"start":{"line":48,"column":4},"end":{"line":48,"column":32}},"32":{"start":{"line":52,"column":23},"end":{"line":67,"column":2}},"33":{"start":{"line":52,"column":59},"end":{"line":67,"column":2}},"34":{"start":{"line":53,"column":17},"end":{"line":53,"column":30}},"35":{"start":{"line":54,"column":22},"end":{"line":54,"column":30}},"36":{"start":{"line":56,"column":2},"end":{"line":66,"column":3}},"37":{"start":{"line":57,"column":24},"end":{"line":59,"column":6}},"38":{"start":{"line":60,"column":4},"end":{"line":62,"column":5}},"39":{"start":{"line":61,"column":6},"end":{"line":61,"column":52}},"40":{"start":{"line":63,"column":4},"end":{"line":63,"column":38}},"41":{"start":{"line":65,"column":4},"end":{"line":65,"column":32}},"42":{"start":{"line":71,"column":26},"end":{"line":89,"column":2}},"43":{"start":{"line":71,"column":62},"end":{"line":89,"column":2}},"44":{"start":{"line":72,"column":19},"end":{"line":72,"column":37}},"45":{"start":{"line":73,"column":2},"end":{"line":75,"column":3}},"46":{"start":{"line":74,"column":4},"end":{"line":74,"column":68}},"47":{"start":{"line":77,"column":2},"end":{"line":88,"column":3}},"48":{"start":{"line":78,"column":18},"end":{"line":78,"column":52}},"49":{"start":{"line":80,"column":4},"end":{"line":82,"column":5}},"50":{"start":{"line":81,"column":6},"end":{"line":81,"column":86}},"51":{"start":{"line":84,"column":4},"end":{"line":84,"column":32}},"52":{"start":{"line":86,"column":4},"end":{"line":86,"column":23}},"53":{"start":{"line":87,"column":4},"end":{"line":87,"column":52}},"54":{"start":{"line":91,"column":0},"end":{"line":91,"column":101}}},"fnMap":{"0":{"name":"(anonymous_8)","decl":{"start":{"line":4,"column":16},"end":{"line":4,"column":23}},"loc":{"start":{"line":4,"column":52},"end":{"line":13,"column":null}}},"1":{"name":"(anonymous_9)","decl":{"start":{"line":4,"column":52},"end":{"line":4,"column":null}},"loc":{"start":{"line":4,"column":52},"end":{"line":13,"column":1}}},"2":{"name":"(anonymous_10)","decl":{"start":{"line":15,"column":20},"end":{"line":15,"column":27}},"loc":{"start":{"line":15,"column":56},"end":{"line":24,"column":2}}},"3":{"name":"(anonymous_11)","decl":{"start":{"line":15,"column":56},"end":{"line":15,"column":null}},"loc":{"start":{"line":15,"column":56},"end":{"line":24,"column":1}}},"4":{"name":"(anonymous_12)","decl":{"start":{"line":26,"column":20},"end":{"line":26,"column":27}},"loc":{"start":{"line":26,"column":56},"end":{"line":41,"column":2}}},"5":{"name":"(anonymous_13)","decl":{"start":{"line":26,"column":56},"end":{"line":26,"column":null}},"loc":{"start":{"line":26,"column":56},"end":{"line":41,"column":1}}},"6":{"name":"(anonymous_14)","decl":{"start":{"line":43,"column":20},"end":{"line":43,"column":27}},"loc":{"start":{"line":43,"column":56},"end":{"line":50,"column":2}}},"7":{"name":"(anonymous_15)","decl":{"start":{"line":43,"column":56},"end":{"line":43,"column":null}},"loc":{"start":{"line":43,"column":56},"end":{"line":50,"column":1}}},"8":{"name":"(anonymous_16)","decl":{"start":{"line":52,"column":23},"end":{"line":52,"column":30}},"loc":{"start":{"line":52,"column":59},"end":{"line":67,"column":2}}},"9":{"name":"(anonymous_17)","decl":{"start":{"line":52,"column":59},"end":{"line":52,"column":null}},"loc":{"start":{"line":52,"column":59},"end":{"line":67,"column":1}}},"10":{"name":"(anonymous_18)","decl":{"start":{"line":71,"column":26},"end":{"line":71,"column":33}},"loc":{"start":{"line":71,"column":62},"end":{"line":89,"column":2}}},"11":{"name":"(anonymous_19)","decl":{"start":{"line":71,"column":62},"end":{"line":71,"column":null}},"loc":{"start":{"line":71,"column":62},"end":{"line":89,"column":1}}}},"branchMap":{"0":{"loc":{"start":{"line":30,"column":4},"end":{"line":37,"column":5}},"type":"if","locations":[{"start":{"line":30,"column":4},"end":{"line":37,"column":5}},{"start":{"line":35,"column":4},"end":{"line":37,"column":5}}]},"1":{"loc":{"start":{"line":60,"column":4},"end":{"line":62,"column":5}},"type":"if","locations":[{"start":{"line":60,"column":4},"end":{"line":62,"column":5}}]},"2":{"loc":{"start":{"line":73,"column":2},"end":{"line":75,"column":3}},"type":"if","locations":[{"start":{"line":73,"column":2},"end":{"line":75,"column":3}}]},"3":{"loc":{"start":{"line":80,"column":4},"end":{"line":82,"column":5}},"type":"if","locations":[{"start":{"line":80,"column":4},"end":{"line":82,"column":5}}]}},"s":{"0":4,"1":4,"2":3,"3":3,"4":3,"5":3,"6":3,"7":3,"8":0,"9":4,"10":2,"11":2,"12":2,"13":2,"14":2,"15":2,"16":0,"17":4,"18":1,"19":1,"20":1,"21":1,"22":1,"23":1,"24":0,"25":0,"26":4,"27":1,"28":1,"29":1,"30":1,"31":0,"32":4,"33":1,"34":1,"35":1,"36":1,"37":1,"38":1,"39":0,"40":1,"41":0,"42":4,"43":1,"44":1,"45":1,"46":0,"47":1,"48":1,"49":1,"50":0,"51":1,"52":0,"53":0,"54":4},"f":{"0":3,"1":3,"2":2,"3":2,"4":1,"5":1,"6":1,"7":1,"8":1,"9":1,"10":1,"11":1},"b":{"0":[1,0],"1":[0],"2":[0],"3":[0]}}
,"C:\\Users\\adamb\\OneDrive\\Desktop\\matala 2 year 3\\src\\controllers\\users_controller.ts": {"path":"C:\\Users\\adamb\\OneDrive\\Desktop\\matala 2 year 3\\src\\controllers\\users_controller.ts","statementMap":{"0":{"start":{"line":1,"column":0},"end":{"line":1,"column":58}},"1":{"start":{"line":5,"column":19},"end":{"line":13,"column":null}},"2":{"start":{"line":5,"column":55},"end":{"line":13,"column":null}},"3":{"start":{"line":6,"column":4},"end":{"line":12,"column":5}},"4":{"start":{"line":7,"column":21},"end":{"line":7,"column":44}},"5":{"start":{"line":8,"column":8},"end":{"line":8,"column":26}},"6":{"start":{"line":9,"column":8},"end":{"line":9,"column":35}},"7":{"start":{"line":11,"column":8},"end":{"line":11,"column":36}},"8":{"start":{"line":16,"column":20},"end":{"line":25,"column":null}},"9":{"start":{"line":16,"column":56},"end":{"line":25,"column":null}},"10":{"start":{"line":17,"column":19},"end":{"line":17,"column":32}},"11":{"start":{"line":18,"column":4},"end":{"line":24,"column":5}},"12":{"start":{"line":19,"column":21},"end":{"line":19,"column":53}},"13":{"start":{"line":20,"column":8},"end":{"line":21,"column":52}},"14":{"start":{"line":20,"column":26},"end":{"line":20,"column":41}},"15":{"start":{"line":21,"column":13},"end":{"line":21,"column":52}},"16":{"start":{"line":23,"column":8},"end":{"line":23,"column":36}},"17":{"start":{"line":28,"column":27},"end":{"line":47,"column":null}},"18":{"start":{"line":28,"column":63},"end":{"line":47,"column":null}},"19":{"start":{"line":29,"column":15},"end":{"line":29,"column":28}},"20":{"start":{"line":30,"column":24},"end":{"line":30,"column":32}},"21":{"start":{"line":32,"column":4},"end":{"line":46,"column":5}},"22":{"start":{"line":33,"column":28},"end":{"line":38,"column":null}},"23":{"start":{"line":40,"column":8},"end":{"line":42,"column":9}},"24":{"start":{"line":41,"column":12},"end":{"line":41,"column":58}},"25":{"start":{"line":43,"column":8},"end":{"line":43,"column":42}},"26":{"start":{"line":45,"column":8},"end":{"line":45,"column":null}},"27":{"start":{"line":50,"column":25},"end":{"line":69,"column":null}},"28":{"start":{"line":50,"column":61},"end":{"line":69,"column":null}},"29":{"start":{"line":51,"column":15},"end":{"line":51,"column":28}},"30":{"start":{"line":52,"column":24},"end":{"line":52,"column":32}},"31":{"start":{"line":54,"column":4},"end":{"line":68,"column":5}},"32":{"start":{"line":55,"column":28},"end":{"line":60,"column":null}},"33":{"start":{"line":62,"column":8},"end":{"line":64,"column":9}},"34":{"start":{"line":63,"column":12},"end":{"line":63,"column":58}},"35":{"start":{"line":65,"column":8},"end":{"line":65,"column":42}},"36":{"start":{"line":67,"column":8},"end":{"line":67,"column":36}},"37":{"start":{"line":72,"column":23},"end":{"line":84,"column":null}},"38":{"start":{"line":72,"column":59},"end":{"line":84,"column":null}},"39":{"start":{"line":73,"column":15},"end":{"line":73,"column":28}},"40":{"start":{"line":75,"column":4},"end":{"line":83,"column":5}},"41":{"start":{"line":76,"column":21},"end":{"line":76,"column":66}},"42":{"start":{"line":77,"column":8},"end":{"line":79,"column":9}},"43":{"start":{"line":78,"column":12},"end":{"line":78,"column":58}},"44":{"start":{"line":80,"column":8},"end":{"line":80,"column":35}},"45":{"start":{"line":82,"column":8},"end":{"line":82,"column":36}},"46":{"start":{"line":87,"column":20},"end":{"line":94,"column":null}},"47":{"start":{"line":87,"column":56},"end":{"line":94,"column":null}},"48":{"start":{"line":88,"column":4},"end":{"line":93,"column":5}},"49":{"start":{"line":89,"column":22},"end":{"line":89,"column":44}},"50":{"start":{"line":90,"column":8},"end":{"line":90,"column":24}},"51":{"start":{"line":92,"column":8},"end":{"line":92,"column":36}},"52":{"start":{"line":96,"column":0},"end":{"line":96,"column":110}}},"fnMap":{"0":{"name":"(anonymous_8)","decl":{"start":{"line":5,"column":19},"end":{"line":5,"column":26}},"loc":{"start":{"line":5,"column":55},"end":{"line":13,"column":null}}},"1":{"name":"(anonymous_9)","decl":{"start":{"line":5,"column":55},"end":{"line":5,"column":null}},"loc":{"start":{"line":5,"column":55},"end":{"line":13,"column":1}}},"2":{"name":"(anonymous_10)","decl":{"start":{"line":16,"column":20},"end":{"line":16,"column":27}},"loc":{"start":{"line":16,"column":56},"end":{"line":25,"column":null}}},"3":{"name":"(anonymous_11)","decl":{"start":{"line":16,"column":56},"end":{"line":16,"column":null}},"loc":{"start":{"line":16,"column":56},"end":{"line":25,"column":1}}},"4":{"name":"(anonymous_12)","decl":{"start":{"line":28,"column":27},"end":{"line":28,"column":34}},"loc":{"start":{"line":28,"column":63},"end":{"line":47,"column":null}}},"5":{"name":"(anonymous_13)","decl":{"start":{"line":28,"column":63},"end":{"line":28,"column":null}},"loc":{"start":{"line":28,"column":63},"end":{"line":47,"column":1}}},"6":{"name":"(anonymous_14)","decl":{"start":{"line":50,"column":25},"end":{"line":50,"column":32}},"loc":{"start":{"line":50,"column":61},"end":{"line":69,"column":null}}},"7":{"name":"(anonymous_15)","decl":{"start":{"line":50,"column":61},"end":{"line":50,"column":null}},"loc":{"start":{"line":50,"column":61},"end":{"line":69,"column":1}}},"8":{"name":"(anonymous_16)","decl":{"start":{"line":72,"column":23},"end":{"line":72,"column":30}},"loc":{"start":{"line":72,"column":59},"end":{"line":84,"column":null}}},"9":{"name":"(anonymous_17)","decl":{"start":{"line":72,"column":59},"end":{"line":72,"column":null}},"loc":{"start":{"line":72,"column":59},"end":{"line":84,"column":1}}},"10":{"name":"(anonymous_18)","decl":{"start":{"line":87,"column":20},"end":{"line":87,"column":27}},"loc":{"start":{"line":87,"column":56},"end":{"line":94,"column":null}}},"11":{"name":"(anonymous_19)","decl":{"start":{"line":87,"column":56},"end":{"line":87,"column":null}},"loc":{"start":{"line":87,"column":56},"end":{"line":94,"column":1}}}},"branchMap":{"0":{"loc":{"start":{"line":20,"column":8},"end":{"line":21,"column":52}},"type":"if","locations":[{"start":{"line":20,"column":8},"end":{"line":21,"column":52}},{"start":{"line":21,"column":13},"end":{"line":21,"column":52}}]},"1":{"loc":{"start":{"line":40,"column":8},"end":{"line":42,"column":9}},"type":"if","locations":[{"start":{"line":40,"column":8},"end":{"line":42,"column":9}}]},"2":{"loc":{"start":{"line":62,"column":8},"end":{"line":64,"column":9}},"type":"if","locations":[{"start":{"line":62,"column":8},"end":{"line":64,"column":9}}]},"3":{"loc":{"start":{"line":77,"column":8},"end":{"line":79,"column":9}},"type":"if","locations":[{"start":{"line":77,"column":8},"end":{"line":79,"column":9}}]}},"s":{"0":4,"1":4,"2":1,"3":1,"4":1,"5":1,"6":1,"7":0,"8":4,"9":1,"10":1,"11":1,"12":1,"13":1,"14":1,"15":0,"16":0,"17":4,"18":0,"19":0,"20":0,"21":0,"22":0,"23":0,"24":0,"25":0,"26":0,"27":4,"28":0,"29":0,"30":0,"31":0,"32":0,"33":0,"34":0,"35":0,"36":0,"37":4,"38":0,"39":0,"40":0,"41":0,"42":0,"43":0,"44":0,"45":0,"46":4,"47":1,"48":1,"49":1,"50":1,"51":0,"52":4},"f":{"0":1,"1":1,"2":1,"3":1,"4":0,"5":0,"6":0,"7":0,"8":0,"9":0,"10":1,"11":1},"b":{"0":[1,0],"1":[0],"2":[0],"3":[0]}}
,"C:\\Users\\adamb\\OneDrive\\Desktop\\matala 2 year 3\\src\\modules\\comments_modules.ts": {"path":"C:\\Users\\adamb\\OneDrive\\Desktop\\matala 2 year 3\\src\\modules\\comments_modules.ts","statementMap":{"0":{"start":{"line":1,"column":0},"end":{"line":1,"column":32}},"1":{"start":{"line":11,"column":22},"end":{"line":24,"column":2}},"2":{"start":{"line":27,"column":22},"end":{"line":27,"column":72}},"3":{"start":{"line":29,"column":0},"end":{"line":29,"column":29}}},"fnMap":{},"branchMap":{},"s":{"0":4,"1":4,"2":4,"3":4},"f":{},"b":{}}
,"C:\\Users\\adamb\\OneDrive\\Desktop\\matala 2 year 3\\src\\modules\\post_modules.ts": {"path":"C:\\Users\\adamb\\OneDrive\\Desktop\\matala 2 year 3\\src\\modules\\post_modules.ts","statementMap":{"0":{"start":{"line":1,"column":0},"end":{"line":1,"column":32}},"1":{"start":{"line":8,"column":19},"end":{"line":17,"column":2}},"2":{"start":{"line":19,"column":18},"end":{"line":19,"column":59}},"3":{"start":{"line":21,"column":0},"end":{"line":21,"column":25}}},"fnMap":{},"branchMap":{},"s":{"0":4,"1":4,"2":4,"3":4},"f":{},"b":{}}
,"C:\\Users\\adamb\\OneDrive\\Desktop\\matala 2 year 3\\src\\modules\\user_modules.ts": {"path":"C:\\Users\\adamb\\OneDrive\\Desktop\\matala 2 year 3\\src\\modules\\user_modules.ts","statementMap":{"0":{"start":{"line":1,"column":0},"end":{"line":1,"column":32}},"1":{"start":{"line":11,"column":19},"end":{"line":29,"column":2}},"2":{"start":{"line":31,"column":18},"end":{"line":31,"column":59}},"3":{"start":{"line":33,"column":0},"end":{"line":33,"column":25}}},"fnMap":{},"branchMap":{},"s":{"0":4,"1":4,"2":4,"3":4},"f":{},"b":{}}
,"C:\\Users\\adamb\\OneDrive\\Desktop\\matala 2 year 3\\src\\routes\\auth_routes.ts": {"path":"C:\\Users\\adamb\\OneDrive\\Desktop\\matala 2 year 3\\src\\routes\\auth_routes.ts","statementMap":{"0":{"start":{"line":1,"column":0},"end":{"line":1,"column":30}},"1":{"start":{"line":2,"column":15},"end":{"line":2,"column":31}},"2":{"start":{"line":3,"column":0},"end":{"line":3,"column":60}},"3":{"start":{"line":68,"column":0},"end":{"line":68,"column":50}},"4":{"start":{"line":106,"column":0},"end":{"line":106,"column":44}},"5":{"start":{"line":146,"column":0},"end":{"line":146,"column":48}},"6":{"start":{"line":174,"column":0},"end":{"line":174,"column":46}},"7":{"start":{"line":176,"column":0},"end":{"line":176,"column":22}}},"fnMap":{},"branchMap":{},"s":{"0":4,"1":4,"2":4,"3":4,"4":4,"5":4,"6":4,"7":4},"f":{},"b":{}}
,"C:\\Users\\adamb\\OneDrive\\Desktop\\matala 2 year 3\\src\\routes\\comments_routes.ts": {"path":"C:\\Users\\adamb\\OneDrive\\Desktop\\matala 2 year 3\\src\\routes\\comments_routes.ts","statementMap":{"0":{"start":{"line":1,"column":0},"end":{"line":1,"column":30}},"1":{"start":{"line":2,"column":15},"end":{"line":2,"column":31}},"2":{"start":{"line":3,"column":0},"end":{"line":3,"column":68}},"3":{"start":{"line":4,"column":0},"end":{"line":4,"column":64}},"4":{"start":{"line":81,"column":0},"end":{"line":81,"column":64}},"5":{"start":{"line":99,"column":0},"end":{"line":99,"column":51}},"6":{"start":{"line":136,"column":0},"end":{"line":138,"column":3}},"7":{"start":{"line":137,"column":2},"end":{"line":137,"column":49}},"8":{"start":{"line":140,"column":0},"end":{"line":140,"column":54}},"9":{"start":{"line":162,"column":0},"end":{"line":162,"column":54}},"10":{"start":{"line":201,"column":0},"end":{"line":203,"column":3}},"11":{"start":{"line":202,"column":2},"end":{"line":202,"column":49}},"12":{"start":{"line":205,"column":0},"end":{"line":205,"column":22}}},"fnMap":{"0":{"name":"(anonymous_1)","decl":{"start":{"line":136,"column":35},"end":{"line":136,"column":36}},"loc":{"start":{"line":136,"column":48},"end":{"line":138,"column":1}}},"1":{"name":"(anonymous_2)","decl":{"start":{"line":201,"column":38},"end":{"line":201,"column":39}},"loc":{"start":{"line":201,"column":51},"end":{"line":203,"column":1}}}},"branchMap":{},"s":{"0":4,"1":4,"2":4,"3":4,"4":4,"5":4,"6":4,"7":1,"8":4,"9":4,"10":4,"11":1,"12":4},"f":{"0":1,"1":1},"b":{}}
,"C:\\Users\\adamb\\OneDrive\\Desktop\\matala 2 year 3\\src\\routes\\posts_routes.ts": {"path":"C:\\Users\\adamb\\OneDrive\\Desktop\\matala 2 year 3\\src\\routes\\posts_routes.ts","statementMap":{"0":{"start":{"line":1,"column":0},"end":{"line":1,"column":30}},"1":{"start":{"line":2,"column":15},"end":{"line":2,"column":31}},"2":{"start":{"line":3,"column":0},"end":{"line":3,"column":62}},"3":{"start":{"line":4,"column":0},"end":{"line":4,"column":64}},"4":{"start":{"line":60,"column":0},"end":{"line":60,"column":45}},"5":{"start":{"line":87,"column":0},"end":{"line":89,"column":3}},"6":{"start":{"line":88,"column":2},"end":{"line":88,"column":46}},"7":{"start":{"line":113,"column":0},"end":{"line":113,"column":58}},"8":{"start":{"line":138,"column":0},"end":{"line":138,"column":48}},"9":{"start":{"line":154,"column":0},"end":{"line":154,"column":64}},"10":{"start":{"line":183,"column":0},"end":{"line":185,"column":3}},"11":{"start":{"line":184,"column":2},"end":{"line":184,"column":43}},"12":{"start":{"line":187,"column":0},"end":{"line":187,"column":22}}},"fnMap":{"0":{"name":"(anonymous_1)","decl":{"start":{"line":87,"column":22},"end":{"line":87,"column":23}},"loc":{"start":{"line":87,"column":35},"end":{"line":89,"column":1}}},"1":{"name":"(anonymous_2)","decl":{"start":{"line":183,"column":35},"end":{"line":183,"column":36}},"loc":{"start":{"line":183,"column":48},"end":{"line":185,"column":1}}}},"branchMap":{},"s":{"0":4,"1":4,"2":4,"3":4,"4":4,"5":4,"6":1,"7":4,"8":4,"9":4,"10":4,"11":1,"12":4},"f":{"0":1,"1":1},"b":{}}
,"C:\\Users\\adamb\\OneDrive\\Desktop\\matala 2 year 3\\src\\routes\\users_routes.ts": {"path":"C:\\Users\\adamb\\OneDrive\\Desktop\\matala 2 year 3\\src\\routes\\users_routes.ts","statementMap":{"0":{"start":{"line":1,"column":0},"end":{"line":1,"column":30}},"1":{"start":{"line":2,"column":15},"end":{"line":2,"column":31}},"2":{"start":{"line":3,"column":0},"end":{"line":3,"column":62}},"3":{"start":{"line":4,"column":0},"end":{"line":4,"column":64}},"4":{"start":{"line":30,"column":0},"end":{"line":30,"column":45}},"5":{"start":{"line":53,"column":0},"end":{"line":53,"column":45}},"6":{"start":{"line":79,"column":0},"end":{"line":79,"column":48}},"7":{"start":{"line":114,"column":0},"end":{"line":116,"column":3}},"8":{"start":{"line":115,"column":2},"end":{"line":115,"column":47}},"9":{"start":{"line":151,"column":0},"end":{"line":153,"column":3}},"10":{"start":{"line":152,"column":2},"end":{"line":152,"column":45}},"11":{"start":{"line":178,"column":0},"end":{"line":180,"column":3}},"12":{"start":{"line":179,"column":2},"end":{"line":179,"column":43}},"13":{"start":{"line":182,"column":0},"end":{"line":182,"column":22}}},"fnMap":{"0":{"name":"(anonymous_1)","decl":{"start":{"line":114,"column":35},"end":{"line":114,"column":36}},"loc":{"start":{"line":114,"column":48},"end":{"line":116,"column":1}}},"1":{"name":"(anonymous_2)","decl":{"start":{"line":151,"column":35},"end":{"line":151,"column":36}},"loc":{"start":{"line":151,"column":48},"end":{"line":153,"column":1}}},"2":{"name":"(anonymous_3)","decl":{"start":{"line":178,"column":38},"end":{"line":178,"column":39}},"loc":{"start":{"line":178,"column":51},"end":{"line":180,"column":1}}}},"branchMap":{},"s":{"0":4,"1":4,"2":4,"3":4,"4":4,"5":4,"6":4,"7":4,"8":0,"9":4,"10":0,"11":4,"12":0,"13":4},"f":{"0":0,"1":0,"2":0},"b":{}}
}
