TN:
SF:dist\src\multer.config.js
FN:2,(anonymous_0)
FN:9,(anonymous_1)
FN:17,(anonymous_2)
FN:25,(anonymous_3)
FN:29,(anonymous_4)
FNF:5
FNH:2
FNDA:15,(anonymous_0)
FNDA:10,(anonymous_1)
FNDA:0,(anonymous_2)
FNDA:0,(anonymous_3)
FNDA:0,(anonymous_4)
DA:2,5
DA:3,15
DA:5,5
DA:6,5
DA:7,5
DA:8,5
DA:9,5
DA:10,10
DA:11,0
DA:14,5
DA:15,5
DA:16,5
DA:18,0
DA:19,0
DA:22,0
DA:26,0
DA:29,5
DA:30,0
DA:31,0
DA:33,0
DA:35,5
DA:40,5
LF:22
LH:14
BRDA:2,0,0,5
BRDA:2,0,1,5
BRDA:2,0,2,5
BRDA:3,1,0,0
BRDA:3,1,1,15
BRDA:3,2,0,15
BRDA:3,2,1,15
BRDA:10,3,0,0
BRDA:10,3,1,10
BRDA:18,4,0,0
BRDA:18,4,1,0
BRDA:30,5,0,0
BRDA:30,5,1,0
BRF:13
BRH:7
end_of_record
TN:
SF:dist\src\server.js
FN:2,(anonymous_0)
FN:71,(anonymous_1)
FN:72,(anonymous_2)
FN:73,(anonymous_3)
FN:74,(anonymous_4)
FN:81,(anonymous_5)
FN:86,(anonymous_6)
FNF:7
FNH:5
FNDA:70,(anonymous_0)
FNDA:0,(anonymous_1)
FNDA:5,(anonymous_2)
FNDA:5,(anonymous_3)
FNDA:5,(anonymous_4)
FNDA:5,(anonymous_5)
FNDA:0,(anonymous_6)
DA:2,5
DA:3,70
DA:5,5
DA:6,5
DA:9,5
DA:10,5
DA:11,5
DA:12,5
DA:13,5
DA:14,5
DA:15,5
DA:16,5
DA:17,5
DA:18,5
DA:19,5
DA:20,5
DA:21,5
DA:22,5
DA:23,5
DA:24,5
DA:25,5
DA:26,5
DA:27,5
DA:28,5
DA:29,5
DA:30,5
DA:31,5
DA:38,5
DA:39,5
DA:40,5
DA:41,5
DA:42,5
DA:43,5
DA:44,5
DA:45,5
DA:46,5
DA:47,5
DA:48,5
DA:49,5
DA:53,5
DA:54,5
DA:55,5
DA:56,5
DA:68,5
DA:69,5
DA:70,5
DA:71,5
DA:72,5
DA:73,5
DA:74,5
DA:75,5
DA:76,0
DA:79,5
DA:83,5
DA:84,5
DA:87,0
DA:92,5
LF:57
LH:55
BRDA:2,0,0,5
BRDA:2,0,1,5
BRDA:2,0,2,5
BRDA:3,1,0,30
BRDA:3,1,1,40
BRDA:3,2,0,70
BRDA:3,2,1,70
BRDA:75,3,0,0
BRDA:75,3,1,5
BRF:9
BRH:8
end_of_record
TN:
SF:dist\src\socket.js
FN:2,(anonymous_0)
FN:3,adopt
FN:3,(anonymous_2)
FN:4,(anonymous_3)
FN:5,fulfilled
FN:6,rejected
FN:7,step
FN:11,(anonymous_7)
FN:21,(anonymous_8)
FN:32,(anonymous_9)
FN:51,(anonymous_10)
FN:51,(anonymous_11)
FN:58,(anonymous_12)
FN:71,(anonymous_13)
FN:71,(anonymous_14)
FN:72,(anonymous_15)
FN:86,(anonymous_16)
FN:86,(anonymous_17)
FN:101,(anonymous_18)
FN:101,(anonymous_19)
FN:113,(anonymous_20)
FN:128,(anonymous_21)
FN:129,(anonymous_22)
FN:137,(anonymous_23)
FN:137,(anonymous_24)
FN:144,(anonymous_25)
FN:156,(anonymous_26)
FN:156,(anonymous_27)
FN:157,(anonymous_28)
FN:159,(anonymous_29)
FNF:30
FNH:2
FNDA:0,(anonymous_0)
FNDA:0,adopt
FNDA:0,(anonymous_2)
FNDA:0,(anonymous_3)
FNDA:0,fulfilled
FNDA:0,rejected
FNDA:0,step
FNDA:15,(anonymous_7)
FNDA:5,(anonymous_8)
FNDA:0,(anonymous_9)
FNDA:0,(anonymous_10)
FNDA:0,(anonymous_11)
FNDA:0,(anonymous_12)
FNDA:0,(anonymous_13)
FNDA:0,(anonymous_14)
FNDA:0,(anonymous_15)
FNDA:0,(anonymous_16)
FNDA:0,(anonymous_17)
FNDA:0,(anonymous_18)
FNDA:0,(anonymous_19)
FNDA:0,(anonymous_20)
FNDA:0,(anonymous_21)
FNDA:0,(anonymous_22)
FNDA:0,(anonymous_23)
FNDA:0,(anonymous_24)
FNDA:0,(anonymous_25)
FNDA:0,(anonymous_26)
FNDA:0,(anonymous_27)
FNDA:0,(anonymous_28)
FNDA:0,(anonymous_29)
DA:2,5
DA:3,0
DA:4,0
DA:5,0
DA:6,0
DA:7,0
DA:8,0
DA:11,5
DA:12,15
DA:14,5
DA:15,5
DA:16,5
DA:17,5
DA:18,5
DA:19,5
DA:20,5
DA:21,5
DA:22,5
DA:32,5
DA:33,0
DA:34,0
DA:35,0
DA:37,0
DA:39,0
DA:40,0
DA:41,0
DA:43,0
DA:44,0
DA:47,0
DA:48,0
DA:51,5
DA:53,0
DA:58,0
DA:59,0
DA:69,0
DA:71,0
DA:72,0
DA:73,0
DA:83,0
DA:86,0
DA:87,0
DA:88,0
DA:94,0
DA:97,0
DA:101,0
DA:102,0
DA:104,0
DA:111,0
DA:113,0
DA:114,0
DA:115,0
DA:121,0
DA:124,0
DA:128,0
DA:129,0
DA:130,0
DA:131,0
DA:137,0
DA:138,0
DA:139,0
DA:144,0
DA:145,0
DA:146,0
DA:152,0
DA:156,0
DA:157,0
DA:159,0
DA:160,0
DA:170,0
DA:173,5
DA:175,5
LF:71
LH:16
BRDA:2,0,0,5
BRDA:2,0,1,5
BRDA:2,0,2,5
BRDA:3,1,0,0
BRDA:3,1,1,0
BRDA:4,2,0,0
BRDA:4,2,1,0
BRDA:7,3,0,0
BRDA:7,3,1,0
BRDA:8,4,0,0
BRDA:8,4,1,0
BRDA:11,5,0,5
BRDA:11,5,1,5
BRDA:11,5,2,5
BRDA:12,6,0,10
BRDA:12,6,1,5
BRDA:12,7,0,15
BRDA:12,7,1,15
BRDA:34,8,0,0
BRDA:34,8,1,0
BRDA:40,9,0,0
BRDA:40,9,1,0
BRDA:114,10,0,0
BRDA:114,10,1,0
BRDA:130,11,0,0
BRDA:130,11,1,0
BRDA:145,12,0,0
BRDA:145,12,1,0
BRF:28
BRH:10
end_of_record
TN:
SF:dist\src\controllers\auth_controller.js
FN:2,(anonymous_0)
FN:3,adopt
FN:3,(anonymous_2)
FN:4,(anonymous_3)
FN:5,fulfilled
FN:6,rejected
FN:7,step
FN:11,(anonymous_7)
FN:28,(anonymous_8)
FN:28,(anonymous_9)
FN:85,(anonymous_10)
FN:85,(anonymous_11)
FN:99,(anonymous_12)
FN:99,(anonymous_13)
FN:121,(anonymous_14)
FN:140,(anonymous_15)
FN:140,(anonymous_16)
FN:233,(anonymous_17)
FN:234,(anonymous_18)
FN:234,(anonymous_19)
FN:246,(anonymous_20)
FN:246,(anonymous_21)
FN:270,(anonymous_22)
FN:282,(anonymous_23)
FN:282,(anonymous_24)
FN:294,(anonymous_25)
FN:294,(anonymous_26)
FN:298,(anonymous_27)
FN:333,(anonymous_28)
FN:356,(anonymous_29)
FN:356,(anonymous_30)
FN:403,(anonymous_31)
FN:403,(anonymous_32)
FNF:33
FNH:33
FNDA:53,(anonymous_0)
FNDA:63,adopt
FNDA:20,(anonymous_2)
FNDA:53,(anonymous_3)
FNDA:58,fulfilled
FNDA:5,rejected
FNDA:114,step
FNDA:40,(anonymous_7)
FNDA:2,(anonymous_8)
FNDA:2,(anonymous_9)
FNDA:4,(anonymous_10)
FNDA:4,(anonymous_11)
FNDA:6,(anonymous_12)
FNDA:6,(anonymous_13)
FNDA:10,(anonymous_14)
FNDA:12,(anonymous_15)
FNDA:12,(anonymous_16)
FNDA:8,(anonymous_17)
FNDA:8,(anonymous_18)
FNDA:8,(anonymous_19)
FNDA:8,(anonymous_20)
FNDA:8,(anonymous_21)
FNDA:17,(anonymous_22)
FNDA:2,(anonymous_23)
FNDA:2,(anonymous_24)
FNDA:6,(anonymous_25)
FNDA:6,(anonymous_26)
FNDA:2,(anonymous_27)
FNDA:48,(anonymous_28)
FNDA:4,(anonymous_29)
FNDA:4,(anonymous_30)
FNDA:1,(anonymous_31)
FNDA:1,(anonymous_32)
DA:2,5
DA:3,63
DA:4,53
DA:5,58
DA:6,5
DA:7,114
DA:8,53
DA:11,5
DA:12,40
DA:14,5
DA:15,5
DA:16,5
DA:17,5
DA:18,5
DA:19,5
DA:20,5
DA:21,5
DA:22,5
DA:23,5
DA:24,5
DA:25,5
DA:26,5
DA:27,5
DA:28,5
DA:29,2
DA:30,2
DA:31,2
DA:32,2
DA:33,2
DA:35,0
DA:36,0
DA:37,0
DA:41,0
DA:42,0
DA:43,0
DA:44,0
DA:45,0
DA:46,0
DA:48,0
DA:49,0
DA:50,0
DA:51,0
DA:52,0
DA:53,0
DA:61,0
DA:62,0
DA:63,0
DA:66,0
DA:67,0
DA:68,0
DA:81,0
DA:82,0
DA:85,5
DA:86,4
DA:89,4
DA:90,4
DA:91,1
DA:94,3
DA:96,4
DA:97,2
DA:99,6
DA:100,6
DA:101,6
DA:102,6
DA:103,6
DA:104,3
DA:105,3
DA:107,3
DA:108,3
DA:109,3
DA:115,1
DA:118,2
DA:121,5
DA:122,10
DA:123,1
DA:126,9
DA:127,9
DA:131,9
DA:135,9
DA:140,12
DA:141,12
DA:142,12
DA:143,2
DA:144,2
DA:146,10
DA:147,10
DA:148,2
DA:149,2
DA:151,8
DA:152,1
DA:153,1
DA:155,7
DA:156,7
DA:157,2
DA:158,2
DA:160,5
DA:161,1
DA:162,1
DA:165,4
DA:166,4
DA:167,0
DA:168,0
DA:170,4
DA:171,0
DA:173,4
DA:174,4
DA:175,4
DA:186,0
DA:233,5
DA:234,8
DA:235,8
DA:236,8
DA:237,0
DA:238,0
DA:239,0
DA:241,8
DA:242,0
DA:243,0
DA:244,0
DA:246,8
DA:247,8
DA:248,1
DA:249,1
DA:250,1
DA:252,7
DA:253,7
DA:254,7
DA:255,7
DA:256,7
DA:257,0
DA:258,0
DA:259,0
DA:261,7
DA:262,7
DA:263,7
DA:264,2
DA:265,2
DA:266,2
DA:268,5
DA:270,17
DA:271,5
DA:272,5
DA:273,5
DA:276,0
DA:277,0
DA:282,5
DA:283,2
DA:284,2
DA:285,2
DA:286,1
DA:287,1
DA:288,1
DA:291,1
DA:294,6
DA:295,6
DA:296,6
DA:297,6
DA:298,6
DA:299,2
DA:300,2
DA:301,2
DA:302,2
DA:304,0
DA:306,6
DA:307,2
DA:308,4
DA:309,4
DA:310,4
DA:311,0
DA:312,0
DA:313,0
DA:315,4
DA:316,4
DA:317,0
DA:319,4
DA:320,4
DA:321,4
DA:322,4
DA:329,0
DA:330,0
DA:333,5
DA:334,48
DA:335,48
DA:336,48
DA:337,48
DA:338,2
DA:339,2
DA:341,46
DA:342,1
DA:343,1
DA:345,45
DA:346,45
DA:347,44
DA:348,44
DA:351,1
DA:352,1
DA:355,5
DA:356,5
DA:357,4
DA:358,4
DA:359,4
DA:360,4
DA:361,4
DA:362,1
DA:363,1
DA:365,3
DA:366,2
DA:367,2
DA:368,1
DA:369,1
DA:371,1
DA:372,1
DA:373,1
DA:374,0
DA:375,0
DA:377,0
DA:378,0
DA:379,0
DA:382,0
DA:384,1
DA:385,1
DA:386,1
DA:387,1
DA:399,1
DA:400,1
DA:403,5
DA:404,1
DA:405,1
DA:406,1
DA:407,1
DA:408,0
DA:409,0
DA:411,1
DA:414,0
DA:415,0
DA:418,5
LF:236
LH:181
BRDA:2,0,0,5
BRDA:2,0,1,5
BRDA:2,0,2,5
BRDA:3,1,0,43
BRDA:3,1,1,20
BRDA:4,2,0,53
BRDA:4,2,1,53
BRDA:7,3,0,51
BRDA:7,3,1,63
BRDA:8,4,0,53
BRDA:8,4,1,53
BRDA:11,5,0,5
BRDA:11,5,1,5
BRDA:11,5,2,5
BRDA:12,6,0,5
BRDA:12,6,1,35
BRDA:12,7,0,40
BRDA:12,7,1,40
BRDA:30,8,0,2
BRDA:30,8,1,0
BRDA:43,9,0,0
BRDA:43,9,1,0
BRDA:43,10,0,0
BRDA:43,10,1,0
BRDA:50,11,0,0
BRDA:50,11,1,0
BRDA:61,12,0,0
BRDA:61,12,1,0
BRDA:73,13,0,0
BRDA:73,13,1,0
BRDA:90,14,0,1
BRDA:90,14,1,3
BRDA:103,15,0,3
BRDA:103,15,1,3
BRDA:103,16,0,6
BRDA:103,16,1,4
BRDA:103,16,2,3
BRDA:122,17,0,1
BRDA:122,17,1,9
BRDA:142,18,0,2
BRDA:142,18,1,10
BRDA:147,19,0,2
BRDA:147,19,1,8
BRDA:151,20,0,1
BRDA:151,20,1,7
BRDA:156,21,0,2
BRDA:156,21,1,5
BRDA:160,22,0,1
BRDA:160,22,1,4
BRDA:166,23,0,0
BRDA:166,23,1,4
BRDA:170,24,0,0
BRDA:170,24,1,4
BRDA:180,25,0,0
BRDA:180,25,1,4
BRDA:236,26,0,0
BRDA:236,26,1,8
BRDA:241,27,0,0
BRDA:241,27,1,8
BRDA:247,28,0,1
BRDA:247,28,1,7
BRDA:256,29,0,0
BRDA:256,29,1,7
BRDA:263,30,0,2
BRDA:263,30,1,5
BRDA:263,31,0,7
BRDA:263,31,1,7
BRDA:299,32,0,2
BRDA:299,32,1,0
BRDA:306,33,0,2
BRDA:306,33,1,4
BRDA:310,34,0,0
BRDA:310,34,1,4
BRDA:316,35,0,0
BRDA:316,35,1,4
BRDA:335,36,0,48
BRDA:335,36,1,46
BRDA:337,37,0,2
BRDA:337,37,1,46
BRDA:341,38,0,1
BRDA:341,38,1,45
BRDA:361,39,0,1
BRDA:361,39,1,3
BRDA:367,40,0,1
BRDA:367,40,1,1
BRDA:373,41,0,0
BRDA:373,41,1,1
BRDA:375,42,0,0
BRDA:375,42,1,0
BRDA:375,43,0,0
BRDA:375,43,1,0
BRDA:378,44,0,0
BRDA:378,44,1,0
BRDA:384,45,0,1
BRDA:384,45,1,0
BRDA:392,46,0,0
BRDA:392,46,1,1
BRDA:407,47,0,0
BRDA:407,47,1,1
BRF:99
BRH:69
end_of_record
TN:
SF:dist\src\controllers\chat_controller.js
FN:2,(anonymous_0)
FN:3,adopt
FN:3,(anonymous_2)
FN:4,(anonymous_3)
FN:5,fulfilled
FN:6,rejected
FN:7,step
FN:11,(anonymous_7)
FN:19,(anonymous_8)
FN:19,(anonymous_9)
FN:50,(anonymous_10)
FN:50,(anonymous_11)
FN:68,(anonymous_12)
FN:68,(anonymous_13)
FN:115,(anonymous_14)
FN:115,(anonymous_15)
FNF:16
FNH:16
FNDA:12,(anonymous_0)
FNDA:15,adopt
FNDA:10,(anonymous_2)
FNDA:12,(anonymous_3)
FNDA:11,fulfilled
FNDA:4,rejected
FNDA:27,step
FNDA:15,(anonymous_7)
FNDA:5,(anonymous_8)
FNDA:5,(anonymous_9)
FNDA:2,(anonymous_10)
FNDA:2,(anonymous_11)
FNDA:3,(anonymous_12)
FNDA:3,(anonymous_13)
FNDA:2,(anonymous_14)
FNDA:2,(anonymous_15)
DA:2,5
DA:3,15
DA:4,12
DA:5,11
DA:6,4
DA:7,27
DA:8,12
DA:11,5
DA:12,15
DA:14,5
DA:15,5
DA:16,5
DA:17,5
DA:19,5
DA:20,5
DA:21,5
DA:22,5
DA:23,5
DA:24,5
DA:25,0
DA:26,0
DA:28,5
DA:29,5
DA:30,1
DA:31,1
DA:33,4
DA:34,4
DA:41,4
DA:42,1
DA:45,3
DA:46,3
DA:50,5
DA:51,2
DA:52,2
DA:53,2
DA:61,2
DA:64,0
DA:68,5
DA:69,3
DA:70,3
DA:71,3
DA:108,2
DA:111,1
DA:115,5
DA:116,2
DA:117,2
DA:118,2
DA:123,1
DA:126,1
DA:129,5
LF:50
LH:47
BRDA:2,0,0,5
BRDA:2,0,1,5
BRDA:2,0,2,5
BRDA:3,1,0,5
BRDA:3,1,1,10
BRDA:4,2,0,12
BRDA:4,2,1,12
BRDA:7,3,0,12
BRDA:7,3,1,15
BRDA:8,4,0,12
BRDA:8,4,1,12
BRDA:11,5,0,5
BRDA:11,5,1,5
BRDA:11,5,2,5
BRDA:12,6,0,10
BRDA:12,6,1,5
BRDA:12,7,0,15
BRDA:12,7,1,15
BRDA:24,8,0,0
BRDA:24,8,1,5
BRDA:29,9,0,1
BRDA:29,9,1,4
BRF:22
BRH:21
end_of_record
TN:
SF:dist\src\controllers\comments_controller.js
FN:2,(anonymous_0)
FN:3,adopt
FN:3,(anonymous_2)
FN:4,(anonymous_3)
FN:5,fulfilled
FN:6,rejected
FN:7,step
FN:11,(anonymous_7)
FN:16,(anonymous_8)
FN:16,(anonymous_9)
FN:26,(anonymous_10)
FN:26,(anonymous_11)
FN:35,(anonymous_12)
FN:35,(anonymous_13)
FN:48,(anonymous_14)
FN:48,(anonymous_15)
FN:64,(anonymous_16)
FN:64,(anonymous_17)
FNF:18
FNH:17
FNDA:6,(anonymous_0)
FNDA:6,adopt
FNDA:5,(anonymous_2)
FNDA:6,(anonymous_3)
FNDA:6,fulfilled
FNDA:0,rejected
FNDA:12,step
FNDA:5,(anonymous_7)
FNDA:1,(anonymous_8)
FNDA:1,(anonymous_9)
FNDA:2,(anonymous_10)
FNDA:2,(anonymous_11)
FNDA:1,(anonymous_12)
FNDA:1,(anonymous_13)
FNDA:1,(anonymous_14)
FNDA:1,(anonymous_15)
FNDA:1,(anonymous_16)
FNDA:1,(anonymous_17)
DA:2,5
DA:3,6
DA:4,6
DA:5,6
DA:6,0
DA:7,12
DA:8,6
DA:11,5
DA:12,5
DA:14,5
DA:15,5
DA:16,5
DA:17,1
DA:18,1
DA:19,1
DA:20,1
DA:23,0
DA:26,5
DA:27,2
DA:28,2
DA:29,2
DA:32,0
DA:35,5
DA:36,1
DA:37,1
DA:38,1
DA:39,1
DA:40,1
DA:42,0
DA:45,0
DA:48,5
DA:49,1
DA:50,1
DA:51,1
DA:52,1
DA:55,1
DA:56,0
DA:58,1
DA:61,0
DA:64,5
DA:65,1
DA:66,1
DA:67,1
DA:68,1
DA:69,0
DA:71,1
DA:74,0
DA:77,5
LF:48
LH:39
BRDA:2,0,0,5
BRDA:2,0,1,5
BRDA:2,0,2,5
BRDA:3,1,0,1
BRDA:3,1,1,5
BRDA:4,2,0,6
BRDA:4,2,1,6
BRDA:7,3,0,6
BRDA:7,3,1,6
BRDA:8,4,0,6
BRDA:8,4,1,6
BRDA:11,5,0,5
BRDA:11,5,1,5
BRDA:11,5,2,5
BRDA:12,6,0,5
BRDA:12,6,1,0
BRDA:12,7,0,5
BRDA:12,7,1,5
BRDA:39,8,0,1
BRDA:39,8,1,0
BRDA:55,9,0,0
BRDA:55,9,1,1
BRDA:68,10,0,0
BRDA:68,10,1,1
BRF:24
BRH:20
end_of_record
TN:
SF:dist\src\controllers\posts_controller.js
FN:2,(anonymous_0)
FN:3,adopt
FN:3,(anonymous_2)
FN:4,(anonymous_3)
FN:5,fulfilled
FN:6,rejected
FN:7,step
FN:11,(anonymous_7)
FN:18,(anonymous_8)
FN:18,(anonymous_9)
FN:41,(anonymous_10)
FN:41,(anonymous_11)
FN:51,(anonymous_12)
FN:51,(anonymous_13)
FN:69,(anonymous_14)
FN:69,(anonymous_15)
FN:94,(anonymous_16)
FN:94,(anonymous_17)
FN:111,(anonymous_18)
FN:111,(anonymous_19)
FN:139,(anonymous_20)
FN:139,(anonymous_21)
FN:154,(anonymous_22)
FN:163,(anonymous_23)
FN:163,(anonymous_24)
FN:173,(anonymous_25)
FN:173,(anonymous_26)
FNF:27
FNH:24
FNDA:25,(anonymous_0)
FNDA:21,adopt
FNDA:15,(anonymous_2)
FNDA:25,(anonymous_3)
FNDA:20,fulfilled
FNDA:1,rejected
FNDA:46,step
FNDA:10,(anonymous_7)
FNDA:6,(anonymous_8)
FNDA:6,(anonymous_9)
FNDA:2,(anonymous_10)
FNDA:2,(anonymous_11)
FNDA:4,(anonymous_12)
FNDA:4,(anonymous_13)
FNDA:3,(anonymous_14)
FNDA:3,(anonymous_15)
FNDA:0,(anonymous_16)
FNDA:0,(anonymous_17)
FNDA:4,(anonymous_18)
FNDA:4,(anonymous_19)
FNDA:1,(anonymous_20)
FNDA:1,(anonymous_21)
FNDA:0,(anonymous_22)
FNDA:2,(anonymous_23)
FNDA:2,(anonymous_24)
FNDA:3,(anonymous_25)
FNDA:3,(anonymous_26)
DA:2,5
DA:3,21
DA:4,25
DA:5,20
DA:6,1
DA:7,46
DA:8,25
DA:11,5
DA:12,10
DA:14,5
DA:15,5
DA:16,5
DA:17,5
DA:18,6
DA:19,6
DA:20,6
DA:21,6
DA:22,6
DA:23,1
DA:24,1
DA:26,5
DA:27,5
DA:28,5
DA:29,4
DA:35,4
DA:38,1
DA:41,5
DA:42,2
DA:43,2
DA:44,1
DA:45,1
DA:48,1
DA:51,5
DA:52,4
DA:53,4
DA:54,4
DA:55,3
DA:56,2
DA:57,2
DA:60,1
DA:61,1
DA:65,1
DA:68,5
DA:69,5
DA:70,3
DA:71,3
DA:72,3
DA:73,3
DA:74,3
DA:75,1
DA:77,2
DA:81,2
DA:82,1
DA:83,0
DA:85,1
DA:86,1
DA:89,1
DA:94,5
DA:95,0
DA:96,0
DA:97,0
DA:99,0
DA:100,0
DA:101,0
DA:102,0
DA:104,0
DA:105,0
DA:108,0
DA:111,5
DA:112,4
DA:113,4
DA:114,4
DA:115,4
DA:116,1
DA:117,1
DA:119,3
DA:120,3
DA:121,3
DA:122,3
DA:123,2
DA:124,1
DA:125,1
DA:127,1
DA:128,0
DA:129,1
DA:130,1
DA:131,1
DA:133,1
DA:136,1
DA:139,5
DA:140,1
DA:141,1
DA:142,1
DA:143,1
DA:144,0
DA:145,0
DA:147,1
DA:148,1
DA:149,0
DA:150,0
DA:152,1
DA:153,0
DA:154,1
DA:155,1
DA:156,1
DA:157,1
DA:160,0
DA:163,5
DA:164,2
DA:165,2
DA:166,1
DA:167,1
DA:170,1
DA:173,5
DA:174,3
DA:175,3
DA:176,3
DA:177,2
DA:178,1
DA:179,1
DA:181,1
DA:182,1
DA:185,1
DA:188,5
LF:124
LH:106
BRDA:2,0,0,5
BRDA:2,0,1,5
BRDA:2,0,2,5
BRDA:3,1,0,6
BRDA:3,1,1,15
BRDA:4,2,0,25
BRDA:4,2,1,25
BRDA:7,3,0,25
BRDA:7,3,1,21
BRDA:8,4,0,25
BRDA:8,4,1,25
BRDA:11,5,0,5
BRDA:11,5,1,5
BRDA:11,5,2,5
BRDA:12,6,0,5
BRDA:12,6,1,5
BRDA:12,7,0,10
BRDA:12,7,1,10
BRDA:22,8,0,1
BRDA:22,8,1,5
BRDA:26,9,0,0
BRDA:26,9,1,5
BRDA:33,10,0,0
BRDA:33,10,1,4
BRDA:55,11,0,2
BRDA:55,11,1,1
BRDA:74,12,0,1
BRDA:74,12,1,2
BRDA:77,13,0,0
BRDA:77,13,1,2
BRDA:82,14,0,0
BRDA:82,14,1,1
BRDA:96,15,0,0
BRDA:96,15,1,0
BRDA:101,16,0,0
BRDA:101,16,1,0
BRDA:115,17,0,1
BRDA:115,17,1,3
BRDA:123,18,0,1
BRDA:123,18,1,1
BRDA:127,19,0,0
BRDA:127,19,1,1
BRDA:129,20,0,1
BRDA:129,20,1,0
BRDA:143,21,0,0
BRDA:143,21,1,1
BRDA:148,22,0,0
BRDA:148,22,1,1
BRDA:152,23,0,0
BRDA:152,23,1,1
BRDA:177,24,0,1
BRDA:177,24,1,1
BRF:52
BRH:39
end_of_record
TN:
SF:dist\src\controllers\users_controller.js
FN:2,(anonymous_0)
FN:3,adopt
FN:3,(anonymous_2)
FN:4,(anonymous_3)
FN:5,fulfilled
FN:6,rejected
FN:7,step
FN:11,(anonymous_7)
FN:17,(anonymous_8)
FN:17,(anonymous_9)
FN:28,(anonymous_10)
FN:28,(anonymous_11)
FN:42,(anonymous_12)
FN:42,(anonymous_13)
FN:56,(anonymous_14)
FN:56,(anonymous_15)
FNF:16
FNH:16
FNDA:10,(anonymous_0)
FNDA:7,adopt
FNDA:5,(anonymous_2)
FNDA:10,(anonymous_3)
FNDA:5,fulfilled
FNDA:2,rejected
FNDA:17,step
FNDA:5,(anonymous_7)
FNDA:2,(anonymous_8)
FNDA:2,(anonymous_9)
FNDA:3,(anonymous_10)
FNDA:3,(anonymous_11)
FNDA:3,(anonymous_12)
FNDA:3,(anonymous_13)
FNDA:2,(anonymous_14)
FNDA:2,(anonymous_15)
DA:2,5
DA:3,7
DA:4,10
DA:5,5
DA:6,2
DA:7,17
DA:8,10
DA:11,5
DA:12,5
DA:14,5
DA:15,5
DA:17,5
DA:18,2
DA:19,2
DA:20,2
DA:21,1
DA:24,1
DA:28,5
DA:29,3
DA:30,3
DA:31,3
DA:32,1
DA:33,1
DA:35,0
DA:38,2
DA:42,5
DA:43,3
DA:44,3
DA:45,3
DA:46,2
DA:47,1
DA:49,1
DA:52,1
DA:56,5
DA:57,2
DA:58,2
DA:59,1
DA:62,1
DA:65,5
LF:39
LH:38
BRDA:2,0,0,5
BRDA:2,0,1,5
BRDA:2,0,2,5
BRDA:3,1,0,2
BRDA:3,1,1,5
BRDA:4,2,0,10
BRDA:4,2,1,10
BRDA:7,3,0,10
BRDA:7,3,1,7
BRDA:8,4,0,10
BRDA:8,4,1,10
BRDA:11,5,0,5
BRDA:11,5,1,5
BRDA:11,5,2,5
BRDA:12,6,0,5
BRDA:12,6,1,0
BRDA:12,7,0,5
BRDA:12,7,1,5
BRDA:32,8,0,1
BRDA:32,8,1,0
BRDA:46,9,0,1
BRDA:46,9,1,1
BRF:22
BRH:20
end_of_record
TN:
SF:dist\src\modules\chat_modules.js
FN:2,(anonymous_0)
FNF:1
FNH:1
FNDA:5,(anonymous_0)
DA:2,5
DA:3,5
DA:5,5
DA:6,5
DA:7,5
DA:31,5
DA:32,5
LF:7
LH:7
BRDA:2,0,0,5
BRDA:2,0,1,5
BRDA:2,0,2,5
BRDA:3,1,0,0
BRDA:3,1,1,5
BRDA:3,2,0,5
BRDA:3,2,1,5
BRF:7
BRH:6
end_of_record
TN:
SF:dist\src\modules\comments_modules.js
FN:2,(anonymous_0)
FNF:1
FNH:1
FNDA:5,(anonymous_0)
DA:2,5
DA:3,5
DA:5,5
DA:6,5
DA:7,5
DA:21,5
DA:22,5
LF:7
LH:7
BRDA:2,0,0,5
BRDA:2,0,1,5
BRDA:2,0,2,5
BRDA:3,1,0,0
BRDA:3,1,1,5
BRDA:3,2,0,5
BRDA:3,2,1,5
BRF:7
BRH:6
end_of_record
TN:
SF:dist\src\modules\post_modules.js
FN:2,(anonymous_0)
FNF:1
FNH:1
FNDA:5,(anonymous_0)
DA:2,5
DA:3,5
DA:5,5
DA:6,5
DA:7,5
DA:29,5
DA:30,5
LF:7
LH:7
BRDA:2,0,0,5
BRDA:2,0,1,5
BRDA:2,0,2,5
BRDA:3,1,0,0
BRDA:3,1,1,5
BRDA:3,2,0,5
BRDA:3,2,1,5
BRF:7
BRH:6
end_of_record
TN:
SF:dist\src\modules\user_modules.js
FN:2,(anonymous_0)
FNF:1
FNH:1
FNDA:5,(anonymous_0)
DA:2,5
DA:3,5
DA:5,5
DA:6,5
DA:7,5
DA:35,5
DA:36,5
LF:7
LH:7
BRDA:2,0,0,5
BRDA:2,0,1,5
BRDA:2,0,2,5
BRDA:3,1,0,0
BRDA:3,1,1,5
BRDA:3,2,0,5
BRDA:3,2,1,5
BRF:7
BRH:6
end_of_record
TN:
SF:dist\src\routes\auth_routes.js
FN:2,(anonymous_0)
FN:6,(anonymous_1)
FN:9,(anonymous_2)
FN:13,(anonymous_3)
FN:15,(anonymous_4)
FN:18,(anonymous_5)
FN:19,(anonymous_6)
FN:20,(anonymous_7)
FN:27,(anonymous_8)
FN:35,(anonymous_9)
FN:331,(anonymous_10)
FNF:11
FNH:4
FNDA:0,(anonymous_0)
FNDA:0,(anonymous_1)
FNDA:0,(anonymous_2)
FNDA:0,(anonymous_3)
FNDA:0,(anonymous_4)
FNDA:5,(anonymous_5)
FNDA:0,(anonymous_6)
FNDA:0,(anonymous_7)
FNDA:5,(anonymous_8)
FNDA:10,(anonymous_9)
FNDA:1,(anonymous_10)
DA:2,5
DA:3,0
DA:4,0
DA:5,0
DA:6,0
DA:8,0
DA:10,0
DA:11,0
DA:13,5
DA:14,0
DA:16,0
DA:18,5
DA:19,5
DA:20,0
DA:21,0
DA:22,0
DA:23,0
DA:25,0
DA:27,5
DA:28,5
DA:29,0
DA:30,0
DA:31,0
DA:32,0
DA:35,5
DA:36,10
DA:38,5
DA:39,5
DA:40,5
DA:41,5
DA:42,5
DA:102,5
DA:156,5
DA:193,5
DA:231,5
DA:258,5
DA:278,5
DA:298,5
DA:316,5
DA:331,5
DA:332,1
DA:334,5
LF:42
LH:24
BRDA:2,0,0,5
BRDA:2,0,1,5
BRDA:2,0,2,5
BRDA:2,1,0,5
BRDA:2,1,1,0
BRDA:3,2,0,0
BRDA:3,2,1,0
BRDA:5,3,0,0
BRDA:5,3,1,0
BRDA:5,4,0,0
BRDA:5,4,1,0
BRDA:5,5,0,0
BRDA:5,5,1,0
BRDA:5,6,0,0
BRDA:5,6,1,0
BRDA:10,7,0,0
BRDA:10,7,1,0
BRDA:13,8,0,5
BRDA:13,8,1,5
BRDA:13,8,2,5
BRDA:13,9,0,5
BRDA:13,9,1,0
BRDA:18,10,0,5
BRDA:18,10,1,5
BRDA:18,10,2,5
BRDA:20,11,0,0
BRDA:20,11,1,0
BRDA:22,12,0,0
BRDA:22,12,1,0
BRDA:28,13,0,5
BRDA:28,13,1,0
BRDA:28,14,0,5
BRDA:28,14,1,5
BRDA:30,15,0,0
BRDA:30,15,1,0
BRDA:30,16,0,0
BRDA:30,16,1,0
BRDA:35,17,0,5
BRDA:35,17,1,5
BRDA:35,17,2,5
BRDA:36,18,0,5
BRDA:36,18,1,5
BRDA:36,19,0,10
BRDA:36,19,1,10
BRF:44
BRH:21
end_of_record
TN:
SF:dist\src\routes\chat_routes.js
FN:2,(anonymous_0)
FN:3,adopt
FN:3,(anonymous_2)
FN:4,(anonymous_3)
FN:5,fulfilled
FN:6,rejected
FN:7,step
FN:11,(anonymous_7)
FN:70,(anonymous_8)
FN:70,(anonymous_9)
FN:109,(anonymous_10)
FN:109,(anonymous_11)
FN:142,(anonymous_12)
FN:142,(anonymous_13)
FN:181,(anonymous_14)
FN:181,(anonymous_15)
FNF:16
FNH:14
FNDA:12,(anonymous_0)
FNDA:12,adopt
FNDA:0,(anonymous_2)
FNDA:12,(anonymous_3)
FNDA:12,fulfilled
FNDA:0,rejected
FNDA:24,step
FNDA:10,(anonymous_7)
FNDA:5,(anonymous_8)
FNDA:5,(anonymous_9)
FNDA:2,(anonymous_10)
FNDA:2,(anonymous_11)
FNDA:3,(anonymous_12)
FNDA:3,(anonymous_13)
FNDA:2,(anonymous_14)
FNDA:2,(anonymous_15)
DA:2,5
DA:3,12
DA:4,12
DA:5,12
DA:6,0
DA:7,24
DA:8,12
DA:11,5
DA:12,10
DA:14,5
DA:15,5
DA:16,5
DA:17,5
DA:18,5
DA:70,5
DA:71,5
DA:72,5
DA:75,0
DA:109,5
DA:110,2
DA:111,2
DA:114,0
DA:142,5
DA:143,3
DA:144,3
DA:147,0
DA:181,5
DA:182,2
DA:183,2
DA:186,0
DA:189,5
LF:31
LH:26
BRDA:2,0,0,5
BRDA:2,0,1,5
BRDA:2,0,2,5
BRDA:3,1,0,12
BRDA:3,1,1,0
BRDA:4,2,0,12
BRDA:4,2,1,12
BRDA:7,3,0,12
BRDA:7,3,1,12
BRDA:8,4,0,12
BRDA:8,4,1,12
BRDA:11,5,0,5
BRDA:11,5,1,5
BRDA:11,5,2,5
BRDA:12,6,0,5
BRDA:12,6,1,5
BRDA:12,7,0,10
BRDA:12,7,1,10
BRF:18
BRH:17
end_of_record
TN:
SF:dist\src\routes\comments_routes.js
FN:2,(anonymous_0)
FN:130,(anonymous_1)
FN:195,(anonymous_2)
FNF:3
FNH:3
FNDA:10,(anonymous_0)
FNDA:1,(anonymous_1)
FNDA:1,(anonymous_2)
DA:2,5
DA:3,10
DA:5,5
DA:6,5
DA:7,5
DA:8,5
DA:9,5
DA:73,5
DA:92,5
DA:130,5
DA:131,1
DA:158,5
DA:195,5
DA:196,1
DA:198,5
LF:15
LH:15
BRDA:2,0,0,5
BRDA:2,0,1,5
BRDA:2,0,2,5
BRDA:3,1,0,5
BRDA:3,1,1,5
BRDA:3,2,0,10
BRDA:3,2,1,10
BRF:7
BRH:7
end_of_record
TN:
SF:dist\src\routes\gemini_routes.js
FN:2,(anonymous_0)
FNF:1
FNH:1
FNDA:5,(anonymous_0)
DA:2,5
DA:3,5
DA:5,5
DA:6,5
DA:7,5
DA:8,5
DA:72,5
DA:73,5
LF:8
LH:8
BRDA:2,0,0,5
BRDA:2,0,1,5
BRDA:2,0,2,5
BRDA:3,1,0,0
BRDA:3,1,1,5
BRDA:3,2,0,5
BRDA:3,2,1,5
BRF:7
BRH:6
end_of_record
TN:
SF:dist\src\routes\posts_routes.js
FN:2,(anonymous_0)
FN:3,adopt
FN:3,(anonymous_2)
FN:4,(anonymous_3)
FN:5,fulfilled
FN:6,rejected
FN:7,step
FN:11,(anonymous_7)
FN:101,(anonymous_8)
FN:101,(anonymous_9)
FN:228,(anonymous_10)
FNF:11
FNH:2
FNDA:0,(anonymous_0)
FNDA:0,adopt
FNDA:0,(anonymous_2)
FNDA:0,(anonymous_3)
FNDA:0,fulfilled
FNDA:0,rejected
FNDA:0,step
FNDA:15,(anonymous_7)
FNDA:0,(anonymous_8)
FNDA:0,(anonymous_9)
FNDA:3,(anonymous_10)
DA:2,5
DA:3,0
DA:4,0
DA:5,0
DA:6,0
DA:7,0
DA:8,0
DA:11,5
DA:12,15
DA:14,5
DA:15,5
DA:16,5
DA:17,5
DA:18,5
DA:19,5
DA:73,5
DA:101,5
DA:102,0
DA:103,0
DA:106,0
DA:135,5
DA:161,5
DA:176,5
DA:198,5
DA:228,5
DA:229,3
DA:268,5
DA:306,5
DA:307,5
LF:29
LH:20
BRDA:2,0,0,5
BRDA:2,0,1,5
BRDA:2,0,2,5
BRDA:3,1,0,0
BRDA:3,1,1,0
BRDA:4,2,0,0
BRDA:4,2,1,0
BRDA:7,3,0,0
BRDA:7,3,1,0
BRDA:8,4,0,0
BRDA:8,4,1,0
BRDA:11,5,0,5
BRDA:11,5,1,5
BRDA:11,5,2,5
BRDA:12,6,0,10
BRDA:12,6,1,5
BRDA:12,7,0,15
BRDA:12,7,1,15
BRF:18
BRH:10
end_of_record
TN:
SF:dist\src\routes\users_routes.js
FN:2,(anonymous_0)
FN:101,(anonymous_1)
FNF:2
FNH:2
FNDA:10,(anonymous_0)
FNDA:3,(anonymous_1)
DA:2,5
DA:3,10
DA:5,5
DA:6,5
DA:7,5
DA:8,5
DA:9,5
DA:32,5
DA:53,5
DA:77,5
DA:101,5
DA:102,3
DA:104,5
LF:13
LH:13
BRDA:2,0,0,5
BRDA:2,0,1,5
BRDA:2,0,2,5
BRDA:3,1,0,5
BRDA:3,1,1,5
BRDA:3,2,0,10
BRDA:3,2,1,10
BRF:7
BRH:7
end_of_record
TN:
SF:src\multer.config.ts
FN:5,(anonymous_1)
FN:15,(anonymous_2)
FN:22,(anonymous_3)
FN:27,(anonymous_4)
FNF:4
FNH:4
FNDA:10,(anonymous_1)
FNDA:1,(anonymous_2)
FNDA:1,(anonymous_3)
FNDA:1,(anonymous_4)
DA:1,5
DA:2,5
DA:3,5
DA:5,5
DA:6,10
DA:7,0
DA:11,5
DA:12,5
DA:14,5
DA:16,1
DA:17,0
DA:19,1
DA:23,1
DA:27,5
DA:28,1
DA:29,0
DA:31,1
DA:34,5
DA:40,5
LF:19
LH:16
BRDA:6,0,0,0
BRDA:16,1,0,0
BRDA:16,1,1,1
BRDA:28,2,0,0
BRF:4
BRH:1
end_of_record
TN:
SF:src\server.ts
FN:82,(anonymous_1)
FN:83,(anonymous_2)
FN:85,(anonymous_3)
FN:86,(anonymous_4)
FN:92,(anonymous_5)
FN:97,(anonymous_6)
FNF:6
FNH:4
FNDA:0,(anonymous_1)
FNDA:5,(anonymous_2)
FNDA:5,(anonymous_3)
FNDA:5,(anonymous_4)
FNDA:5,(anonymous_5)
FNDA:0,(anonymous_6)
DA:3,5
DA:4,5
DA:5,5
DA:6,5
DA:7,5
DA:8,5
DA:9,5
DA:10,5
DA:11,5
DA:12,5
DA:13,5
DA:14,5
DA:15,5
DA:16,5
DA:17,5
DA:18,5
DA:21,5
DA:22,5
DA:23,5
DA:25,5
DA:26,5
DA:28,5
DA:37,5
DA:38,5
DA:40,5
DA:41,5
DA:42,5
DA:43,5
DA:44,5
DA:45,5
DA:46,5
DA:48,5
DA:52,5
DA:57,5
DA:62,5
DA:63,5
DA:64,5
DA:66,5
DA:78,5
DA:79,5
DA:81,5
DA:82,5
DA:83,5
DA:85,5
DA:86,5
DA:87,5
DA:88,0
DA:90,5
DA:94,5
DA:95,5
DA:98,0
DA:104,5
DA:105,5
LF:53
LH:51
BRDA:87,0,0,0
BRDA:87,0,1,5
BRF:2
BRH:1
end_of_record
TN:
SF:src\socket.ts
FN:14,(anonymous_8)
FN:26,(anonymous_9)
FN:47,(anonymous_10)
FN:47,(anonymous_11)
FN:56,(anonymous_12)
FN:73,(anonymous_13)
FN:73,(anonymous_14)
FN:74,(anonymous_15)
FN:92,(anonymous_16)
FN:92,(anonymous_17)
FN:108,(anonymous_18)
FN:108,(anonymous_19)
FN:121,(anonymous_20)
FN:137,(anonymous_21)
FN:138,(anonymous_22)
FN:147,(anonymous_23)
FN:147,(anonymous_24)
FN:158,(anonymous_25)
FN:170,(anonymous_26)
FN:170,(anonymous_27)
FN:171,(anonymous_28)
FN:174,(anonymous_29)
FNF:22
FNH:1
FNDA:5,(anonymous_8)
FNDA:0,(anonymous_9)
FNDA:0,(anonymous_10)
FNDA:0,(anonymous_11)
FNDA:0,(anonymous_12)
FNDA:0,(anonymous_13)
FNDA:0,(anonymous_14)
FNDA:0,(anonymous_15)
FNDA:0,(anonymous_16)
FNDA:0,(anonymous_17)
FNDA:0,(anonymous_18)
FNDA:0,(anonymous_19)
FNDA:0,(anonymous_20)
FNDA:0,(anonymous_21)
FNDA:0,(anonymous_22)
FNDA:0,(anonymous_23)
FNDA:0,(anonymous_24)
FNDA:0,(anonymous_25)
FNDA:0,(anonymous_26)
FNDA:0,(anonymous_27)
FNDA:0,(anonymous_28)
FNDA:0,(anonymous_29)
DA:1,5
DA:3,5
DA:4,5
DA:5,5
DA:12,5
DA:14,5
DA:15,5
DA:26,5
DA:27,0
DA:28,0
DA:29,0
DA:32,0
DA:34,0
DA:35,0
DA:36,0
DA:39,0
DA:40,0
DA:42,0
DA:43,0
DA:47,5
DA:50,0
DA:56,0
DA:57,0
DA:70,0
DA:73,0
DA:74,0
DA:75,0
DA:88,0
DA:92,0
DA:93,0
DA:94,0
DA:101,0
DA:103,0
DA:108,0
DA:109,0
DA:111,0
DA:118,0
DA:121,0
DA:122,0
DA:123,0
DA:130,0
DA:132,0
DA:137,0
DA:138,0
DA:139,0
DA:140,0
DA:147,0
DA:148,0
DA:149,0
DA:158,0
DA:159,0
DA:160,0
DA:165,0
DA:170,0
DA:171,0
DA:174,0
DA:175,0
DA:188,0
DA:192,5
LF:59
LH:10
BRDA:28,0,0,0
BRDA:35,1,0,0
BRDA:122,2,0,0
BRDA:139,3,0,0
BRDA:159,4,0,0
BRF:5
BRH:0
end_of_record
TN:
SF:src\controllers\auth_controller.ts
FN:18,(anonymous_8)
FN:18,(anonymous_9)
FN:82,(anonymous_10)
FN:82,(anonymous_11)
FN:96,(anonymous_12)
FN:96,(anonymous_13)
FN:126,(anonymous_14)
FN:155,(anonymous_15)
FN:155,(anonymous_16)
FN:271,(anonymous_17)
FN:272,(anonymous_18)
FN:272,(anonymous_19)
FN:290,(anonymous_20)
FN:290,(anonymous_21)
FN:324,(anonymous_22)
FN:343,(anonymous_23)
FN:343,(anonymous_24)
FN:357,(anonymous_25)
FN:357,(anonymous_26)
FN:366,(anonymous_27)
FN:411,(anonymous_28)
FN:443,(anonymous_29)
FN:443,(anonymous_30)
FN:506,(anonymous_31)
FN:506,(anonymous_32)
FNF:25
FNH:25
FNDA:2,(anonymous_8)
FNDA:2,(anonymous_9)
FNDA:4,(anonymous_10)
FNDA:4,(anonymous_11)
FNDA:6,(anonymous_12)
FNDA:6,(anonymous_13)
FNDA:5,(anonymous_14)
FNDA:12,(anonymous_15)
FNDA:12,(anonymous_16)
FNDA:3,(anonymous_17)
FNDA:3,(anonymous_18)
FNDA:3,(anonymous_19)
FNDA:3,(anonymous_20)
FNDA:3,(anonymous_21)
FNDA:2,(anonymous_22)
FNDA:2,(anonymous_23)
FNDA:2,(anonymous_24)
FNDA:1,(anonymous_25)
FNDA:1,(anonymous_26)
FNDA:1,(anonymous_27)
FNDA:46,(anonymous_28)
FNDA:5,(anonymous_29)
FNDA:5,(anonymous_30)
FNDA:1,(anonymous_31)
FNDA:1,(anonymous_32)
DA:2,5
DA:3,5
DA:4,5
DA:6,5
DA:7,5
DA:8,5
DA:9,5
DA:10,5
DA:11,5
DA:13,5
DA:14,5
DA:16,5
DA:18,5
DA:19,2
DA:20,2
DA:21,2
DA:22,2
DA:23,2
DA:26,0
DA:27,0
DA:28,0
DA:33,0
DA:34,0
DA:36,0
DA:37,0
DA:38,0
DA:39,0
DA:42,0
DA:43,0
DA:45,0
DA:46,0
DA:48,0
DA:49,0
DA:56,0
DA:57,0
DA:58,0
DA:62,0
DA:63,0
DA:65,0
DA:77,0
DA:78,0
DA:82,5
DA:83,4
DA:86,4
DA:87,4
DA:88,1
DA:90,3
DA:92,4
DA:93,4
DA:96,6
DA:97,6
DA:98,6
DA:99,6
DA:101,6
DA:102,3
DA:103,3
DA:106,3
DA:107,3
DA:109,3
DA:115,2
DA:117,1
DA:126,5
DA:127,5
DA:128,1
DA:131,4
DA:132,4
DA:141,4
DA:149,4
DA:155,12
DA:156,12
DA:157,12
DA:158,2
DA:159,2
DA:161,10
DA:162,10
DA:163,5
DA:164,5
DA:167,5
DA:168,1
DA:169,1
DA:172,4
DA:176,4
DA:177,1
DA:178,1
DA:181,3
DA:182,0
DA:183,0
DA:186,3
DA:187,3
DA:188,0
DA:189,0
DA:191,3
DA:192,0
DA:194,3
DA:195,3
DA:196,3
DA:206,0
DA:271,5
DA:272,3
DA:273,3
DA:275,3
DA:276,0
DA:277,0
DA:278,0
DA:281,3
DA:282,0
DA:283,0
DA:284,0
DA:287,3
DA:290,3
DA:291,3
DA:292,1
DA:293,1
DA:294,1
DA:297,2
DA:298,2
DA:300,2
DA:301,2
DA:302,2
DA:303,1
DA:304,1
DA:305,1
DA:308,1
DA:309,1
DA:314,1
DA:315,0
DA:316,0
DA:317,0
DA:320,1
DA:323,1
DA:324,2
DA:326,1
DA:328,0
DA:333,0
DA:335,1
DA:336,1
DA:343,5
DA:344,2
DA:345,2
DA:346,2
DA:348,0
DA:350,0
DA:351,0
DA:353,2
DA:357,5
DA:358,1
DA:359,1
DA:364,1
DA:365,1
DA:367,1
DA:368,0
DA:369,0
DA:370,0
DA:372,1
DA:376,0
DA:378,0
DA:380,0
DA:381,0
DA:382,0
DA:383,0
DA:384,0
DA:387,0
DA:388,0
DA:389,0
DA:391,0
DA:392,0
DA:394,0
DA:396,0
DA:402,1
DA:403,1
DA:411,5
DA:416,46
DA:417,46
DA:419,46
DA:421,46
DA:422,2
DA:423,2
DA:425,44
DA:426,1
DA:427,1
DA:430,43
DA:431,43
DA:435,42
DA:436,42
DA:438,1
DA:439,1
DA:443,5
DA:444,5
DA:445,5
DA:446,5
DA:447,5
DA:448,5
DA:449,1
DA:450,1
DA:453,4
DA:454,3
DA:456,3
DA:457,3
DA:458,3
DA:461,0
DA:462,0
DA:464,0
DA:465,0
DA:469,0
DA:473,0
DA:478,0
DA:479,0
DA:483,0
DA:486,0
DA:488,0
DA:490,0
DA:501,1
DA:502,1
DA:506,5
DA:507,1
DA:509,1
DA:510,1
DA:511,1
DA:512,1
DA:513,1
DA:516,0
DA:518,0
DA:519,0
DA:523,5
LF:224
LH:149
BRDA:20,0,0,2
BRDA:36,1,0,0
BRDA:36,2,0,0
BRDA:36,2,1,0
BRDA:45,3,0,0
BRDA:45,3,1,0
BRDA:56,4,0,0
BRDA:70,5,0,0
BRDA:70,5,1,0
BRDA:87,6,0,1
BRDA:87,6,1,3
BRDA:101,7,0,3
BRDA:101,8,0,6
BRDA:101,8,1,4
BRDA:101,8,2,3
BRDA:127,9,0,1
BRDA:157,10,0,2
BRDA:162,11,0,5
BRDA:167,12,0,1
BRDA:176,13,0,1
BRDA:181,14,0,0
BRDA:187,15,0,0
BRDA:191,16,0,0
BRDA:201,17,0,0
BRDA:201,17,1,3
BRDA:275,18,0,0
BRDA:281,19,0,0
BRDA:291,20,0,1
BRDA:302,21,0,1
BRDA:314,22,0,0
BRDA:314,23,0,1
BRDA:314,23,1,1
BRDA:367,24,0,0
BRDA:376,25,0,0
BRDA:381,26,0,0
BRDA:388,27,0,0
BRDA:417,28,0,46
BRDA:417,28,1,44
BRDA:421,29,0,2
BRDA:425,30,0,1
BRDA:448,31,0,1
BRDA:456,32,0,3
BRDA:464,33,0,0
BRDA:469,34,0,0
BRDA:470,35,0,0
BRDA:470,35,1,0
BRDA:478,36,0,0
BRDA:486,37,0,0
BRDA:495,38,0,0
BRDA:495,38,1,0
BRDA:511,39,0,1
BRF:51
BRH:24
end_of_record
TN:
SF:src\controllers\chat_controller.ts
FN:7,(anonymous_8)
FN:7,(anonymous_9)
FN:43,(anonymous_10)
FN:43,(anonymous_11)
FN:63,(anonymous_12)
FN:63,(anonymous_13)
FN:112,(anonymous_14)
FN:112,(anonymous_15)
FNF:8
FNH:8
FNDA:5,(anonymous_8)
FNDA:5,(anonymous_9)
FNDA:2,(anonymous_10)
FNDA:2,(anonymous_11)
FNDA:3,(anonymous_12)
FNDA:3,(anonymous_13)
FNDA:2,(anonymous_14)
FNDA:2,(anonymous_15)
DA:1,5
DA:3,5
DA:4,5
DA:7,5
DA:8,5
DA:9,5
DA:11,5
DA:12,5
DA:14,5
DA:15,0
DA:16,0
DA:19,5
DA:20,5
DA:21,1
DA:22,1
DA:25,4
DA:26,4
DA:34,4
DA:35,1
DA:37,3
DA:38,3
DA:43,5
DA:44,2
DA:45,2
DA:47,2
DA:56,2
DA:58,0
DA:63,5
DA:64,3
DA:65,3
DA:67,3
DA:105,2
DA:107,1
DA:112,5
DA:113,2
DA:114,2
DA:116,2
DA:125,1
DA:127,1
DA:131,5
LF:40
LH:37
BRDA:14,0,0,0
BRDA:20,1,0,1
BRF:2
BRH:1
end_of_record
TN:
SF:src\controllers\comments_controller.ts
FN:4,(anonymous_8)
FN:4,(anonymous_9)
FN:14,(anonymous_10)
FN:14,(anonymous_11)
FN:23,(anonymous_12)
FN:23,(anonymous_13)
FN:34,(anonymous_14)
FN:34,(anonymous_15)
FN:55,(anonymous_16)
FN:55,(anonymous_17)
FNF:10
FNH:10
FNDA:1,(anonymous_8)
FNDA:1,(anonymous_9)
FNDA:2,(anonymous_10)
FNDA:2,(anonymous_11)
FNDA:1,(anonymous_12)
FNDA:1,(anonymous_13)
FNDA:1,(anonymous_14)
FNDA:1,(anonymous_15)
FNDA:1,(anonymous_16)
FNDA:1,(anonymous_17)
DA:1,5
DA:4,5
DA:5,1
DA:6,1
DA:7,1
DA:8,1
DA:10,0
DA:14,5
DA:15,2
DA:16,2
DA:17,2
DA:19,0
DA:23,5
DA:24,1
DA:25,1
DA:26,1
DA:27,1
DA:28,0
DA:30,0
DA:34,5
DA:35,1
DA:36,1
DA:38,1
DA:39,1
DA:46,1
DA:47,0
DA:49,1
DA:51,0
DA:55,5
DA:56,1
DA:58,1
DA:59,1
DA:60,1
DA:61,0
DA:63,1
DA:65,0
DA:70,5
LF:37
LH:29
BRDA:27,0,0,1
BRDA:27,0,1,0
BRDA:46,1,0,0
BRDA:60,2,0,0
BRF:4
BRH:1
end_of_record
TN:
SF:src\controllers\posts_controller.ts
FN:8,(anonymous_8)
FN:8,(anonymous_9)
FN:34,(anonymous_10)
FN:34,(anonymous_11)
FN:44,(anonymous_12)
FN:44,(anonymous_13)
FN:62,(anonymous_14)
FN:62,(anonymous_15)
FN:96,(anonymous_16)
FN:96,(anonymous_17)
FN:117,(anonymous_18)
FN:117,(anonymous_19)
FN:151,(anonymous_20)
FN:151,(anonymous_21)
FN:170,(anonymous_22)
FN:181,(anonymous_23)
FN:181,(anonymous_24)
FN:191,(anonymous_25)
FN:191,(anonymous_26)
FNF:19
FNH:16
FNDA:4,(anonymous_8)
FNDA:4,(anonymous_9)
FNDA:2,(anonymous_10)
FNDA:2,(anonymous_11)
FNDA:4,(anonymous_12)
FNDA:4,(anonymous_13)
FNDA:3,(anonymous_14)
FNDA:3,(anonymous_15)
FNDA:0,(anonymous_16)
FNDA:0,(anonymous_17)
FNDA:4,(anonymous_18)
FNDA:4,(anonymous_19)
FNDA:1,(anonymous_20)
FNDA:1,(anonymous_21)
FNDA:0,(anonymous_22)
FNDA:2,(anonymous_23)
FNDA:2,(anonymous_24)
FNDA:3,(anonymous_25)
FNDA:3,(anonymous_26)
DA:1,5
DA:3,5
DA:5,5
DA:8,5
DA:9,4
DA:10,4
DA:11,4
DA:12,4
DA:13,1
DA:14,1
DA:17,3
DA:19,3
DA:20,3
DA:22,2
DA:28,2
DA:30,1
DA:34,5
DA:35,2
DA:36,2
DA:37,1
DA:38,1
DA:40,1
DA:44,5
DA:45,4
DA:46,4
DA:47,4
DA:48,3
DA:49,2
DA:50,2
DA:52,1
DA:53,1
DA:56,1
DA:60,5
DA:62,5
DA:63,3
DA:64,3
DA:66,3
DA:67,3
DA:68,3
DA:69,1
DA:72,2
DA:77,2
DA:83,1
DA:84,0
DA:87,1
DA:88,1
DA:90,1
DA:96,5
DA:97,0
DA:99,0
DA:100,0
DA:103,0
DA:104,0
DA:106,0
DA:107,0
DA:110,0
DA:111,0
DA:113,0
DA:117,5
DA:118,4
DA:120,4
DA:121,4
DA:123,4
DA:124,1
DA:125,1
DA:128,3
DA:129,3
DA:131,3
DA:132,3
DA:133,2
DA:134,1
DA:135,1
DA:138,1
DA:140,1
DA:141,1
DA:142,1
DA:145,1
DA:147,1
DA:151,5
DA:152,1
DA:153,1
DA:154,1
DA:156,1
DA:157,0
DA:158,0
DA:161,1
DA:162,1
DA:163,0
DA:164,0
DA:167,1
DA:169,1
DA:170,0
DA:173,1
DA:174,1
DA:175,1
DA:177,0
DA:181,5
DA:182,2
DA:183,2
DA:184,1
DA:185,1
DA:187,1
DA:191,5
DA:192,3
DA:193,3
DA:194,3
DA:195,2
DA:196,1
DA:197,1
DA:199,1
DA:200,1
DA:202,1
DA:206,5
LF:113
LH:96
BRDA:12,0,0,1
BRDA:17,1,0,0
BRDA:17,1,1,3
BRDA:26,2,0,0
BRDA:26,2,1,2
BRDA:48,3,0,2
BRDA:48,3,1,1
BRDA:68,4,0,1
BRDA:72,5,0,0
BRDA:72,5,1,2
BRDA:83,6,0,0
BRDA:99,7,0,0
BRDA:106,8,0,0
BRDA:123,9,0,1
BRDA:133,10,0,1
BRDA:138,11,0,0
BRDA:140,12,0,1
BRDA:156,13,0,0
BRDA:162,14,0,0
BRDA:167,15,0,0
BRDA:195,16,0,1
BRF:21
BRH:11
end_of_record
TN:
SF:src\controllers\users_controller.ts
FN:5,(anonymous_8)
FN:5,(anonymous_9)
FN:16,(anonymous_10)
FN:16,(anonymous_11)
FN:28,(anonymous_12)
FN:28,(anonymous_13)
FN:43,(anonymous_14)
FN:43,(anonymous_15)
FNF:8
FNH:8
FNDA:2,(anonymous_8)
FNDA:2,(anonymous_9)
FNDA:3,(anonymous_10)
FNDA:3,(anonymous_11)
FNDA:3,(anonymous_12)
FNDA:3,(anonymous_13)
FNDA:2,(anonymous_14)
FNDA:2,(anonymous_15)
DA:1,5
DA:5,5
DA:6,2
DA:7,2
DA:8,2
DA:9,1
DA:11,1
DA:16,5
DA:17,3
DA:18,3
DA:19,3
DA:20,1
DA:21,0
DA:23,2
DA:28,5
DA:29,3
DA:31,3
DA:32,3
DA:33,2
DA:34,1
DA:36,1
DA:38,1
DA:43,5
DA:44,2
DA:45,2
DA:46,1
DA:48,1
DA:52,5
LF:28
LH:27
BRDA:20,0,0,1
BRDA:20,0,1,0
BRDA:33,1,0,1
BRF:3
BRH:2
end_of_record
TN:
SF:src\modules\chat_modules.ts
FNF:0
FNH:0
DA:1,5
DA:11,5
DA:36,5
DA:38,5
LF:4
LH:4
BRF:0
BRH:0
end_of_record
TN:
SF:src\modules\comments_modules.ts
FNF:0
FNH:0
DA:1,5
DA:11,5
DA:27,5
DA:29,5
LF:4
LH:4
BRF:0
BRH:0
end_of_record
TN:
SF:src\modules\post_modules.ts
FNF:0
FNH:0
DA:1,5
DA:12,5
DA:35,5
DA:37,5
LF:4
LH:4
BRF:0
BRH:0
end_of_record
TN:
SF:src\modules\user_modules.ts
FNF:0
FNH:0
DA:1,5
DA:13,5
DA:42,5
DA:44,5
LF:4
LH:4
BRF:0
BRH:0
end_of_record
TN:
SF:src\routes\auth_routes.ts
FN:313,(anonymous_10)
FNF:1
FNH:1
FNDA:1,(anonymous_10)
DA:1,5
DA:2,5
DA:3,5
DA:5,5
DA:70,5
DA:125,5
DA:163,5
DA:203,5
DA:231,5
DA:252,5
DA:278,5
DA:297,5
DA:313,5
DA:314,1
DA:317,5
LF:15
LH:15
BRF:0
BRH:0
end_of_record
TN:
SF:src\routes\chat_routes.ts
FN:59,(anonymous_8)
FN:59,(anonymous_9)
FN:101,(anonymous_10)
FN:101,(anonymous_11)
FN:135,(anonymous_12)
FN:135,(anonymous_13)
FN:177,(anonymous_14)
FN:177,(anonymous_15)
FNF:8
FNH:8
FNDA:5,(anonymous_8)
FNDA:5,(anonymous_9)
FNDA:2,(anonymous_10)
FNDA:2,(anonymous_11)
FNDA:3,(anonymous_12)
FNDA:3,(anonymous_13)
FNDA:2,(anonymous_14)
FNDA:2,(anonymous_15)
DA:1,5
DA:2,5
DA:3,5
DA:5,5
DA:59,5
DA:60,5
DA:61,5
DA:63,0
DA:98,5
DA:101,2
DA:102,2
DA:103,2
DA:105,0
DA:135,5
DA:136,3
DA:137,3
DA:139,0
DA:174,5
DA:177,2
DA:178,2
DA:179,2
DA:181,0
DA:186,5
LF:23
LH:19
BRF:0
BRH:0
end_of_record
TN:
SF:src\routes\comments_routes.ts
FN:129,(anonymous_1)
FN:196,(anonymous_2)
FNF:2
FNH:2
FNDA:1,(anonymous_1)
FNDA:1,(anonymous_2)
DA:1,5
DA:2,5
DA:3,5
DA:4,5
DA:70,5
DA:90,5
DA:129,5
DA:130,1
DA:158,5
DA:196,5
DA:197,1
DA:200,5
LF:12
LH:12
BRF:0
BRH:0
end_of_record
TN:
SF:src\routes\gemini_routes.ts
FNF:0
FNH:0
DA:1,5
DA:3,5
DA:5,5
DA:72,5
DA:74,5
LF:5
LH:5
BRF:0
BRH:0
end_of_record
TN:
SF:src\routes\posts_routes.ts
FN:90,(anonymous_8)
FN:90,(anonymous_9)
FN:226,(anonymous_10)
FNF:3
FNH:1
FNDA:0,(anonymous_8)
FNDA:0,(anonymous_9)
FNDA:3,(anonymous_10)
DA:1,5
DA:2,5
DA:3,5
DA:4,5
DA:5,5
DA:61,5
DA:90,5
DA:91,0
DA:92,0
DA:94,0
DA:124,5
DA:156,5
DA:172,5
DA:195,5
DA:226,5
DA:227,3
DA:267,5
DA:306,5
DA:308,5
LF:19
LH:16
BRF:0
BRH:0
end_of_record
TN:
SF:src\routes\users_routes.ts
FN:104,(anonymous_1)
FNF:1
FNH:1
FNDA:3,(anonymous_1)
DA:1,5
DA:2,5
DA:3,5
DA:4,5
DA:30,5
DA:53,5
DA:79,5
DA:104,5
DA:105,3
DA:108,5
LF:10
LH:10
BRF:0
BRH:0
end_of_record
