TN:
SF:dist\src\server.js
FN:2,(anonymous_0)
FN:41,(anonymous_1)
FN:42,(anonymous_2)
FN:43,(anonymous_3)
FN:44,(anonymous_4)
FN:51,(anonymous_5)
FN:54,(anonymous_6)
FNF:7
FNH:5
FNDA:40,(anonymous_0)
FNDA:0,(anonymous_1)
FNDA:4,(anonymous_2)
FNDA:4,(anonymous_3)
FNDA:4,(anonymous_4)
FNDA:4,(anonymous_5)
FNDA:0,(anonymous_6)
DA:2,4
DA:3,40
DA:5,4
DA:8,4
DA:9,4
DA:10,4
DA:11,4
DA:12,4
DA:13,4
DA:14,4
DA:15,4
DA:16,4
DA:17,4
DA:18,4
DA:19,4
DA:20,4
DA:21,4
DA:22,4
DA:23,4
DA:24,4
DA:25,4
DA:26,4
DA:38,4
DA:39,4
DA:40,4
DA:41,4
DA:42,4
DA:43,4
DA:44,4
DA:45,4
DA:46,0
DA:49,4
DA:52,4
DA:55,0
DA:60,4
LF:35
LH:33
BRDA:2,0,0,4
BRDA:2,0,1,4
BRDA:2,0,2,4
BRDA:3,1,0,16
BRDA:3,1,1,24
BRDA:3,2,0,40
BRDA:3,2,1,40
BRDA:45,3,0,0
BRDA:45,3,1,4
BRF:9
BRH:8
end_of_record
TN:
SF:dist\src\controllers\auth_controller.js
FN:2,(anonymous_0)
FN:3,adopt
FN:3,(anonymous_2)
FN:4,(anonymous_3)
FN:5,fulfilled
FN:6,rejected
FN:7,step
FN:11,(anonymous_7)
FN:19,(anonymous_8)
FN:19,(anonymous_9)
FN:35,(anonymous_10)
FN:54,(anonymous_11)
FN:54,(anonymous_12)
FN:91,(anonymous_13)
FN:92,(anonymous_14)
FN:103,(anonymous_15)
FN:103,(anonymous_16)
FN:123,(anonymous_17)
FN:134,(anonymous_18)
FN:134,(anonymous_19)
FN:144,(anonymous_20)
FN:144,(anonymous_21)
FN:172,(anonymous_22)
FN:185,(anonymous_23)
FNF:24
FNH:24
FNDA:28,(anonymous_0)
FNDA:58,adopt
FNDA:15,(anonymous_2)
FNDA:28,(anonymous_3)
FNDA:49,fulfilled
FNDA:9,rejected
FNDA:86,step
FNDA:12,(anonymous_7)
FNDA:6,(anonymous_8)
FNDA:6,(anonymous_9)
FNDA:8,(anonymous_10)
FNDA:8,(anonymous_11)
FNDA:8,(anonymous_12)
FNDA:7,(anonymous_13)
FNDA:7,(anonymous_14)
FNDA:7,(anonymous_15)
FNDA:7,(anonymous_16)
FNDA:9,(anonymous_17)
FNDA:1,(anonymous_18)
FNDA:1,(anonymous_19)
FNDA:6,(anonymous_20)
FNDA:6,(anonymous_21)
FNDA:14,(anonymous_22)
FNDA:8,(anonymous_23)
DA:2,4
DA:3,58
DA:4,28
DA:5,49
DA:6,9
DA:7,86
DA:8,28
DA:11,4
DA:12,12
DA:14,4
DA:15,4
DA:16,4
DA:17,4
DA:18,4
DA:19,6
DA:20,6
DA:21,6
DA:22,6
DA:23,6
DA:24,5
DA:29,1
DA:32,5
DA:35,4
DA:36,8
DA:37,0
DA:40,8
DA:41,8
DA:45,8
DA:49,8
DA:54,8
DA:55,8
DA:56,8
DA:57,8
DA:58,1
DA:59,1
DA:61,7
DA:62,7
DA:63,1
DA:64,1
DA:66,6
DA:67,0
DA:68,0
DA:71,6
DA:72,6
DA:73,0
DA:74,0
DA:76,6
DA:77,0
DA:79,6
DA:80,6
DA:81,6
DA:88,0
DA:91,4
DA:92,7
DA:94,7
DA:95,0
DA:96,0
DA:99,7
DA:100,0
DA:101,0
DA:103,7
DA:104,7
DA:105,0
DA:106,0
DA:109,7
DA:110,7
DA:112,7
DA:113,7
DA:114,1
DA:115,1
DA:117,6
DA:118,3
DA:119,3
DA:120,3
DA:121,3
DA:123,9
DA:124,3
DA:125,3
DA:128,0
DA:129,0
DA:134,4
DA:135,1
DA:136,1
DA:137,1
DA:138,1
DA:141,0
DA:144,6
DA:145,6
DA:146,6
DA:147,2
DA:148,0
DA:149,0
DA:151,2
DA:152,2
DA:153,0
DA:154,0
DA:156,2
DA:157,0
DA:159,2
DA:160,2
DA:161,2
DA:169,4
DA:172,4
DA:173,14
DA:174,14
DA:175,14
DA:176,14
DA:177,6
DA:178,6
DA:179,6
DA:181,8
DA:182,0
DA:183,0
DA:185,8
DA:186,8
DA:187,1
DA:188,1
DA:190,7
DA:191,7
DA:194,4
DA:195,4
LF:121
LH:98
BRDA:2,0,0,4
BRDA:2,0,1,4
BRDA:2,0,2,4
BRDA:3,1,0,43
BRDA:3,1,1,15
BRDA:4,2,0,28
BRDA:4,2,1,28
BRDA:7,3,0,28
BRDA:7,3,1,58
BRDA:8,4,0,28
BRDA:8,4,1,28
BRDA:11,5,0,4
BRDA:11,5,1,4
BRDA:11,5,2,4
BRDA:12,6,0,4
BRDA:12,6,1,8
BRDA:12,7,0,12
BRDA:12,7,1,12
BRDA:36,8,0,0
BRDA:36,8,1,8
BRDA:57,9,0,1
BRDA:57,9,1,7
BRDA:62,10,0,1
BRDA:62,10,1,6
BRDA:66,11,0,0
BRDA:66,11,1,6
BRDA:72,12,0,0
BRDA:72,12,1,6
BRDA:76,13,0,0
BRDA:76,13,1,6
BRDA:94,14,0,0
BRDA:94,14,1,7
BRDA:99,15,0,0
BRDA:99,15,1,7
BRDA:104,16,0,0
BRDA:104,16,1,7
BRDA:113,17,0,1
BRDA:113,17,1,6
BRDA:117,18,0,3
BRDA:117,18,1,3
BRDA:117,19,0,6
BRDA:117,19,1,6
BRDA:147,20,0,0
BRDA:147,20,1,2
BRDA:152,21,0,0
BRDA:152,21,1,2
BRDA:156,22,0,0
BRDA:156,22,1,2
BRDA:175,23,0,14
BRDA:175,23,1,8
BRDA:176,24,0,6
BRDA:176,24,1,8
BRDA:181,25,0,0
BRDA:181,25,1,8
BRDA:186,26,0,1
BRDA:186,26,1,7
BRF:56
BRH:45
end_of_record
TN:
SF:dist\src\controllers\comments_controller.js
FN:2,(anonymous_0)
FN:3,adopt
FN:3,(anonymous_2)
FN:4,(anonymous_3)
FN:5,fulfilled
FN:6,rejected
FN:7,step
FN:11,(anonymous_7)
FN:16,(anonymous_8)
FN:16,(anonymous_9)
FN:26,(anonymous_10)
FN:26,(anonymous_11)
FN:35,(anonymous_12)
FN:35,(anonymous_13)
FN:48,(anonymous_14)
FN:48,(anonymous_15)
FN:64,(anonymous_16)
FN:64,(anonymous_17)
FNF:18
FNH:17
FNDA:6,(anonymous_0)
FNDA:6,adopt
FNDA:5,(anonymous_2)
FNDA:6,(anonymous_3)
FNDA:6,fulfilled
FNDA:0,rejected
FNDA:12,step
FNDA:4,(anonymous_7)
FNDA:1,(anonymous_8)
FNDA:1,(anonymous_9)
FNDA:2,(anonymous_10)
FNDA:2,(anonymous_11)
FNDA:1,(anonymous_12)
FNDA:1,(anonymous_13)
FNDA:1,(anonymous_14)
FNDA:1,(anonymous_15)
FNDA:1,(anonymous_16)
FNDA:1,(anonymous_17)
DA:2,4
DA:3,6
DA:4,6
DA:5,6
DA:6,0
DA:7,12
DA:8,6
DA:11,4
DA:12,4
DA:14,4
DA:15,4
DA:16,4
DA:17,1
DA:18,1
DA:19,1
DA:20,1
DA:23,0
DA:26,4
DA:27,2
DA:28,2
DA:29,2
DA:32,0
DA:35,4
DA:36,1
DA:37,1
DA:38,1
DA:39,1
DA:40,1
DA:42,0
DA:45,0
DA:48,4
DA:49,1
DA:50,1
DA:51,1
DA:52,1
DA:55,1
DA:56,0
DA:58,1
DA:61,0
DA:64,4
DA:65,1
DA:66,1
DA:67,1
DA:68,1
DA:69,0
DA:71,1
DA:74,0
DA:77,4
LF:48
LH:39
BRDA:2,0,0,4
BRDA:2,0,1,4
BRDA:2,0,2,4
BRDA:3,1,0,1
BRDA:3,1,1,5
BRDA:4,2,0,6
BRDA:4,2,1,6
BRDA:7,3,0,6
BRDA:7,3,1,6
BRDA:8,4,0,6
BRDA:8,4,1,6
BRDA:11,5,0,4
BRDA:11,5,1,4
BRDA:11,5,2,4
BRDA:12,6,0,4
BRDA:12,6,1,0
BRDA:12,7,0,4
BRDA:12,7,1,4
BRDA:39,8,0,1
BRDA:39,8,1,0
BRDA:55,9,0,0
BRDA:55,9,1,1
BRDA:68,10,0,0
BRDA:68,10,1,1
BRF:24
BRH:20
end_of_record
TN:
SF:dist\src\controllers\posts_controller.js
FN:2,(anonymous_0)
FN:3,adopt
FN:3,(anonymous_2)
FN:4,(anonymous_3)
FN:5,fulfilled
FN:6,rejected
FN:7,step
FN:11,(anonymous_7)
FN:16,(anonymous_8)
FN:16,(anonymous_9)
FN:27,(anonymous_10)
FN:27,(anonymous_11)
FN:38,(anonymous_12)
FN:38,(anonymous_13)
FN:53,(anonymous_14)
FN:53,(anonymous_15)
FN:62,(anonymous_16)
FN:62,(anonymous_17)
FN:80,(anonymous_18)
FN:80,(anonymous_19)
FNF:20
FNH:19
FNDA:8,(anonymous_0)
FNDA:8,adopt
FNDA:6,(anonymous_2)
FNDA:8,(anonymous_3)
FNDA:8,fulfilled
FNDA:0,rejected
FNDA:16,step
FNDA:4,(anonymous_7)
FNDA:2,(anonymous_8)
FNDA:2,(anonymous_9)
FNDA:2,(anonymous_10)
FNDA:2,(anonymous_11)
FNDA:1,(anonymous_12)
FNDA:1,(anonymous_13)
FNDA:1,(anonymous_14)
FNDA:1,(anonymous_15)
FNDA:1,(anonymous_16)
FNDA:1,(anonymous_17)
FNDA:1,(anonymous_18)
FNDA:1,(anonymous_19)
DA:2,4
DA:3,8
DA:4,8
DA:5,8
DA:6,0
DA:7,16
DA:8,8
DA:11,4
DA:12,4
DA:14,4
DA:15,4
DA:16,4
DA:17,2
DA:18,2
DA:19,2
DA:20,2
DA:21,2
DA:24,0
DA:27,4
DA:28,2
DA:29,2
DA:30,2
DA:31,2
DA:32,2
DA:35,0
DA:38,4
DA:39,1
DA:40,1
DA:41,1
DA:42,1
DA:43,1
DA:46,0
DA:50,0
DA:53,4
DA:54,1
DA:55,1
DA:56,1
DA:59,0
DA:62,4
DA:63,1
DA:64,1
DA:65,1
DA:66,1
DA:69,1
DA:70,0
DA:72,1
DA:75,0
DA:80,4
DA:81,1
DA:82,1
DA:83,0
DA:85,1
DA:86,1
DA:87,1
DA:88,0
DA:90,1
DA:93,0
DA:94,0
DA:97,4
LF:59
LH:47
BRDA:2,0,0,4
BRDA:2,0,1,4
BRDA:2,0,2,4
BRDA:3,1,0,2
BRDA:3,1,1,6
BRDA:4,2,0,8
BRDA:4,2,1,8
BRDA:7,3,0,8
BRDA:7,3,1,8
BRDA:8,4,0,8
BRDA:8,4,1,8
BRDA:11,5,0,4
BRDA:11,5,1,4
BRDA:11,5,2,4
BRDA:12,6,0,4
BRDA:12,6,1,0
BRDA:12,7,0,4
BRDA:12,7,1,4
BRDA:42,8,0,1
BRDA:42,8,1,0
BRDA:69,9,0,0
BRDA:69,9,1,1
BRDA:82,10,0,0
BRDA:82,10,1,1
BRDA:87,11,0,0
BRDA:87,11,1,1
BRF:26
BRH:21
end_of_record
TN:
SF:dist\src\controllers\users_controller.js
FN:2,(anonymous_0)
FN:3,adopt
FN:3,(anonymous_2)
FN:4,(anonymous_3)
FN:5,fulfilled
FN:6,rejected
FN:7,step
FN:11,(anonymous_7)
FN:17,(anonymous_8)
FN:17,(anonymous_9)
FN:28,(anonymous_10)
FN:28,(anonymous_11)
FN:42,(anonymous_12)
FN:42,(anonymous_13)
FN:59,(anonymous_14)
FN:59,(anonymous_15)
FN:76,(anonymous_16)
FN:76,(anonymous_17)
FN:90,(anonymous_18)
FN:90,(anonymous_19)
FNF:20
FNH:13
FNDA:3,(anonymous_0)
FNDA:3,adopt
FNDA:2,(anonymous_2)
FNDA:3,(anonymous_3)
FNDA:3,fulfilled
FNDA:0,rejected
FNDA:6,step
FNDA:4,(anonymous_7)
FNDA:1,(anonymous_8)
FNDA:1,(anonymous_9)
FNDA:1,(anonymous_10)
FNDA:1,(anonymous_11)
FNDA:0,(anonymous_12)
FNDA:0,(anonymous_13)
FNDA:0,(anonymous_14)
FNDA:0,(anonymous_15)
FNDA:0,(anonymous_16)
FNDA:0,(anonymous_17)
FNDA:1,(anonymous_18)
FNDA:1,(anonymous_19)
DA:2,4
DA:3,3
DA:4,3
DA:5,3
DA:6,0
DA:7,6
DA:8,3
DA:11,4
DA:12,4
DA:14,4
DA:15,4
DA:17,4
DA:18,1
DA:19,1
DA:20,1
DA:21,1
DA:24,0
DA:28,4
DA:29,1
DA:30,1
DA:31,1
DA:32,1
DA:33,1
DA:35,0
DA:38,0
DA:42,4
DA:43,0
DA:44,0
DA:45,0
DA:46,0
DA:49,0
DA:50,0
DA:52,0
DA:55,0
DA:59,4
DA:60,0
DA:61,0
DA:62,0
DA:63,0
DA:66,0
DA:67,0
DA:69,0
DA:72,0
DA:76,4
DA:77,0
DA:78,0
DA:79,0
DA:80,0
DA:81,0
DA:83,0
DA:86,0
DA:90,4
DA:91,1
DA:92,1
DA:93,1
DA:96,0
DA:99,4
LF:57
LH:29
BRDA:2,0,0,4
BRDA:2,0,1,4
BRDA:2,0,2,4
BRDA:3,1,0,1
BRDA:3,1,1,2
BRDA:4,2,0,3
BRDA:4,2,1,3
BRDA:7,3,0,3
BRDA:7,3,1,3
BRDA:8,4,0,3
BRDA:8,4,1,3
BRDA:11,5,0,4
BRDA:11,5,1,4
BRDA:11,5,2,4
BRDA:12,6,0,4
BRDA:12,6,1,0
BRDA:12,7,0,4
BRDA:12,7,1,4
BRDA:32,8,0,1
BRDA:32,8,1,0
BRDA:49,9,0,0
BRDA:49,9,1,0
BRDA:66,10,0,0
BRDA:66,10,1,0
BRDA:80,11,0,0
BRDA:80,11,1,0
BRF:26
BRH:18
end_of_record
TN:
SF:dist\src\modules\comments_modules.js
FN:2,(anonymous_0)
FNF:1
FNH:1
FNDA:4,(anonymous_0)
DA:2,4
DA:3,4
DA:5,4
DA:6,4
DA:7,4
DA:21,4
DA:22,4
LF:7
LH:7
BRDA:2,0,0,4
BRDA:2,0,1,4
BRDA:2,0,2,4
BRDA:3,1,0,0
BRDA:3,1,1,4
BRDA:3,2,0,4
BRDA:3,2,1,4
BRF:7
BRH:6
end_of_record
TN:
SF:dist\src\modules\post_modules.js
FN:2,(anonymous_0)
FNF:1
FNH:1
FNDA:4,(anonymous_0)
DA:2,4
DA:3,4
DA:5,4
DA:6,4
DA:7,4
DA:17,4
DA:18,4
LF:7
LH:7
BRDA:2,0,0,4
BRDA:2,0,1,4
BRDA:2,0,2,4
BRDA:3,1,0,0
BRDA:3,1,1,4
BRDA:3,2,0,4
BRDA:3,2,1,4
BRF:7
BRH:6
end_of_record
TN:
SF:dist\src\modules\user_modules.js
FN:2,(anonymous_0)
FNF:1
FNH:1
FNDA:4,(anonymous_0)
DA:2,4
DA:3,4
DA:5,4
DA:6,4
DA:7,4
DA:26,4
DA:27,4
LF:7
LH:7
BRDA:2,0,0,4
BRDA:2,0,1,4
BRDA:2,0,2,4
BRDA:3,1,0,0
BRDA:3,1,1,4
BRDA:3,2,0,4
BRDA:3,2,1,4
BRF:7
BRH:6
end_of_record
TN:
SF:dist\src\routes\auth_routes.js
FN:2,(anonymous_0)
FNF:1
FNH:1
FNDA:8,(anonymous_0)
DA:2,4
DA:3,8
DA:5,4
DA:6,4
DA:7,4
DA:8,4
DA:68,4
DA:105,4
DA:143,4
DA:170,4
DA:171,4
LF:11
LH:11
BRDA:2,0,0,4
BRDA:2,0,1,4
BRDA:2,0,2,4
BRDA:3,1,0,4
BRDA:3,1,1,4
BRDA:3,2,0,8
BRDA:3,2,1,8
BRF:7
BRH:7
end_of_record
TN:
SF:dist\src\routes\comments_routes.js
FN:2,(anonymous_0)
FN:134,(anonymous_1)
FN:197,(anonymous_2)
FNF:3
FNH:3
FNDA:8,(anonymous_0)
FNDA:1,(anonymous_1)
FNDA:1,(anonymous_2)
DA:2,4
DA:3,8
DA:5,4
DA:6,4
DA:7,4
DA:8,4
DA:9,4
DA:81,4
DA:98,4
DA:134,4
DA:135,1
DA:137,4
DA:159,4
DA:197,4
DA:198,1
DA:200,4
LF:16
LH:16
BRDA:2,0,0,4
BRDA:2,0,1,4
BRDA:2,0,2,4
BRDA:3,1,0,4
BRDA:3,1,1,4
BRDA:3,2,0,8
BRDA:3,2,1,8
BRF:7
BRH:7
end_of_record
TN:
SF:dist\src\routes\posts_routes.js
FN:2,(anonymous_0)
FN:87,(anonymous_1)
FN:179,(anonymous_2)
FNF:3
FNH:3
FNDA:8,(anonymous_0)
FNDA:1,(anonymous_1)
FNDA:1,(anonymous_2)
DA:2,4
DA:3,8
DA:5,4
DA:6,4
DA:7,4
DA:8,4
DA:9,4
DA:61,4
DA:87,4
DA:88,1
DA:112,4
DA:136,4
DA:151,4
DA:179,4
DA:180,1
DA:182,4
LF:16
LH:16
BRDA:2,0,0,4
BRDA:2,0,1,4
BRDA:2,0,2,4
BRDA:3,1,0,4
BRDA:3,1,1,4
BRDA:3,2,0,8
BRDA:3,2,1,8
BRF:7
BRH:7
end_of_record
TN:
SF:dist\src\routes\users_routes.js
FN:2,(anonymous_0)
FN:111,(anonymous_1)
FN:147,(anonymous_2)
FN:173,(anonymous_3)
FNF:4
FNH:1
FNDA:8,(anonymous_0)
FNDA:0,(anonymous_1)
FNDA:0,(anonymous_2)
FNDA:0,(anonymous_3)
DA:2,4
DA:3,8
DA:5,4
DA:6,4
DA:7,4
DA:8,4
DA:9,4
DA:32,4
DA:53,4
DA:77,4
DA:111,4
DA:112,0
DA:147,4
DA:148,0
DA:173,4
DA:174,0
DA:176,4
LF:17
LH:14
BRDA:2,0,0,4
BRDA:2,0,1,4
BRDA:2,0,2,4
BRDA:3,1,0,4
BRDA:3,1,1,4
BRDA:3,2,0,8
BRDA:3,2,1,8
BRF:7
BRH:7
end_of_record
TN:
SF:src\server.ts
FN:40,(anonymous_1)
FN:41,(anonymous_2)
FN:43,(anonymous_3)
FN:44,(anonymous_4)
FN:50,(anonymous_5)
FN:53,(anonymous_6)
FNF:6
FNH:4
FNDA:0,(anonymous_1)
FNDA:4,(anonymous_2)
FNDA:4,(anonymous_3)
FNDA:4,(anonymous_4)
FNDA:4,(anonymous_5)
FNDA:0,(anonymous_6)
DA:3,4
DA:4,4
DA:5,4
DA:6,4
DA:7,4
DA:8,4
DA:9,4
DA:10,4
DA:11,4
DA:12,4
DA:13,4
DA:15,4
DA:16,4
DA:17,4
DA:18,4
DA:19,4
DA:20,4
DA:21,4
DA:23,4
DA:35,4
DA:36,4
DA:39,4
DA:40,4
DA:41,4
DA:43,4
DA:44,4
DA:45,4
DA:46,0
DA:48,4
DA:51,4
DA:54,0
DA:60,4
LF:32
LH:30
BRDA:45,0,0,0
BRDA:45,0,1,4
BRF:2
BRH:1
end_of_record
TN:
SF:src\controllers\auth_controller.ts
FN:7,(anonymous_8)
FN:7,(anonymous_9)
FN:28,(anonymous_10)
FN:57,(anonymous_11)
FN:57,(anonymous_12)
FN:107,(anonymous_13)
FN:108,(anonymous_14)
FN:122,(anonymous_15)
FN:122,(anonymous_16)
FN:143,(anonymous_17)
FN:157,(anonymous_18)
FN:157,(anonymous_19)
FN:168,(anonymous_20)
FN:168,(anonymous_21)
FN:201,(anonymous_22)
FN:221,(anonymous_23)
FNF:16
FNH:16
FNDA:6,(anonymous_8)
FNDA:6,(anonymous_9)
FNDA:9,(anonymous_10)
FNDA:8,(anonymous_11)
FNDA:8,(anonymous_12)
FNDA:7,(anonymous_13)
FNDA:7,(anonymous_14)
FNDA:7,(anonymous_15)
FNDA:7,(anonymous_16)
FNDA:10,(anonymous_17)
FNDA:1,(anonymous_18)
FNDA:1,(anonymous_19)
FNDA:6,(anonymous_20)
FNDA:6,(anonymous_21)
FNDA:15,(anonymous_22)
FNDA:9,(anonymous_23)
DA:2,4
DA:3,4
DA:4,4
DA:7,6
DA:8,6
DA:9,6
DA:10,6
DA:11,6
DA:12,5
DA:17,1
DA:19,5
DA:28,4
DA:29,9
DA:30,0
DA:33,9
DA:34,9
DA:43,9
DA:51,9
DA:57,8
DA:58,8
DA:59,8
DA:60,8
DA:61,1
DA:62,1
DA:64,7
DA:68,7
DA:69,1
DA:70,1
DA:72,6
DA:73,0
DA:74,0
DA:77,6
DA:78,6
DA:79,0
DA:80,0
DA:82,6
DA:83,0
DA:85,6
DA:86,6
DA:87,6
DA:93,0
DA:107,4
DA:108,7
DA:110,7
DA:111,0
DA:112,0
DA:115,7
DA:116,0
DA:117,0
DA:119,7
DA:122,7
DA:123,7
DA:124,0
DA:125,0
DA:128,7
DA:129,7
DA:131,7
DA:132,7
DA:133,0
DA:134,0
DA:136,7
DA:137,3
DA:138,3
DA:139,3
DA:140,3
DA:142,4
DA:143,10
DA:145,4
DA:147,4
DA:149,0
DA:150,0
DA:157,4
DA:158,1
DA:159,1
DA:161,1
DA:162,1
DA:164,0
DA:168,6
DA:169,6
DA:170,6
DA:171,3
DA:172,0
DA:173,0
DA:175,3
DA:177,3
DA:178,0
DA:179,0
DA:181,3
DA:182,0
DA:184,3
DA:185,3
DA:186,3
DA:193,3
DA:201,4
DA:206,15
DA:208,15
DA:209,15
DA:211,15
DA:212,6
DA:213,6
DA:214,6
DA:216,9
DA:217,0
DA:218,0
DA:221,9
DA:222,9
DA:223,1
DA:224,1
DA:227,8
DA:228,8
DA:232,4
LF:111
LH:86
BRDA:29,0,0,0
BRDA:60,1,0,1
BRDA:68,2,0,1
BRDA:72,3,0,0
BRDA:78,4,0,0
BRDA:82,5,0,0
BRDA:110,6,0,0
BRDA:115,7,0,0
BRDA:123,8,0,0
BRDA:132,9,0,0
BRDA:136,10,0,3
BRDA:136,11,0,7
BRDA:136,11,1,7
BRDA:171,12,0,0
BRDA:177,13,0,0
BRDA:181,14,0,0
BRDA:209,15,0,15
BRDA:209,15,1,9
BRDA:211,16,0,6
BRDA:216,17,0,0
BRDA:222,18,0,1
BRF:21
BRH:9
end_of_record
TN:
SF:src\controllers\comments_controller.ts
FN:4,(anonymous_8)
FN:4,(anonymous_9)
FN:14,(anonymous_10)
FN:14,(anonymous_11)
FN:23,(anonymous_12)
FN:23,(anonymous_13)
FN:34,(anonymous_14)
FN:34,(anonymous_15)
FN:55,(anonymous_16)
FN:55,(anonymous_17)
FNF:10
FNH:10
FNDA:1,(anonymous_8)
FNDA:1,(anonymous_9)
FNDA:2,(anonymous_10)
FNDA:2,(anonymous_11)
FNDA:1,(anonymous_12)
FNDA:1,(anonymous_13)
FNDA:1,(anonymous_14)
FNDA:1,(anonymous_15)
FNDA:1,(anonymous_16)
FNDA:1,(anonymous_17)
DA:1,4
DA:4,4
DA:5,1
DA:6,1
DA:7,1
DA:8,1
DA:10,0
DA:14,4
DA:15,2
DA:16,2
DA:17,2
DA:19,0
DA:23,4
DA:24,1
DA:25,1
DA:26,1
DA:27,1
DA:28,0
DA:30,0
DA:34,4
DA:35,1
DA:36,1
DA:38,1
DA:39,1
DA:46,1
DA:47,0
DA:49,1
DA:51,0
DA:55,4
DA:56,1
DA:58,1
DA:59,1
DA:60,1
DA:61,0
DA:63,1
DA:65,0
DA:70,4
LF:37
LH:29
BRDA:27,0,0,1
BRDA:27,0,1,0
BRDA:46,1,0,0
BRDA:60,2,0,0
BRF:4
BRH:1
end_of_record
TN:
SF:src\controllers\posts_controller.ts
FN:4,(anonymous_8)
FN:4,(anonymous_9)
FN:15,(anonymous_10)
FN:15,(anonymous_11)
FN:26,(anonymous_12)
FN:26,(anonymous_13)
FN:43,(anonymous_14)
FN:43,(anonymous_15)
FN:52,(anonymous_16)
FN:52,(anonymous_17)
FN:71,(anonymous_18)
FN:71,(anonymous_19)
FNF:12
FNH:12
FNDA:3,(anonymous_8)
FNDA:3,(anonymous_9)
FNDA:2,(anonymous_10)
FNDA:2,(anonymous_11)
FNDA:1,(anonymous_12)
FNDA:1,(anonymous_13)
FNDA:1,(anonymous_14)
FNDA:1,(anonymous_15)
FNDA:1,(anonymous_16)
FNDA:1,(anonymous_17)
FNDA:1,(anonymous_18)
FNDA:1,(anonymous_19)
DA:1,4
DA:4,4
DA:5,3
DA:6,3
DA:7,3
DA:8,3
DA:9,3
DA:11,0
DA:15,4
DA:16,2
DA:17,2
DA:18,2
DA:19,2
DA:20,2
DA:22,0
DA:26,4
DA:27,1
DA:28,1
DA:29,1
DA:30,1
DA:32,1
DA:36,0
DA:39,0
DA:43,4
DA:44,1
DA:45,1
DA:46,1
DA:48,0
DA:52,4
DA:53,1
DA:54,1
DA:56,1
DA:57,1
DA:60,1
DA:61,0
DA:63,1
DA:65,0
DA:71,4
DA:72,1
DA:73,1
DA:74,0
DA:77,1
DA:78,1
DA:80,1
DA:81,0
DA:84,1
DA:86,0
DA:87,0
DA:91,4
LF:49
LH:38
BRDA:30,0,0,1
BRDA:30,0,1,0
BRDA:60,1,0,0
BRDA:73,2,0,0
BRDA:80,3,0,0
BRF:5
BRH:1
end_of_record
TN:
SF:src\controllers\users_controller.ts
FN:5,(anonymous_8)
FN:5,(anonymous_9)
FN:16,(anonymous_10)
FN:16,(anonymous_11)
FN:28,(anonymous_12)
FN:28,(anonymous_13)
FN:50,(anonymous_14)
FN:50,(anonymous_15)
FN:72,(anonymous_16)
FN:72,(anonymous_17)
FN:87,(anonymous_18)
FN:87,(anonymous_19)
FNF:12
FNH:6
FNDA:1,(anonymous_8)
FNDA:1,(anonymous_9)
FNDA:1,(anonymous_10)
FNDA:1,(anonymous_11)
FNDA:0,(anonymous_12)
FNDA:0,(anonymous_13)
FNDA:0,(anonymous_14)
FNDA:0,(anonymous_15)
FNDA:0,(anonymous_16)
FNDA:0,(anonymous_17)
FNDA:1,(anonymous_18)
FNDA:1,(anonymous_19)
DA:1,4
DA:5,4
DA:6,1
DA:7,1
DA:8,1
DA:9,1
DA:11,0
DA:16,4
DA:17,1
DA:18,1
DA:19,1
DA:20,1
DA:21,0
DA:23,0
DA:28,4
DA:29,0
DA:30,0
DA:32,0
DA:33,0
DA:40,0
DA:41,0
DA:43,0
DA:45,0
DA:50,4
DA:51,0
DA:52,0
DA:54,0
DA:55,0
DA:62,0
DA:63,0
DA:65,0
DA:67,0
DA:72,4
DA:73,0
DA:75,0
DA:76,0
DA:77,0
DA:78,0
DA:80,0
DA:82,0
DA:87,4
DA:88,1
DA:89,1
DA:90,1
DA:92,0
DA:96,4
LF:46
LH:19
BRDA:20,0,0,1
BRDA:20,0,1,0
BRDA:40,1,0,0
BRDA:62,2,0,0
BRDA:77,3,0,0
BRF:5
BRH:1
end_of_record
TN:
SF:src\modules\comments_modules.ts
FNF:0
FNH:0
DA:1,4
DA:11,4
DA:27,4
DA:29,4
LF:4
LH:4
BRF:0
BRH:0
end_of_record
TN:
SF:src\modules\post_modules.ts
FNF:0
FNH:0
DA:1,4
DA:8,4
DA:19,4
DA:21,4
LF:4
LH:4
BRF:0
BRH:0
end_of_record
TN:
SF:src\modules\user_modules.ts
FNF:0
FNH:0
DA:1,4
DA:11,4
DA:31,4
DA:33,4
LF:4
LH:4
BRF:0
BRH:0
end_of_record
TN:
SF:src\routes\auth_routes.ts
FNF:0
FNH:0
DA:1,4
DA:2,4
DA:3,4
DA:68,4
DA:106,4
DA:146,4
DA:174,4
DA:176,4
LF:8
LH:8
BRF:0
BRH:0
end_of_record
TN:
SF:src\routes\comments_routes.ts
FN:136,(anonymous_1)
FN:201,(anonymous_2)
FNF:2
FNH:2
FNDA:1,(anonymous_1)
FNDA:1,(anonymous_2)
DA:1,4
DA:2,4
DA:3,4
DA:4,4
DA:81,4
DA:99,4
DA:136,4
DA:137,1
DA:140,4
DA:162,4
DA:201,4
DA:202,1
DA:205,4
LF:13
LH:13
BRF:0
BRH:0
end_of_record
TN:
SF:src\routes\posts_routes.ts
FN:87,(anonymous_1)
FN:183,(anonymous_2)
FNF:2
FNH:2
FNDA:1,(anonymous_1)
FNDA:1,(anonymous_2)
DA:1,4
DA:2,4
DA:3,4
DA:4,4
DA:60,4
DA:87,4
DA:88,1
DA:113,4
DA:138,4
DA:154,4
DA:183,4
DA:184,1
DA:187,4
LF:13
LH:13
BRF:0
BRH:0
end_of_record
TN:
SF:src\routes\users_routes.ts
FN:114,(anonymous_1)
FN:151,(anonymous_2)
FN:178,(anonymous_3)
FNF:3
FNH:0
FNDA:0,(anonymous_1)
FNDA:0,(anonymous_2)
FNDA:0,(anonymous_3)
DA:1,4
DA:2,4
DA:3,4
DA:4,4
DA:30,4
DA:53,4
DA:79,4
DA:114,4
DA:115,0
DA:151,4
DA:152,0
DA:178,4
DA:179,0
DA:182,4
LF:14
LH:11
BRF:0
BRH:0
end_of_record
